[ 2016-06-20T13:53:32+08:00 ] 127.0.0.1 /mytkp/index.php/Home/User/login
INFO: [ app_init ] --START--
INFO: Run Behavior\BuildLiteBehavior [ RunTime:0.001000s ]
INFO: [ app_init ] --END-- [ RunTime:0.003000s ]
INFO: [ app_begin ] --START--
INFO: Run Behavior\ReadHtmlCacheBehavior [ RunTime:0.002000s ]
INFO: [ app_begin ] --END-- [ RunTime:0.004000s ]
INFO: [ app_end ] --START--
INFO: Run Behavior\ShowPageTraceBehavior [ RunTime:0.003000s ]
INFO: [ app_end ] --END-- [ RunTime:0.007000s ]

[ 2016-06-20T13:53:35+08:00 ] 127.0.0.1 /mytkp/index.php/Home/Class/classManage
INFO: [ app_init ] --START--
INFO: Run Behavior\BuildLiteBehavior [ RunTime:0.000000s ]
INFO: [ app_init ] --END-- [ RunTime:0.003000s ]
INFO: [ app_begin ] --START--
INFO: Run Behavior\ReadHtmlCacheBehavior [ RunTime:0.002001s ]
INFO: [ app_begin ] --END-- [ RunTime:0.004001s ]
SQL: SHOW COLUMNS FROM `class` [ RunTime:0.0050s ]
INFO: [ view_parse ] --START--
INFO: [ template_filter ] --START--
INFO: Run Behavior\ContentReplaceBehavior [ RunTime:0.002000s ]
INFO: [ template_filter ] --END-- [ RunTime:0.004000s ]
INFO: Run Behavior\ParseTemplateBehavior [ RunTime:0.039002s ]
INFO: [ view_parse ] --END-- [ RunTime:0.041002s ]
INFO: [ view_filter ] --START--
INFO: Run Behavior\WriteHtmlCacheBehavior [ RunTime:0.001000s ]
INFO: [ view_filter ] --END-- [ RunTime:0.003000s ]
INFO: [ app_end ] --START--
INFO: Run Behavior\ShowPageTraceBehavior [ RunTime:0.001000s ]
INFO: [ app_end ] --END-- [ RunTime:0.004000s ]

[ 2016-06-20T13:53:37+08:00 ] 127.0.0.1 /mytkp/index.php/Home/Class/loadClassByPage?pageNo=1&pageSize=10&page=1&rows=10
INFO: [ app_init ] --START--
INFO: Run Behavior\BuildLiteBehavior [ RunTime:0.001000s ]
INFO: [ app_init ] --END-- [ RunTime:0.003000s ]
INFO: [ app_begin ] --START--
INFO: Run Behavior\ReadHtmlCacheBehavior [ RunTime:0.001000s ]
INFO: [ app_begin ] --END-- [ RunTime:0.003000s ]
SQL: SHOW COLUMNS FROM `class` [ RunTime:0.0070s ]
SQL: select count(*) as cc from class c,tb_user u1,tb_user u2 where c.headerid=u1.uid and c.managerid=u2.uid [ RunTime:0.0020s ]
SQL: select c.cid,c.name,c.classtype,c.status,
            c.createtime,c.begintime,c.endtime,u1.truename headername,
            u2.truename managername,c.stucount,c.remark from class c,tb_user u1,tb_user u2 where c.headerid=u1.uid and c.managerid=u2.uid limit 0,10 [ RunTime:0.0020s ]

[ 2016-06-20T13:55:43+08:00 ] 127.0.0.1 /mytkp/index.php/Home/Class/loadClassByPage
INFO: [ app_init ] --START--
INFO: Run Behavior\BuildLiteBehavior [ RunTime:0.000000s ]
INFO: [ app_init ] --END-- [ RunTime:0.015600s ]
INFO: [ app_begin ] --START--
INFO: Run Behavior\ReadHtmlCacheBehavior [ RunTime:0.000000s ]
INFO: [ app_begin ] --END-- [ RunTime:0.000000s ]
SQL: SHOW COLUMNS FROM `class` [ RunTime:0.0000s ]
SQL: select count(*) as cc from class c,tb_user u1,tb_user u2 where c.headerid=u1.uid and c.managerid=u2.uid and c.name like '%u1%' [ RunTime:0.0000s ]
SQL: select c.cid,c.name,c.classtype,c.status,
            c.createtime,c.begintime,c.endtime,u1.truename headername,
            u2.truename managername,c.stucount,c.remark from class c,tb_user u1,tb_user u2 where c.headerid=u1.uid and c.managerid=u2.uid and c.name like '%u1%' limit 0,10 [ RunTime:0.0000s ]

[ 2016-06-20T13:55:44+08:00 ] 127.0.0.1 /mytkp/index.php/Home/Class/loadClassByPage
INFO: [ app_init ] --START--
INFO: Run Behavior\BuildLiteBehavior [ RunTime:0.000000s ]
INFO: [ app_init ] --END-- [ RunTime:0.015600s ]
INFO: [ app_begin ] --START--
INFO: Run Behavior\ReadHtmlCacheBehavior [ RunTime:0.000000s ]
INFO: [ app_begin ] --END-- [ RunTime:0.000000s ]
SQL: SHOW COLUMNS FROM `class` [ RunTime:0.0000s ]
SQL: select count(*) as cc from class c,tb_user u1,tb_user u2 where c.headerid=u1.uid and c.managerid=u2.uid and c.name like '%u1%' [ RunTime:0.0000s ]
SQL: select c.cid,c.name,c.classtype,c.status,
            c.createtime,c.begintime,c.endtime,u1.truename headername,
            u2.truename managername,c.stucount,c.remark from class c,tb_user u1,tb_user u2 where c.headerid=u1.uid and c.managerid=u2.uid and c.name like '%u1%' limit 0,10 [ RunTime:0.0000s ]

[ 2016-06-20T13:55:52+08:00 ] 127.0.0.1 /mytkp/index.php/Home/Class/loadClassByPage
INFO: [ app_init ] --START--
INFO: Run Behavior\BuildLiteBehavior [ RunTime:0.000000s ]
INFO: [ app_init ] --END-- [ RunTime:0.000000s ]
INFO: [ app_begin ] --START--
INFO: Run Behavior\ReadHtmlCacheBehavior [ RunTime:0.000000s ]
INFO: [ app_begin ] --END-- [ RunTime:0.015601s ]
SQL: SHOW COLUMNS FROM `class` [ RunTime:0.0000s ]
SQL: select count(*) as cc from class c,tb_user u1,tb_user u2 where c.headerid=u1.uid and c.managerid=u2.uid and c.name like '%u19%' [ RunTime:0.0000s ]
SQL: select c.cid,c.name,c.classtype,c.status,
            c.createtime,c.begintime,c.endtime,u1.truename headername,
            u2.truename managername,c.stucount,c.remark from class c,tb_user u1,tb_user u2 where c.headerid=u1.uid and c.managerid=u2.uid and c.name like '%u19%' limit 0,10 [ RunTime:0.0000s ]

[ 2016-06-20T13:56:01+08:00 ] 127.0.0.1 /mytkp/index.php/Home/Class/loadClassByPage
INFO: [ app_init ] --START--
INFO: Run Behavior\BuildLiteBehavior [ RunTime:0.000000s ]
INFO: [ app_init ] --END-- [ RunTime:0.000000s ]
INFO: [ app_begin ] --START--
INFO: Run Behavior\ReadHtmlCacheBehavior [ RunTime:0.000000s ]
INFO: [ app_begin ] --END-- [ RunTime:0.015600s ]
SQL: SHOW COLUMNS FROM `class` [ RunTime:0.0000s ]
SQL: select count(*) as cc from class c,tb_user u1,tb_user u2 where c.headerid=u1.uid and c.managerid=u2.uid and c.name like '%u20%' [ RunTime:0.0000s ]
SQL: select c.cid,c.name,c.classtype,c.status,
            c.createtime,c.begintime,c.endtime,u1.truename headername,
            u2.truename managername,c.stucount,c.remark from class c,tb_user u1,tb_user u2 where c.headerid=u1.uid and c.managerid=u2.uid and c.name like '%u20%' limit 0,10 [ RunTime:0.0000s ]

[ 2016-06-20T13:56:11+08:00 ] 127.0.0.1 /mytkp/index.php/Home/Class/classManage
INFO: [ app_init ] --START--
INFO: Run Behavior\BuildLiteBehavior [ RunTime:0.000000s ]
INFO: [ app_init ] --END-- [ RunTime:0.000000s ]
INFO: [ app_begin ] --START--
INFO: Run Behavior\ReadHtmlCacheBehavior [ RunTime:0.015600s ]
INFO: [ app_begin ] --END-- [ RunTime:0.015600s ]
SQL: SHOW COLUMNS FROM `class` [ RunTime:0.0000s ]
INFO: [ view_parse ] --START--
INFO: [ template_filter ] --START--
INFO: Run Behavior\ContentReplaceBehavior [ RunTime:0.000000s ]
INFO: [ template_filter ] --END-- [ RunTime:0.000000s ]
INFO: Run Behavior\ParseTemplateBehavior [ RunTime:0.046800s ]
INFO: [ view_parse ] --END-- [ RunTime:0.046800s ]
INFO: [ view_filter ] --START--
INFO: Run Behavior\WriteHtmlCacheBehavior [ RunTime:0.000000s ]
INFO: [ view_filter ] --END-- [ RunTime:0.015600s ]
INFO: [ app_end ] --START--
INFO: Run Behavior\ShowPageTraceBehavior [ RunTime:0.000000s ]
INFO: [ app_end ] --END-- [ RunTime:0.000000s ]

[ 2016-06-20T13:56:13+08:00 ] 127.0.0.1 /mytkp/index.php/Home/Class/loadClassByPage?pageNo=1&pageSize=10&page=1&rows=10
INFO: [ app_init ] --START--
INFO: Run Behavior\BuildLiteBehavior [ RunTime:0.000000s ]
INFO: [ app_init ] --END-- [ RunTime:0.000000s ]
INFO: [ app_begin ] --START--
INFO: Run Behavior\ReadHtmlCacheBehavior [ RunTime:0.015600s ]
INFO: [ app_begin ] --END-- [ RunTime:0.015600s ]
SQL: SHOW COLUMNS FROM `class` [ RunTime:0.0000s ]
SQL: select count(*) as cc from class c,tb_user u1,tb_user u2 where c.headerid=u1.uid and c.managerid=u2.uid [ RunTime:0.0000s ]
SQL: select c.cid,c.name,c.classtype,c.status,
            c.createtime,c.begintime,c.endtime,u1.truename headername,
            u2.truename managername,c.stucount,c.remark from class c,tb_user u1,tb_user u2 where c.headerid=u1.uid and c.managerid=u2.uid limit 0,10 [ RunTime:0.0000s ]

[ 2016-06-20T13:56:28+08:00 ] 127.0.0.1 /mytkp/index.php/Home/Class/loadClassByPage
INFO: [ app_init ] --START--
INFO: Run Behavior\BuildLiteBehavior [ RunTime:0.000000s ]
INFO: [ app_init ] --END-- [ RunTime:0.015600s ]
INFO: [ app_begin ] --START--
INFO: Run Behavior\ReadHtmlCacheBehavior [ RunTime:0.000000s ]
INFO: [ app_begin ] --END-- [ RunTime:0.000000s ]
SQL: SHOW COLUMNS FROM `class` [ RunTime:0.0000s ]
SQL: select count(*) as cc from class c,tb_user u1,tb_user u2 where c.headerid=u1.uid and c.managerid=u2.uid and c.status = 2 [ RunTime:0.0000s ]
SQL: select c.cid,c.name,c.classtype,c.status,
            c.createtime,c.begintime,c.endtime,u1.truename headername,
            u2.truename managername,c.stucount,c.remark from class c,tb_user u1,tb_user u2 where c.headerid=u1.uid and c.managerid=u2.uid and c.status = 2 limit 0,10 [ RunTime:0.0000s ]

[ 2016-06-20T13:56:37+08:00 ] 127.0.0.1 /mytkp/index.php/Home/Class/classManage
INFO: [ app_init ] --START--
INFO: Run Behavior\BuildLiteBehavior [ RunTime:0.000000s ]
INFO: [ app_init ] --END-- [ RunTime:0.015600s ]
INFO: [ app_begin ] --START--
INFO: Run Behavior\ReadHtmlCacheBehavior [ RunTime:0.000000s ]
INFO: [ app_begin ] --END-- [ RunTime:0.000000s ]
SQL: SHOW COLUMNS FROM `class` [ RunTime:0.0000s ]
INFO: [ view_parse ] --START--
INFO: [ template_filter ] --START--
INFO: Run Behavior\ContentReplaceBehavior [ RunTime:0.000000s ]
INFO: [ template_filter ] --END-- [ RunTime:0.000000s ]
INFO: Run Behavior\ParseTemplateBehavior [ RunTime:0.062401s ]
INFO: [ view_parse ] --END-- [ RunTime:0.062401s ]
INFO: [ view_filter ] --START--
INFO: Run Behavior\WriteHtmlCacheBehavior [ RunTime:0.000000s ]
INFO: [ view_filter ] --END-- [ RunTime:0.000000s ]
INFO: [ app_end ] --START--
INFO: Run Behavior\ShowPageTraceBehavior [ RunTime:0.000000s ]
INFO: [ app_end ] --END-- [ RunTime:0.000000s ]

[ 2016-06-20T13:56:39+08:00 ] 127.0.0.1 /mytkp/index.php/Home/Class/loadClassByPage?pageNo=1&pageSize=10&page=1&rows=10
INFO: [ app_init ] --START--
INFO: Run Behavior\BuildLiteBehavior [ RunTime:0.000000s ]
INFO: [ app_init ] --END-- [ RunTime:0.000000s ]
INFO: [ app_begin ] --START--
INFO: Run Behavior\ReadHtmlCacheBehavior [ RunTime:0.000000s ]
INFO: [ app_begin ] --END-- [ RunTime:0.000000s ]
SQL: SHOW COLUMNS FROM `class` [ RunTime:0.0000s ]
SQL: select count(*) as cc from class c,tb_user u1,tb_user u2 where c.headerid=u1.uid and c.managerid=u2.uid [ RunTime:0.0000s ]
SQL: select c.cid,c.name,c.classtype,c.status,
            c.createtime,c.begintime,c.endtime,u1.truename headername,
            u2.truename managername,c.stucount,c.remark from class c,tb_user u1,tb_user u2 where c.headerid=u1.uid and c.managerid=u2.uid limit 0,10 [ RunTime:0.0000s ]

[ 2016-06-20T14:00:06+08:00 ] 127.0.0.1 /mytkp/index.php/Home/Class/classManage
INFO: [ app_init ] --START--
INFO: Run Behavior\BuildLiteBehavior [ RunTime:0.000000s ]
INFO: [ app_init ] --END-- [ RunTime:0.000000s ]
INFO: [ app_begin ] --START--
INFO: Run Behavior\ReadHtmlCacheBehavior [ RunTime:0.000000s ]
INFO: [ app_begin ] --END-- [ RunTime:0.000000s ]
SQL: SHOW COLUMNS FROM `class` [ RunTime:0.0156s ]
INFO: [ view_parse ] --START--
INFO: [ template_filter ] --START--
INFO: Run Behavior\ContentReplaceBehavior [ RunTime:0.000000s ]
INFO: [ template_filter ] --END-- [ RunTime:0.000000s ]
INFO: Run Behavior\ParseTemplateBehavior [ RunTime:0.046800s ]
INFO: [ view_parse ] --END-- [ RunTime:0.046800s ]
INFO: [ view_filter ] --START--
INFO: Run Behavior\WriteHtmlCacheBehavior [ RunTime:0.000000s ]
INFO: [ view_filter ] --END-- [ RunTime:0.000000s ]
INFO: [ app_end ] --START--
INFO: Run Behavior\ShowPageTraceBehavior [ RunTime:0.000000s ]
INFO: [ app_end ] --END-- [ RunTime:0.000000s ]

[ 2016-06-20T14:00:08+08:00 ] 127.0.0.1 /mytkp/index.php/Home/Class/loadClassByPage?pageNo=1&pageSize=10&page=1&rows=10
INFO: [ app_init ] --START--
INFO: Run Behavior\BuildLiteBehavior [ RunTime:0.000000s ]
INFO: [ app_init ] --END-- [ RunTime:0.000000s ]
INFO: [ app_begin ] --START--
INFO: Run Behavior\ReadHtmlCacheBehavior [ RunTime:0.000000s ]
INFO: [ app_begin ] --END-- [ RunTime:0.000000s ]
SQL: SHOW COLUMNS FROM `class` [ RunTime:0.0000s ]
SQL: select count(*) as cc from class c,tb_user u1,tb_user u2 where c.headerid=u1.uid and c.managerid=u2.uid [ RunTime:0.0000s ]
SQL: select c.cid,c.name,c.classtype,c.status,
            c.createtime,c.begintime,c.endtime,u1.truename headername,
            u2.truename managername,c.stucount,c.remark from class c,tb_user u1,tb_user u2 where c.headerid=u1.uid and c.managerid=u2.uid limit 0,10 [ RunTime:0.0000s ]

[ 2016-06-20T15:11:19+08:00 ] 127.0.0.1 /mytkp/index.php/Home/Class/loadClassByPage
INFO: [ app_init ] --START--
INFO: Run Behavior\BuildLiteBehavior [ RunTime:0.000000s ]
INFO: [ app_init ] --END-- [ RunTime:0.000000s ]
INFO: [ app_begin ] --START--
INFO: Run Behavior\ReadHtmlCacheBehavior [ RunTime:0.000000s ]
INFO: [ app_begin ] --END-- [ RunTime:0.000000s ]
SQL: SHOW COLUMNS FROM `class` [ RunTime:0.0000s ]
SQL: select count(*) as cc from class c,tb_user u1,tb_user u2 where c.headerid=u1.uid and c.managerid=u2.uid and c.status = 1 [ RunTime:0.0000s ]
SQL: select c.cid,c.name,c.classtype,c.status,
            c.createtime,c.begintime,c.endtime,u1.truename headername,
            u2.truename managername,c.stucount,c.remark from class c,tb_user u1,tb_user u2 where c.headerid=u1.uid and c.managerid=u2.uid and c.status = 1 limit 0,10 [ RunTime:0.0000s ]

[ 2016-06-20T15:11:24+08:00 ] 127.0.0.1 /mytkp/index.php/Home/Class/loadClassByPage?pageNo=1&pageSize=10
INFO: [ app_init ] --START--
INFO: Run Behavior\BuildLiteBehavior [ RunTime:0.000000s ]
INFO: [ app_init ] --END-- [ RunTime:0.015600s ]
INFO: [ app_begin ] --START--
INFO: Run Behavior\ReadHtmlCacheBehavior [ RunTime:0.000000s ]
INFO: [ app_begin ] --END-- [ RunTime:0.000000s ]
SQL: SHOW COLUMNS FROM `class` [ RunTime:0.0000s ]
SQL: select count(*) as cc from class c,tb_user u1,tb_user u2 where c.headerid=u1.uid and c.managerid=u2.uid [ RunTime:0.0000s ]
SQL: select c.cid,c.name,c.classtype,c.status,
            c.createtime,c.begintime,c.endtime,u1.truename headername,
            u2.truename managername,c.stucount,c.remark from class c,tb_user u1,tb_user u2 where c.headerid=u1.uid and c.managerid=u2.uid limit 0,10 [ RunTime:0.0156s ]

[ 2016-06-20T15:11:49+08:00 ] 127.0.0.1 /mytkp/index.php/Home/Class/loadClassByPage
INFO: [ app_init ] --START--
INFO: Run Behavior\BuildLiteBehavior [ RunTime:0.000000s ]
INFO: [ app_init ] --END-- [ RunTime:0.000000s ]
INFO: [ app_begin ] --START--
INFO: Run Behavior\ReadHtmlCacheBehavior [ RunTime:0.000000s ]
INFO: [ app_begin ] --END-- [ RunTime:0.000000s ]
SQL: SHOW COLUMNS FROM `class` [ RunTime:0.0000s ]
SQL: select count(*) as cc from class c,tb_user u1,tb_user u2 where c.headerid=u1.uid and c.managerid=u2.uid and c.beginTime >= '2016-06-02' and c.status = 1 [ RunTime:0.0000s ]
SQL: select c.cid,c.name,c.classtype,c.status,
            c.createtime,c.begintime,c.endtime,u1.truename headername,
            u2.truename managername,c.stucount,c.remark from class c,tb_user u1,tb_user u2 where c.headerid=u1.uid and c.managerid=u2.uid and c.beginTime >= '2016-06-02' and c.status = 1 limit 0,10 [ RunTime:0.0000s ]

[ 2016-06-20T15:11:55+08:00 ] 127.0.0.1 /mytkp/index.php/Home/Class/loadClassByPage?pageNo=1&pageSize=10
INFO: [ app_init ] --START--
INFO: Run Behavior\BuildLiteBehavior [ RunTime:0.000000s ]
INFO: [ app_init ] --END-- [ RunTime:0.015600s ]
INFO: [ app_begin ] --START--
INFO: Run Behavior\ReadHtmlCacheBehavior [ RunTime:0.000000s ]
INFO: [ app_begin ] --END-- [ RunTime:0.000000s ]
SQL: SHOW COLUMNS FROM `class` [ RunTime:0.0000s ]
SQL: select count(*) as cc from class c,tb_user u1,tb_user u2 where c.headerid=u1.uid and c.managerid=u2.uid [ RunTime:0.0000s ]
SQL: select c.cid,c.name,c.classtype,c.status,
            c.createtime,c.begintime,c.endtime,u1.truename headername,
            u2.truename managername,c.stucount,c.remark from class c,tb_user u1,tb_user u2 where c.headerid=u1.uid and c.managerid=u2.uid limit 0,10 [ RunTime:0.0000s ]

[ 2016-06-20T15:20:56+08:00 ] 127.0.0.1 /mytkp/index.php/Home/Class/classManage
INFO: [ app_init ] --START--
INFO: Run Behavior\BuildLiteBehavior [ RunTime:0.000000s ]
INFO: [ app_init ] --END-- [ RunTime:0.000000s ]
INFO: [ app_begin ] --START--
INFO: Run Behavior\ReadHtmlCacheBehavior [ RunTime:0.000000s ]
INFO: [ app_begin ] --END-- [ RunTime:0.015600s ]
SQL: SHOW COLUMNS FROM `class` [ RunTime:0.0000s ]
INFO: [ view_parse ] --START--
INFO: [ template_filter ] --START--
INFO: Run Behavior\ContentReplaceBehavior [ RunTime:0.000000s ]
INFO: [ template_filter ] --END-- [ RunTime:0.000000s ]
INFO: Run Behavior\ParseTemplateBehavior [ RunTime:0.046800s ]
INFO: [ view_parse ] --END-- [ RunTime:0.046800s ]
INFO: [ view_filter ] --START--
INFO: Run Behavior\WriteHtmlCacheBehavior [ RunTime:0.000000s ]
INFO: [ view_filter ] --END-- [ RunTime:0.000000s ]
INFO: [ app_end ] --START--
INFO: Run Behavior\ShowPageTraceBehavior [ RunTime:0.000000s ]
INFO: [ app_end ] --END-- [ RunTime:0.000000s ]

[ 2016-06-20T15:21:53+08:00 ] 127.0.0.1 /mytkp/index.php/Home/Class/classManage
INFO: [ app_init ] --START--
INFO: Run Behavior\BuildLiteBehavior [ RunTime:0.000000s ]
INFO: [ app_init ] --END-- [ RunTime:0.000000s ]
INFO: [ app_begin ] --START--
INFO: Run Behavior\ReadHtmlCacheBehavior [ RunTime:0.000000s ]
INFO: [ app_begin ] --END-- [ RunTime:0.015600s ]
SQL: SHOW COLUMNS FROM `class` [ RunTime:0.0000s ]
INFO: [ view_parse ] --START--
INFO: [ template_filter ] --START--
INFO: Run Behavior\ContentReplaceBehavior [ RunTime:0.000000s ]
INFO: [ template_filter ] --END-- [ RunTime:0.000000s ]
INFO: Run Behavior\ParseTemplateBehavior [ RunTime:0.046800s ]
INFO: [ view_parse ] --END-- [ RunTime:0.046800s ]
INFO: [ view_filter ] --START--
INFO: Run Behavior\WriteHtmlCacheBehavior [ RunTime:0.000000s ]
INFO: [ view_filter ] --END-- [ RunTime:0.000000s ]
INFO: [ app_end ] --START--
INFO: Run Behavior\ShowPageTraceBehavior [ RunTime:0.000000s ]
INFO: [ app_end ] --END-- [ RunTime:0.000000s ]

[ 2016-06-20T16:15:15+08:00 ] 127.0.0.1 /mytkp/index.php/Home/Class/classManage
INFO: [ app_init ] --START--
INFO: Run Behavior\BuildLiteBehavior [ RunTime:0.000000s ]
INFO: [ app_init ] --END-- [ RunTime:0.000000s ]
INFO: [ app_begin ] --START--
INFO: Run Behavior\ReadHtmlCacheBehavior [ RunTime:0.000000s ]
INFO: [ app_begin ] --END-- [ RunTime:0.000000s ]
SQL: SHOW COLUMNS FROM `class` [ RunTime:0.0000s ]
INFO: [ view_parse ] --START--
INFO: [ template_filter ] --START--
INFO: Run Behavior\ContentReplaceBehavior [ RunTime:0.000000s ]
INFO: [ template_filter ] --END-- [ RunTime:0.000000s ]
INFO: Run Behavior\ParseTemplateBehavior [ RunTime:0.046800s ]
INFO: [ view_parse ] --END-- [ RunTime:0.046800s ]
INFO: [ view_filter ] --START--
INFO: Run Behavior\WriteHtmlCacheBehavior [ RunTime:0.015600s ]
INFO: [ view_filter ] --END-- [ RunTime:0.015600s ]
INFO: [ app_end ] --START--
INFO: Run Behavior\ShowPageTraceBehavior [ RunTime:0.000000s ]
INFO: [ app_end ] --END-- [ RunTime:0.000000s ]

[ 2016-06-20T16:15:27+08:00 ] 127.0.0.1 /mytkp/index.php/Home/Class/classManage
INFO: [ app_init ] --START--
INFO: Run Behavior\BuildLiteBehavior [ RunTime:0.000000s ]
INFO: [ app_init ] --END-- [ RunTime:0.000000s ]
INFO: [ app_begin ] --START--
INFO: Run Behavior\ReadHtmlCacheBehavior [ RunTime:0.000000s ]
INFO: [ app_begin ] --END-- [ RunTime:0.000000s ]
SQL: SHOW COLUMNS FROM `class` [ RunTime:0.0000s ]
INFO: [ view_parse ] --START--
INFO: [ template_filter ] --START--
INFO: Run Behavior\ContentReplaceBehavior [ RunTime:0.000000s ]
INFO: [ template_filter ] --END-- [ RunTime:0.015600s ]
INFO: Run Behavior\ParseTemplateBehavior [ RunTime:0.031200s ]
INFO: [ view_parse ] --END-- [ RunTime:0.046800s ]
INFO: [ view_filter ] --START--
INFO: Run Behavior\WriteHtmlCacheBehavior [ RunTime:0.000000s ]
INFO: [ view_filter ] --END-- [ RunTime:0.000000s ]
INFO: [ app_end ] --START--
INFO: Run Behavior\ShowPageTraceBehavior [ RunTime:0.000000s ]
INFO: [ app_end ] --END-- [ RunTime:0.000000s ]

[ 2016-06-20T16:17:40+08:00 ] 127.0.0.1 /mytkp/index.php/Home/Class/classManage
INFO: [ app_init ] --START--
INFO: Run Behavior\BuildLiteBehavior [ RunTime:0.000000s ]
INFO: [ app_init ] --END-- [ RunTime:0.000000s ]
INFO: [ app_begin ] --START--
INFO: Run Behavior\ReadHtmlCacheBehavior [ RunTime:0.000000s ]
INFO: [ app_begin ] --END-- [ RunTime:0.015600s ]
SQL: SHOW COLUMNS FROM `class` [ RunTime:0.0000s ]
INFO: [ view_parse ] --START--
INFO: [ template_filter ] --START--
INFO: Run Behavior\ContentReplaceBehavior [ RunTime:0.000000s ]
INFO: [ template_filter ] --END-- [ RunTime:0.000000s ]
INFO: Run Behavior\ParseTemplateBehavior [ RunTime:0.046800s ]
INFO: [ view_parse ] --END-- [ RunTime:0.046800s ]
INFO: [ view_filter ] --START--
INFO: Run Behavior\WriteHtmlCacheBehavior [ RunTime:0.000000s ]
INFO: [ view_filter ] --END-- [ RunTime:0.000000s ]
INFO: [ app_end ] --START--
INFO: Run Behavior\ShowPageTraceBehavior [ RunTime:0.000000s ]
INFO: [ app_end ] --END-- [ RunTime:0.015600s ]

[ 2016-06-20T16:19:18+08:00 ] 127.0.0.1 /mytkp/index.php/Home/Class/classManage
INFO: [ app_init ] --START--
INFO: Run Behavior\BuildLiteBehavior [ RunTime:0.000000s ]
INFO: [ app_init ] --END-- [ RunTime:0.000000s ]
INFO: [ app_begin ] --START--
INFO: Run Behavior\ReadHtmlCacheBehavior [ RunTime:0.000000s ]
INFO: [ app_begin ] --END-- [ RunTime:0.000000s ]
SQL: SHOW COLUMNS FROM `class` [ RunTime:0.0000s ]
INFO: [ view_parse ] --START--
INFO: [ template_filter ] --START--
INFO: Run Behavior\ContentReplaceBehavior [ RunTime:0.000000s ]
INFO: [ template_filter ] --END-- [ RunTime:0.000000s ]
INFO: Run Behavior\ParseTemplateBehavior [ RunTime:0.046801s ]
INFO: [ view_parse ] --END-- [ RunTime:0.046801s ]
INFO: [ view_filter ] --START--
INFO: Run Behavior\WriteHtmlCacheBehavior [ RunTime:0.000000s ]
INFO: [ view_filter ] --END-- [ RunTime:0.000000s ]
INFO: [ app_end ] --START--
INFO: Run Behavior\ShowPageTraceBehavior [ RunTime:0.000000s ]
INFO: [ app_end ] --END-- [ RunTime:0.000000s ]

[ 2016-06-20T16:19:20+08:00 ] 127.0.0.1 /mytkp/index.php/Home/Class/loadClassByPage?pageNo=1&pageSize=10&page=1&rows=10
INFO: [ app_init ] --START--
INFO: Run Behavior\BuildLiteBehavior [ RunTime:0.000000s ]
INFO: [ app_init ] --END-- [ RunTime:0.000000s ]
INFO: [ app_begin ] --START--
INFO: Run Behavior\ReadHtmlCacheBehavior [ RunTime:0.000000s ]
INFO: [ app_begin ] --END-- [ RunTime:0.000000s ]
SQL: SHOW COLUMNS FROM `class` [ RunTime:0.0000s ]
SQL: select count(*) as cc from class c,tb_user u1,tb_user u2 where c.headerid=u1.uid and c.managerid=u2.uid [ RunTime:0.0000s ]
SQL: select c.cid,c.name,c.classtype,c.status,
            c.createtime,c.begintime,c.endtime,u1.truename headername,
            u2.truename managername,c.stucount,c.remark from class c,tb_user u1,tb_user u2 where c.headerid=u1.uid and c.managerid=u2.uid limit 0,10 [ RunTime:0.0156s ]

[ 2016-06-20T16:31:46+08:00 ] 127.0.0.1 /mytkp/index.php/Home/Class/classManage
INFO: [ app_init ] --START--
INFO: Run Behavior\BuildLiteBehavior [ RunTime:0.000000s ]
INFO: [ app_init ] --END-- [ RunTime:0.000000s ]
INFO: [ app_begin ] --START--
INFO: Run Behavior\ReadHtmlCacheBehavior [ RunTime:0.000000s ]
INFO: [ app_begin ] --END-- [ RunTime:0.000000s ]
SQL: SHOW COLUMNS FROM `class` [ RunTime:0.0000s ]
INFO: [ view_parse ] --START--
INFO: [ template_filter ] --START--
INFO: Run Behavior\ContentReplaceBehavior [ RunTime:0.015600s ]
INFO: [ template_filter ] --END-- [ RunTime:0.015600s ]
INFO: Run Behavior\ParseTemplateBehavior [ RunTime:0.046800s ]
INFO: [ view_parse ] --END-- [ RunTime:0.046800s ]
INFO: [ view_filter ] --START--
INFO: Run Behavior\WriteHtmlCacheBehavior [ RunTime:0.000000s ]
INFO: [ view_filter ] --END-- [ RunTime:0.000000s ]
INFO: [ app_end ] --START--
INFO: Run Behavior\ShowPageTraceBehavior [ RunTime:0.015600s ]
INFO: [ app_end ] --END-- [ RunTime:0.015600s ]

[ 2016-06-20T16:33:36+08:00 ] 127.0.0.1 /mytkp/index.php/Home/Class/classManage
INFO: [ app_init ] --START--
INFO: Run Behavior\BuildLiteBehavior [ RunTime:0.000000s ]
INFO: [ app_init ] --END-- [ RunTime:0.000000s ]
INFO: [ app_begin ] --START--
INFO: Run Behavior\ReadHtmlCacheBehavior [ RunTime:0.000000s ]
INFO: [ app_begin ] --END-- [ RunTime:0.000000s ]
SQL: SHOW COLUMNS FROM `class` [ RunTime:0.0000s ]
INFO: [ view_parse ] --START--
INFO: [ template_filter ] --START--
INFO: Run Behavior\ContentReplaceBehavior [ RunTime:0.000000s ]
INFO: [ template_filter ] --END-- [ RunTime:0.000000s ]
INFO: Run Behavior\ParseTemplateBehavior [ RunTime:0.031200s ]
INFO: [ view_parse ] --END-- [ RunTime:0.046800s ]
INFO: [ view_filter ] --START--
INFO: Run Behavior\WriteHtmlCacheBehavior [ RunTime:0.000000s ]
INFO: [ view_filter ] --END-- [ RunTime:0.000000s ]
INFO: [ app_end ] --START--
INFO: Run Behavior\ShowPageTraceBehavior [ RunTime:0.000000s ]
INFO: [ app_end ] --END-- [ RunTime:0.000000s ]

[ 2016-06-20T16:36:56+08:00 ] 127.0.0.1 /mytkp/index.php/Home/Class/classManage
INFO: [ app_init ] --START--
INFO: Run Behavior\BuildLiteBehavior [ RunTime:0.000000s ]
INFO: [ app_init ] --END-- [ RunTime:0.015600s ]
INFO: [ app_begin ] --START--
INFO: Run Behavior\ReadHtmlCacheBehavior [ RunTime:0.000000s ]
INFO: [ app_begin ] --END-- [ RunTime:0.000000s ]
SQL: SHOW COLUMNS FROM `class` [ RunTime:0.0000s ]
INFO: [ view_parse ] --START--
INFO: [ template_filter ] --START--
INFO: Run Behavior\ContentReplaceBehavior [ RunTime:0.000000s ]
INFO: [ template_filter ] --END-- [ RunTime:0.000000s ]
INFO: Run Behavior\ParseTemplateBehavior [ RunTime:0.046800s ]
INFO: [ view_parse ] --END-- [ RunTime:0.046800s ]
INFO: [ view_filter ] --START--
INFO: Run Behavior\WriteHtmlCacheBehavior [ RunTime:0.015600s ]
INFO: [ view_filter ] --END-- [ RunTime:0.015600s ]
INFO: [ app_end ] --START--
INFO: Run Behavior\ShowPageTraceBehavior [ RunTime:0.000000s ]
INFO: [ app_end ] --END-- [ RunTime:0.000000s ]

[ 2016-06-20T16:42:02+08:00 ] 127.0.0.1 /mytkp/index.php/Home/Class/classManage
INFO: [ app_init ] --START--
INFO: Run Behavior\BuildLiteBehavior [ RunTime:0.000000s ]
INFO: [ app_init ] --END-- [ RunTime:0.015601s ]
INFO: [ app_begin ] --START--
INFO: Run Behavior\ReadHtmlCacheBehavior [ RunTime:0.000000s ]
INFO: [ app_begin ] --END-- [ RunTime:0.000000s ]
SQL: SHOW COLUMNS FROM `class` [ RunTime:0.0000s ]
INFO: [ view_parse ] --START--
INFO: [ template_filter ] --START--
INFO: Run Behavior\ContentReplaceBehavior [ RunTime:0.000000s ]
INFO: [ template_filter ] --END-- [ RunTime:0.000000s ]
INFO: Run Behavior\ParseTemplateBehavior [ RunTime:0.046801s ]
INFO: [ view_parse ] --END-- [ RunTime:0.046801s ]
INFO: [ view_filter ] --START--
INFO: Run Behavior\WriteHtmlCacheBehavior [ RunTime:0.000000s ]
INFO: [ view_filter ] --END-- [ RunTime:0.000000s ]
INFO: [ app_end ] --START--
INFO: Run Behavior\ShowPageTraceBehavior [ RunTime:0.000000s ]
INFO: [ app_end ] --END-- [ RunTime:0.015600s ]

[ 2016-06-20T16:42:04+08:00 ] 127.0.0.1 /mytkp/index.php/Home/Class/loadClassByPage?pageNo=1&pageSize=10&page=1&rows=10
INFO: [ app_init ] --START--
INFO: Run Behavior\BuildLiteBehavior [ RunTime:0.000000s ]
INFO: [ app_init ] --END-- [ RunTime:0.000000s ]
INFO: [ app_begin ] --START--
INFO: Run Behavior\ReadHtmlCacheBehavior [ RunTime:0.000000s ]
INFO: [ app_begin ] --END-- [ RunTime:0.000000s ]
SQL: SHOW COLUMNS FROM `class` [ RunTime:0.0000s ]
SQL: select count(*) as cc from class c,tb_user u1,tb_user u2 where c.headerid=u1.uid and c.managerid=u2.uid [ RunTime:0.0156s ]
SQL: select c.cid,c.name,c.classtype,c.status,
            c.createtime,c.begintime,c.endtime,u1.truename headername,
            u2.truename managername,c.stucount,c.remark from class c,tb_user u1,tb_user u2 where c.headerid=u1.uid and c.managerid=u2.uid limit 0,10 [ RunTime:0.0000s ]

[ 2016-06-20T16:59:21+08:00 ] 127.0.0.1 /mytkp/index.php/Home/Class/classManage
INFO: [ app_init ] --START--
INFO: Run Behavior\BuildLiteBehavior [ RunTime:0.000000s ]
INFO: [ app_init ] --END-- [ RunTime:0.000000s ]
INFO: [ app_begin ] --START--
INFO: Run Behavior\ReadHtmlCacheBehavior [ RunTime:0.000000s ]
INFO: [ app_begin ] --END-- [ RunTime:0.000000s ]
SQL: SHOW COLUMNS FROM `class` [ RunTime:0.0000s ]
INFO: [ view_parse ] --START--
INFO: [ template_filter ] --START--
INFO: Run Behavior\ContentReplaceBehavior [ RunTime:0.000000s ]
INFO: [ template_filter ] --END-- [ RunTime:0.000000s ]
INFO: Run Behavior\ParseTemplateBehavior [ RunTime:0.046800s ]
INFO: [ view_parse ] --END-- [ RunTime:0.046800s ]
INFO: [ view_filter ] --START--
INFO: Run Behavior\WriteHtmlCacheBehavior [ RunTime:0.000000s ]
INFO: [ view_filter ] --END-- [ RunTime:0.000000s ]
INFO: [ app_end ] --START--
INFO: Run Behavior\ShowPageTraceBehavior [ RunTime:0.000000s ]
INFO: [ app_end ] --END-- [ RunTime:0.000000s ]

[ 2016-06-20T16:59:23+08:00 ] 127.0.0.1 /mytkp/index.php/Home/Class/loadClassByPage?pageNo=1&pageSize=10&page=1&rows=10
INFO: [ app_init ] --START--
INFO: Run Behavior\BuildLiteBehavior [ RunTime:0.000000s ]
INFO: [ app_init ] --END-- [ RunTime:0.015600s ]
INFO: [ app_begin ] --START--
INFO: Run Behavior\ReadHtmlCacheBehavior [ RunTime:0.000000s ]
INFO: [ app_begin ] --END-- [ RunTime:0.000000s ]
SQL: SHOW COLUMNS FROM `class` [ RunTime:0.0000s ]
SQL: select count(*) as cc from class c,tb_user u1,tb_user u2 where c.headerid=u1.uid and c.managerid=u2.uid [ RunTime:0.0000s ]
SQL: select c.cid,c.name,c.classtype,c.status,
            c.createtime,c.begintime,c.endtime,u1.truename headername,
            u2.truename managername,c.stucount,c.remark from class c,tb_user u1,tb_user u2 where c.headerid=u1.uid and c.managerid=u2.uid limit 0,10 [ RunTime:0.0156s ]

[ 2016-06-20T16:59:31+08:00 ] 127.0.0.1 /mytkp/index.php/Home/Class/checkExamToday
INFO: [ app_init ] --START--
INFO: Run Behavior\BuildLiteBehavior [ RunTime:0.000000s ]
INFO: [ app_init ] --END-- [ RunTime:0.015600s ]
INFO: [ app_begin ] --START--
INFO: Run Behavior\ReadHtmlCacheBehavior [ RunTime:0.000000s ]
INFO: [ app_begin ] --END-- [ RunTime:0.000000s ]
SQL: SHOW COLUMNS FROM `class` [ RunTime:0.0000s ]
SQL: SHOW COLUMNS FROM `exam` [ RunTime:0.0000s ]
SQL: SELECT * FROM `exam` WHERE ( classid in(1,4) and beginTime between '2016-06-20 00:00:00' and '2016-06-20 23:59:59' )  [ RunTime:0.0000s ]

[ 2016-06-20T16:59:33+08:00 ] 127.0.0.1 /mytkp/index.php/Home/User/loadAllHeader
INFO: [ app_init ] --START--
INFO: Run Behavior\BuildLiteBehavior [ RunTime:0.000000s ]
INFO: [ app_init ] --END-- [ RunTime:0.000000s ]
INFO: [ app_begin ] --START--
INFO: Run Behavior\ReadHtmlCacheBehavior [ RunTime:0.000000s ]
INFO: [ app_begin ] --END-- [ RunTime:0.000000s ]

[ 2016-06-20T16:59:35+08:00 ] 127.0.0.1 /mytkp/index.php/Home/User/loadAllManager
INFO: [ app_init ] --START--
INFO: Run Behavior\BuildLiteBehavior [ RunTime:0.000000s ]
INFO: [ app_init ] --END-- [ RunTime:0.000000s ]
INFO: [ app_begin ] --START--
INFO: Run Behavior\ReadHtmlCacheBehavior [ RunTime:0.000000s ]
INFO: [ app_begin ] --END-- [ RunTime:0.000000s ]

[ 2016-06-20T16:59:57+08:00 ] 127.0.0.1 /mytkp/index.php/Home/User/login
INFO: [ app_init ] --START--
INFO: Run Behavior\BuildLiteBehavior [ RunTime:0.000000s ]
INFO: [ app_init ] --END-- [ RunTime:0.000000s ]
INFO: [ app_begin ] --START--
INFO: Run Behavior\ReadHtmlCacheBehavior [ RunTime:0.000000s ]
INFO: [ app_begin ] --END-- [ RunTime:0.000000s ]
INFO: [ app_end ] --START--
INFO: Run Behavior\ShowPageTraceBehavior [ RunTime:0.000000s ]
INFO: [ app_end ] --END-- [ RunTime:0.000000s ]

[ 2016-06-20T17:00:01+08:00 ] 127.0.0.1 /mytkp/index.php/Home/Class/classManage
INFO: [ app_init ] --START--
INFO: Run Behavior\BuildLiteBehavior [ RunTime:0.000000s ]
INFO: [ app_init ] --END-- [ RunTime:0.000000s ]
INFO: [ app_begin ] --START--
INFO: Run Behavior\ReadHtmlCacheBehavior [ RunTime:0.000000s ]
INFO: [ app_begin ] --END-- [ RunTime:0.000000s ]
SQL: SHOW COLUMNS FROM `class` [ RunTime:0.0000s ]
INFO: [ view_parse ] --START--
INFO: [ template_filter ] --START--
INFO: Run Behavior\ContentReplaceBehavior [ RunTime:0.000000s ]
INFO: [ template_filter ] --END-- [ RunTime:0.000000s ]
INFO: Run Behavior\ParseTemplateBehavior [ RunTime:0.046800s ]
INFO: [ view_parse ] --END-- [ RunTime:0.046800s ]
INFO: [ view_filter ] --START--
INFO: Run Behavior\WriteHtmlCacheBehavior [ RunTime:0.000000s ]
INFO: [ view_filter ] --END-- [ RunTime:0.015600s ]
INFO: [ app_end ] --START--
INFO: Run Behavior\ShowPageTraceBehavior [ RunTime:0.000000s ]
INFO: [ app_end ] --END-- [ RunTime:0.000000s ]

[ 2016-06-20T17:00:04+08:00 ] 127.0.0.1 /mytkp/index.php/Home/Class/loadClassByPage?pageNo=1&pageSize=10&page=1&rows=10
INFO: [ app_init ] --START--
INFO: Run Behavior\BuildLiteBehavior [ RunTime:0.000000s ]
INFO: [ app_init ] --END-- [ RunTime:0.015600s ]
INFO: [ app_begin ] --START--
INFO: Run Behavior\ReadHtmlCacheBehavior [ RunTime:0.000000s ]
INFO: [ app_begin ] --END-- [ RunTime:0.000000s ]
SQL: SHOW COLUMNS FROM `class` [ RunTime:0.0000s ]
SQL: select count(*) as cc from class c,tb_user u1,tb_user u2 where c.headerid=u1.uid and c.managerid=u2.uid [ RunTime:0.0000s ]
SQL: select c.cid,c.name,c.classtype,c.status,
            c.createtime,c.begintime,c.endtime,u1.truename headername,
            u2.truename managername,c.stucount,c.remark from class c,tb_user u1,tb_user u2 where c.headerid=u1.uid and c.managerid=u2.uid limit 0,10 [ RunTime:0.0000s ]

[ 2016-06-20T17:00:10+08:00 ] 127.0.0.1 /mytkp/index.php/Home/Class/checkExamToday
INFO: [ app_init ] --START--
INFO: Run Behavior\BuildLiteBehavior [ RunTime:0.000000s ]
INFO: [ app_init ] --END-- [ RunTime:0.000000s ]
INFO: [ app_begin ] --START--
INFO: Run Behavior\ReadHtmlCacheBehavior [ RunTime:0.000000s ]
INFO: [ app_begin ] --END-- [ RunTime:0.000000s ]
SQL: SHOW COLUMNS FROM `class` [ RunTime:0.0000s ]
SQL: SHOW COLUMNS FROM `exam` [ RunTime:0.0000s ]
SQL: SELECT * FROM `exam` WHERE ( classid in(1,4) and beginTime between '2016-06-20 00:00:00' and '2016-06-20 23:59:59' )  [ RunTime:0.0000s ]

[ 2016-06-20T17:00:13+08:00 ] 127.0.0.1 /mytkp/index.php/Home/User/loadAllHeader
INFO: [ app_init ] --START--
INFO: Run Behavior\BuildLiteBehavior [ RunTime:0.000000s ]
INFO: [ app_init ] --END-- [ RunTime:0.015600s ]
INFO: [ app_begin ] --START--
INFO: Run Behavior\ReadHtmlCacheBehavior [ RunTime:0.000000s ]
INFO: [ app_begin ] --END-- [ RunTime:0.000000s ]

[ 2016-06-20T17:00:15+08:00 ] 127.0.0.1 /mytkp/index.php/Home/User/loadAllManager
INFO: [ app_init ] --START--
INFO: Run Behavior\BuildLiteBehavior [ RunTime:0.000000s ]
INFO: [ app_init ] --END-- [ RunTime:0.015600s ]
INFO: [ app_begin ] --START--
INFO: Run Behavior\ReadHtmlCacheBehavior [ RunTime:0.000000s ]
INFO: [ app_begin ] --END-- [ RunTime:0.000000s ]

[ 2016-06-20T17:01:45+08:00 ] 127.0.0.1 /mytkp/index.php/Home/User/loadAllHeader
INFO: [ app_init ] --START--
INFO: Run Behavior\BuildLiteBehavior [ RunTime:0.001000s ]
INFO: [ app_init ] --END-- [ RunTime:0.003000s ]
INFO: [ app_begin ] --START--
INFO: Run Behavior\ReadHtmlCacheBehavior [ RunTime:0.002000s ]
INFO: [ app_begin ] --END-- [ RunTime:0.004000s ]

[ 2016-06-20T17:02:55+08:00 ] 127.0.0.1 /mytkp/index.php/Home/User/loadAllHeader
INFO: [ app_init ] --START--
INFO: Run Behavior\BuildLiteBehavior [ RunTime:0.000000s ]
INFO: [ app_init ] --END-- [ RunTime:0.000000s ]
INFO: [ app_begin ] --START--
INFO: Run Behavior\ReadHtmlCacheBehavior [ RunTime:0.000000s ]
INFO: [ app_begin ] --END-- [ RunTime:0.000000s ]
SQL: SHOW COLUMNS FROM `tb_user` [ RunTime:0.0000s ]
SQL: SELECT `uid`,`trueName` FROM `tb_user` WHERE ( userType=2 )  [ RunTime:0.0000s ]

[ 2016-06-20T17:03:19+08:00 ] 127.0.0.1 /mytkp/index.php/Home/Class/classManage
INFO: [ app_init ] --START--
INFO: Run Behavior\BuildLiteBehavior [ RunTime:0.000000s ]
INFO: [ app_init ] --END-- [ RunTime:0.000000s ]
INFO: [ app_begin ] --START--
INFO: Run Behavior\ReadHtmlCacheBehavior [ RunTime:0.000000s ]
INFO: [ app_begin ] --END-- [ RunTime:0.000000s ]
SQL: SHOW COLUMNS FROM `class` [ RunTime:0.0000s ]
INFO: [ view_parse ] --START--
INFO: [ template_filter ] --START--
INFO: Run Behavior\ContentReplaceBehavior [ RunTime:0.000000s ]
INFO: [ template_filter ] --END-- [ RunTime:0.000000s ]
INFO: Run Behavior\ParseTemplateBehavior [ RunTime:0.046801s ]
INFO: [ view_parse ] --END-- [ RunTime:0.046801s ]
INFO: [ view_filter ] --START--
INFO: Run Behavior\WriteHtmlCacheBehavior [ RunTime:0.000000s ]
INFO: [ view_filter ] --END-- [ RunTime:0.000000s ]
INFO: [ app_end ] --START--
INFO: Run Behavior\ShowPageTraceBehavior [ RunTime:0.000000s ]
INFO: [ app_end ] --END-- [ RunTime:0.000000s ]

[ 2016-06-20T17:03:21+08:00 ] 127.0.0.1 /mytkp/index.php/Home/Class/loadClassByPage?pageNo=1&pageSize=10&page=1&rows=10
INFO: [ app_init ] --START--
INFO: Run Behavior\BuildLiteBehavior [ RunTime:0.000000s ]
INFO: [ app_init ] --END-- [ RunTime:0.000000s ]
INFO: [ app_begin ] --START--
INFO: Run Behavior\ReadHtmlCacheBehavior [ RunTime:0.000000s ]
INFO: [ app_begin ] --END-- [ RunTime:0.000000s ]
SQL: SHOW COLUMNS FROM `class` [ RunTime:0.0000s ]
SQL: select count(*) as cc from class c,tb_user u1,tb_user u2 where c.headerid=u1.uid and c.managerid=u2.uid [ RunTime:0.0000s ]
SQL: select c.cid,c.name,c.classtype,c.status,
            c.createtime,c.begintime,c.endtime,u1.truename headername,
            u2.truename managername,c.stucount,c.remark from class c,tb_user u1,tb_user u2 where c.headerid=u1.uid and c.managerid=u2.uid limit 0,10 [ RunTime:0.0000s ]

[ 2016-06-20T17:03:30+08:00 ] 127.0.0.1 /mytkp/index.php/Home/Class/checkExamToday
INFO: [ app_init ] --START--
INFO: Run Behavior\BuildLiteBehavior [ RunTime:0.000000s ]
INFO: [ app_init ] --END-- [ RunTime:0.000000s ]
INFO: [ app_begin ] --START--
INFO: Run Behavior\ReadHtmlCacheBehavior [ RunTime:0.000000s ]
INFO: [ app_begin ] --END-- [ RunTime:0.000000s ]
SQL: SHOW COLUMNS FROM `class` [ RunTime:0.0000s ]
SQL: SHOW COLUMNS FROM `exam` [ RunTime:0.0000s ]
SQL: SELECT * FROM `exam` WHERE ( classid in(1,4) and beginTime between '2016-06-20 00:00:00' and '2016-06-20 23:59:59' )  [ RunTime:0.0000s ]

[ 2016-06-20T17:03:33+08:00 ] 127.0.0.1 /mytkp/index.php/Home/User/loadAllHeader
INFO: [ app_init ] --START--
INFO: Run Behavior\BuildLiteBehavior [ RunTime:0.000000s ]
INFO: [ app_init ] --END-- [ RunTime:0.000000s ]
INFO: [ app_begin ] --START--
INFO: Run Behavior\ReadHtmlCacheBehavior [ RunTime:0.000000s ]
INFO: [ app_begin ] --END-- [ RunTime:0.000000s ]
SQL: SHOW COLUMNS FROM `tb_user` [ RunTime:0.0000s ]
SQL: SELECT `uid`,`trueName` FROM `tb_user` WHERE ( userType=2 )  [ RunTime:0.0000s ]

[ 2016-06-20T17:03:36+08:00 ] 127.0.0.1 /mytkp/index.php/Home/User/loadAllManager
INFO: [ app_init ] --START--
INFO: Run Behavior\BuildLiteBehavior [ RunTime:0.000000s ]
INFO: [ app_init ] --END-- [ RunTime:0.015600s ]
INFO: [ app_begin ] --START--
INFO: Run Behavior\ReadHtmlCacheBehavior [ RunTime:0.000000s ]
INFO: [ app_begin ] --END-- [ RunTime:0.000000s ]
SQL: SHOW COLUMNS FROM `tb_user` [ RunTime:0.0000s ]
SQL: SELECT `uid`,`trueName` FROM `tb_user` WHERE ( userType=3 )  [ RunTime:0.0000s ]

[ 2016-06-20T17:06:26+08:00 ] 127.0.0.1 /mytkp/index.php/Home/Class/classManage
INFO: [ app_init ] --START--
INFO: Run Behavior\BuildLiteBehavior [ RunTime:0.000000s ]
INFO: [ app_init ] --END-- [ RunTime:0.000000s ]
INFO: [ app_begin ] --START--
INFO: Run Behavior\ReadHtmlCacheBehavior [ RunTime:0.000000s ]
INFO: [ app_begin ] --END-- [ RunTime:0.000000s ]
SQL: SHOW COLUMNS FROM `class` [ RunTime:0.0000s ]
INFO: [ view_parse ] --START--
INFO: [ template_filter ] --START--
INFO: Run Behavior\ContentReplaceBehavior [ RunTime:0.000000s ]
INFO: [ template_filter ] --END-- [ RunTime:0.015600s ]
INFO: Run Behavior\ParseTemplateBehavior [ RunTime:0.046800s ]
INFO: [ view_parse ] --END-- [ RunTime:0.046800s ]
INFO: [ view_filter ] --START--
INFO: Run Behavior\WriteHtmlCacheBehavior [ RunTime:0.000000s ]
INFO: [ view_filter ] --END-- [ RunTime:0.000000s ]
INFO: [ app_end ] --START--
INFO: Run Behavior\ShowPageTraceBehavior [ RunTime:0.015600s ]
INFO: [ app_end ] --END-- [ RunTime:0.015600s ]

[ 2016-06-20T17:06:28+08:00 ] 127.0.0.1 /mytkp/index.php/Home/Class/loadClassByPage?pageNo=1&pageSize=10&page=1&rows=10
INFO: [ app_init ] --START--
INFO: Run Behavior\BuildLiteBehavior [ RunTime:0.000000s ]
INFO: [ app_init ] --END-- [ RunTime:0.000000s ]
INFO: [ app_begin ] --START--
INFO: Run Behavior\ReadHtmlCacheBehavior [ RunTime:0.000000s ]
INFO: [ app_begin ] --END-- [ RunTime:0.000000s ]
SQL: SHOW COLUMNS FROM `class` [ RunTime:0.0000s ]
SQL: select count(*) as cc from class c,tb_user u1,tb_user u2 where c.headerid=u1.uid and c.managerid=u2.uid [ RunTime:0.0000s ]
SQL: select c.cid,c.name,c.classtype,c.status,
            c.createtime,c.begintime,c.endtime,u1.truename headername,
            u2.truename managername,c.stucount,c.remark from class c,tb_user u1,tb_user u2 where c.headerid=u1.uid and c.managerid=u2.uid limit 0,10 [ RunTime:0.0000s ]

[ 2016-06-20T17:06:32+08:00 ] 127.0.0.1 /mytkp/index.php/Home/Class/checkExamToday
INFO: [ app_init ] --START--
INFO: Run Behavior\BuildLiteBehavior [ RunTime:0.000000s ]
INFO: [ app_init ] --END-- [ RunTime:0.000000s ]
INFO: [ app_begin ] --START--
INFO: Run Behavior\ReadHtmlCacheBehavior [ RunTime:0.000000s ]
INFO: [ app_begin ] --END-- [ RunTime:0.015600s ]
SQL: SHOW COLUMNS FROM `class` [ RunTime:0.0000s ]
SQL: SHOW COLUMNS FROM `exam` [ RunTime:0.0000s ]
SQL: SELECT * FROM `exam` WHERE ( classid in(1,4) and beginTime between '2016-06-20 00:00:00' and '2016-06-20 23:59:59' )  [ RunTime:0.0000s ]

[ 2016-06-20T17:06:36+08:00 ] 127.0.0.1 /mytkp/index.php/Home/User/loadAllHeader
INFO: [ app_init ] --START--
INFO: Run Behavior\BuildLiteBehavior [ RunTime:0.000000s ]
INFO: [ app_init ] --END-- [ RunTime:0.000000s ]
INFO: [ app_begin ] --START--
INFO: Run Behavior\ReadHtmlCacheBehavior [ RunTime:0.000000s ]
INFO: [ app_begin ] --END-- [ RunTime:0.000000s ]
SQL: SHOW COLUMNS FROM `tb_user` [ RunTime:0.0000s ]
SQL: SELECT `uid`,`trueName` FROM `tb_user` WHERE ( userType=2 )  [ RunTime:0.0000s ]

[ 2016-06-20T17:06:39+08:00 ] 127.0.0.1 /mytkp/index.php/Home/User/loadAllManager
INFO: [ app_init ] --START--
INFO: Run Behavior\BuildLiteBehavior [ RunTime:0.000000s ]
INFO: [ app_init ] --END-- [ RunTime:0.000000s ]
INFO: [ app_begin ] --START--
INFO: Run Behavior\ReadHtmlCacheBehavior [ RunTime:0.000000s ]
INFO: [ app_begin ] --END-- [ RunTime:0.000000s ]
SQL: SHOW COLUMNS FROM `tb_user` [ RunTime:0.0000s ]
SQL: SELECT `uid`,`trueName` FROM `tb_user` WHERE ( userType=3 )  [ RunTime:0.0000s ]

[ 2016-06-20T17:08:31+08:00 ] 127.0.0.1 /mytkp/index.php/Home/Class/classManage
INFO: [ app_init ] --START--
INFO: Run Behavior\BuildLiteBehavior [ RunTime:0.000000s ]
INFO: [ app_init ] --END-- [ RunTime:0.000000s ]
INFO: [ app_begin ] --START--
INFO: Run Behavior\ReadHtmlCacheBehavior [ RunTime:0.000000s ]
INFO: [ app_begin ] --END-- [ RunTime:0.015600s ]
SQL: SHOW COLUMNS FROM `class` [ RunTime:0.0000s ]
INFO: [ view_parse ] --START--
INFO: [ template_filter ] --START--
INFO: Run Behavior\ContentReplaceBehavior [ RunTime:0.000000s ]
INFO: [ template_filter ] --END-- [ RunTime:0.000000s ]
INFO: Run Behavior\ParseTemplateBehavior [ RunTime:0.046800s ]
INFO: [ view_parse ] --END-- [ RunTime:0.046800s ]
INFO: [ view_filter ] --START--
INFO: Run Behavior\WriteHtmlCacheBehavior [ RunTime:0.000000s ]
INFO: [ view_filter ] --END-- [ RunTime:0.000000s ]
INFO: [ app_end ] --START--
INFO: Run Behavior\ShowPageTraceBehavior [ RunTime:0.000000s ]
INFO: [ app_end ] --END-- [ RunTime:0.000000s ]

[ 2016-06-20T17:08:33+08:00 ] 127.0.0.1 /mytkp/index.php/Home/Class/loadClassByPage?pageNo=1&pageSize=10&page=1&rows=10
INFO: [ app_init ] --START--
INFO: Run Behavior\BuildLiteBehavior [ RunTime:0.000000s ]
INFO: [ app_init ] --END-- [ RunTime:0.000000s ]
INFO: [ app_begin ] --START--
INFO: Run Behavior\ReadHtmlCacheBehavior [ RunTime:0.000000s ]
INFO: [ app_begin ] --END-- [ RunTime:0.000000s ]
SQL: SHOW COLUMNS FROM `class` [ RunTime:0.0000s ]
SQL: select count(*) as cc from class c,tb_user u1,tb_user u2 where c.headerid=u1.uid and c.managerid=u2.uid [ RunTime:0.0000s ]
SQL: select c.cid,c.name,c.classtype,c.status,
            c.createtime,c.begintime,c.endtime,u1.truename headername,
            u2.truename managername,c.stucount,c.remark from class c,tb_user u1,tb_user u2 where c.headerid=u1.uid and c.managerid=u2.uid limit 0,10 [ RunTime:0.0000s ]

[ 2016-06-20T17:08:38+08:00 ] 127.0.0.1 /mytkp/index.php/Home/Class/checkExamToday
INFO: [ app_init ] --START--
INFO: Run Behavior\BuildLiteBehavior [ RunTime:0.000000s ]
INFO: [ app_init ] --END-- [ RunTime:0.000000s ]
INFO: [ app_begin ] --START--
INFO: Run Behavior\ReadHtmlCacheBehavior [ RunTime:0.000000s ]
INFO: [ app_begin ] --END-- [ RunTime:0.000000s ]
SQL: SHOW COLUMNS FROM `class` [ RunTime:0.0000s ]
SQL: SHOW COLUMNS FROM `exam` [ RunTime:0.0000s ]
SQL: SELECT * FROM `exam` WHERE ( classid in(1,4) and beginTime between '2016-06-20 00:00:00' and '2016-06-20 23:59:59' )  [ RunTime:0.0000s ]

[ 2016-06-20T17:08:42+08:00 ] 127.0.0.1 /mytkp/index.php/Home/User/loadAllHeader
INFO: [ app_init ] --START--
INFO: Run Behavior\BuildLiteBehavior [ RunTime:0.000000s ]
INFO: [ app_init ] --END-- [ RunTime:0.000000s ]
INFO: [ app_begin ] --START--
INFO: Run Behavior\ReadHtmlCacheBehavior [ RunTime:0.015600s ]
INFO: [ app_begin ] --END-- [ RunTime:0.015600s ]
SQL: SHOW COLUMNS FROM `tb_user` [ RunTime:0.0000s ]
SQL: SELECT `uid`,`trueName` FROM `tb_user` WHERE ( userType=2 )  [ RunTime:0.0000s ]

[ 2016-06-20T17:08:45+08:00 ] 127.0.0.1 /mytkp/index.php/Home/User/loadAllManager
INFO: [ app_init ] --START--
INFO: Run Behavior\BuildLiteBehavior [ RunTime:0.000000s ]
INFO: [ app_init ] --END-- [ RunTime:0.015600s ]
INFO: [ app_begin ] --START--
INFO: Run Behavior\ReadHtmlCacheBehavior [ RunTime:0.000000s ]
INFO: [ app_begin ] --END-- [ RunTime:0.000000s ]
SQL: SHOW COLUMNS FROM `tb_user` [ RunTime:0.0000s ]
SQL: SELECT `uid`,`trueName` FROM `tb_user` WHERE ( userType=3 )  [ RunTime:0.0000s ]

[ 2016-06-20T17:09:07+08:00 ] 127.0.0.1 /mytkp/index.php/Home/Class/classManage
INFO: [ app_init ] --START--
INFO: Run Behavior\BuildLiteBehavior [ RunTime:0.000000s ]
INFO: [ app_init ] --END-- [ RunTime:0.000000s ]
INFO: [ app_begin ] --START--
INFO: Run Behavior\ReadHtmlCacheBehavior [ RunTime:0.015600s ]
INFO: [ app_begin ] --END-- [ RunTime:0.015600s ]
SQL: SHOW COLUMNS FROM `class` [ RunTime:0.0000s ]
INFO: [ view_parse ] --START--
INFO: [ template_filter ] --START--
INFO: Run Behavior\ContentReplaceBehavior [ RunTime:0.000000s ]
INFO: [ template_filter ] --END-- [ RunTime:0.000000s ]
INFO: Run Behavior\ParseTemplateBehavior [ RunTime:0.031200s ]
INFO: [ view_parse ] --END-- [ RunTime:0.046800s ]
INFO: [ view_filter ] --START--
INFO: Run Behavior\WriteHtmlCacheBehavior [ RunTime:0.000000s ]
INFO: [ view_filter ] --END-- [ RunTime:0.000000s ]
INFO: [ app_end ] --START--
INFO: Run Behavior\ShowPageTraceBehavior [ RunTime:0.000000s ]
INFO: [ app_end ] --END-- [ RunTime:0.000000s ]

[ 2016-06-20T17:09:09+08:00 ] 127.0.0.1 /mytkp/index.php/Home/Class/loadClassByPage?pageNo=1&pageSize=10&page=1&rows=10
INFO: [ app_init ] --START--
INFO: Run Behavior\BuildLiteBehavior [ RunTime:0.000000s ]
INFO: [ app_init ] --END-- [ RunTime:0.000000s ]
INFO: [ app_begin ] --START--
INFO: Run Behavior\ReadHtmlCacheBehavior [ RunTime:0.015600s ]
INFO: [ app_begin ] --END-- [ RunTime:0.015600s ]
SQL: SHOW COLUMNS FROM `class` [ RunTime:0.0000s ]
SQL: select count(*) as cc from class c,tb_user u1,tb_user u2 where c.headerid=u1.uid and c.managerid=u2.uid [ RunTime:0.0000s ]
SQL: select c.cid,c.name,c.classtype,c.status,
            c.createtime,c.begintime,c.endtime,u1.truename headername,
            u2.truename managername,c.stucount,c.remark from class c,tb_user u1,tb_user u2 where c.headerid=u1.uid and c.managerid=u2.uid limit 0,10 [ RunTime:0.0000s ]

[ 2016-06-20T17:09:14+08:00 ] 127.0.0.1 /mytkp/index.php/Home/Class/checkExamToday
INFO: [ app_init ] --START--
INFO: Run Behavior\BuildLiteBehavior [ RunTime:0.000000s ]
INFO: [ app_init ] --END-- [ RunTime:0.000000s ]
INFO: [ app_begin ] --START--
INFO: Run Behavior\ReadHtmlCacheBehavior [ RunTime:0.000000s ]
INFO: [ app_begin ] --END-- [ RunTime:0.000000s ]
SQL: SHOW COLUMNS FROM `class` [ RunTime:0.0000s ]
SQL: SHOW COLUMNS FROM `exam` [ RunTime:0.0000s ]
SQL: SELECT * FROM `exam` WHERE ( classid in(1,4) and beginTime between '2016-06-20 00:00:00' and '2016-06-20 23:59:59' )  [ RunTime:0.0000s ]

[ 2016-06-20T17:09:17+08:00 ] 127.0.0.1 /mytkp/index.php/Home/User/loadAllHeader
INFO: [ app_init ] --START--
INFO: Run Behavior\BuildLiteBehavior [ RunTime:0.000000s ]
INFO: [ app_init ] --END-- [ RunTime:0.000000s ]
INFO: [ app_begin ] --START--
INFO: Run Behavior\ReadHtmlCacheBehavior [ RunTime:0.000000s ]
INFO: [ app_begin ] --END-- [ RunTime:0.000000s ]
SQL: SHOW COLUMNS FROM `tb_user` [ RunTime:0.0000s ]
SQL: SELECT `uid`,`trueName` FROM `tb_user` WHERE ( userType=2 )  [ RunTime:0.0000s ]

[ 2016-06-20T17:09:20+08:00 ] 127.0.0.1 /mytkp/index.php/Home/User/loadAllManager
INFO: [ app_init ] --START--
INFO: Run Behavior\BuildLiteBehavior [ RunTime:0.000000s ]
INFO: [ app_init ] --END-- [ RunTime:0.000000s ]
INFO: [ app_begin ] --START--
INFO: Run Behavior\ReadHtmlCacheBehavior [ RunTime:0.000000s ]
INFO: [ app_begin ] --END-- [ RunTime:0.015600s ]
SQL: SHOW COLUMNS FROM `tb_user` [ RunTime:0.0000s ]
SQL: SELECT `uid`,`trueName` FROM `tb_user` WHERE ( userType=3 )  [ RunTime:0.0000s ]

[ 2016-06-20T17:10:43+08:00 ] 127.0.0.1 /mytkp/index.php/Home/Class/classManage
INFO: [ app_init ] --START--
INFO: Run Behavior\BuildLiteBehavior [ RunTime:0.000000s ]
INFO: [ app_init ] --END-- [ RunTime:0.000000s ]
INFO: [ app_begin ] --START--
INFO: Run Behavior\ReadHtmlCacheBehavior [ RunTime:0.000000s ]
INFO: [ app_begin ] --END-- [ RunTime:0.000000s ]
SQL: SHOW COLUMNS FROM `class` [ RunTime:0.0000s ]
INFO: [ view_parse ] --START--
INFO: [ template_filter ] --START--
INFO: Run Behavior\ContentReplaceBehavior [ RunTime:0.000000s ]
INFO: [ template_filter ] --END-- [ RunTime:0.000000s ]
INFO: Run Behavior\ParseTemplateBehavior [ RunTime:0.046800s ]
INFO: [ view_parse ] --END-- [ RunTime:0.046800s ]
INFO: [ view_filter ] --START--
INFO: Run Behavior\WriteHtmlCacheBehavior [ RunTime:0.015600s ]
INFO: [ view_filter ] --END-- [ RunTime:0.015600s ]
INFO: [ app_end ] --START--
INFO: Run Behavior\ShowPageTraceBehavior [ RunTime:0.000000s ]
INFO: [ app_end ] --END-- [ RunTime:0.000000s ]

[ 2016-06-20T17:10:45+08:00 ] 127.0.0.1 /mytkp/index.php/Home/Class/loadClassByPage?pageNo=1&pageSize=10&page=1&rows=10
INFO: [ app_init ] --START--
INFO: Run Behavior\BuildLiteBehavior [ RunTime:0.000000s ]
INFO: [ app_init ] --END-- [ RunTime:0.000000s ]
INFO: [ app_begin ] --START--
INFO: Run Behavior\ReadHtmlCacheBehavior [ RunTime:0.015600s ]
INFO: [ app_begin ] --END-- [ RunTime:0.015600s ]
SQL: SHOW COLUMNS FROM `class` [ RunTime:0.0000s ]
SQL: select count(*) as cc from class c,tb_user u1,tb_user u2 where c.headerid=u1.uid and c.managerid=u2.uid [ RunTime:0.0000s ]
SQL: select c.cid,c.name,c.classtype,c.status,
            c.createtime,c.begintime,c.endtime,u1.truename headername,
            u2.truename managername,c.stucount,c.remark from class c,tb_user u1,tb_user u2 where c.headerid=u1.uid and c.managerid=u2.uid limit 0,10 [ RunTime:0.0000s ]

[ 2016-06-20T17:10:52+08:00 ] 127.0.0.1 /mytkp/index.php/Home/Class/checkExamToday
INFO: [ app_init ] --START--
INFO: Run Behavior\BuildLiteBehavior [ RunTime:0.000000s ]
INFO: [ app_init ] --END-- [ RunTime:0.003000s ]
INFO: [ app_begin ] --START--
INFO: Run Behavior\ReadHtmlCacheBehavior [ RunTime:0.001001s ]
INFO: [ app_begin ] --END-- [ RunTime:0.003001s ]
SQL: SHOW COLUMNS FROM `class` [ RunTime:0.0030s ]
SQL: SHOW COLUMNS FROM `exam` [ RunTime:0.0020s ]
SQL: SELECT * FROM `exam` WHERE ( classid in(1,4) and beginTime between '2016-06-20 00:00:00' and '2016-06-20 23:59:59' )  [ RunTime:0.0010s ]

[ 2016-06-20T17:10:55+08:00 ] 127.0.0.1 /mytkp/index.php/Home/User/loadAllHeader
INFO: [ app_init ] --START--
INFO: Run Behavior\BuildLiteBehavior [ RunTime:0.000000s ]
INFO: [ app_init ] --END-- [ RunTime:0.002000s ]
INFO: [ app_begin ] --START--
INFO: Run Behavior\ReadHtmlCacheBehavior [ RunTime:0.002000s ]
INFO: [ app_begin ] --END-- [ RunTime:0.002000s ]
SQL: SHOW COLUMNS FROM `tb_user` [ RunTime:0.0020s ]
SQL: SELECT `uid`,`trueName` FROM `tb_user` WHERE ( userType=2 )  [ RunTime:0.0010s ]

[ 2016-06-20T17:10:58+08:00 ] 127.0.0.1 /mytkp/index.php/Home/User/loadAllManager
INFO: [ app_init ] --START--
INFO: Run Behavior\BuildLiteBehavior [ RunTime:0.000000s ]
INFO: [ app_init ] --END-- [ RunTime:0.002000s ]
INFO: [ app_begin ] --START--
INFO: Run Behavior\ReadHtmlCacheBehavior [ RunTime:0.001000s ]
INFO: [ app_begin ] --END-- [ RunTime:0.003000s ]
SQL: SHOW COLUMNS FROM `tb_user` [ RunTime:0.0090s ]
SQL: SELECT `uid`,`trueName` FROM `tb_user` WHERE ( userType=3 )  [ RunTime:0.0000s ]

[ 2016-06-20T17:12:08+08:00 ] 127.0.0.1 /mytkp/index.php/Home/Class/classManage
INFO: [ app_init ] --START--
INFO: Run Behavior\BuildLiteBehavior [ RunTime:0.000000s ]
INFO: [ app_init ] --END-- [ RunTime:0.006000s ]
INFO: [ app_begin ] --START--
INFO: Run Behavior\ReadHtmlCacheBehavior [ RunTime:0.002000s ]
INFO: [ app_begin ] --END-- [ RunTime:0.004000s ]
SQL: SHOW COLUMNS FROM `class` [ RunTime:0.0070s ]
INFO: [ view_parse ] --START--
INFO: [ template_filter ] --START--
INFO: Run Behavior\ContentReplaceBehavior [ RunTime:0.001000s ]
INFO: [ template_filter ] --END-- [ RunTime:0.003000s ]
INFO: Run Behavior\ParseTemplateBehavior [ RunTime:0.047002s ]
INFO: [ view_parse ] --END-- [ RunTime:0.051002s ]
INFO: [ view_filter ] --START--
INFO: Run Behavior\WriteHtmlCacheBehavior [ RunTime:0.001000s ]
INFO: [ view_filter ] --END-- [ RunTime:0.003000s ]
INFO: [ app_end ] --START--
INFO: Run Behavior\ShowPageTraceBehavior [ RunTime:0.004000s ]
INFO: [ app_end ] --END-- [ RunTime:0.006000s ]

[ 2016-06-20T17:12:11+08:00 ] 127.0.0.1 /mytkp/index.php/Home/Class/loadClassByPage?pageNo=1&pageSize=10&page=1&rows=10
INFO: [ app_init ] --START--
INFO: Run Behavior\BuildLiteBehavior [ RunTime:0.001000s ]
INFO: [ app_init ] --END-- [ RunTime:0.004000s ]
INFO: [ app_begin ] --START--
INFO: Run Behavior\ReadHtmlCacheBehavior [ RunTime:0.001000s ]
INFO: [ app_begin ] --END-- [ RunTime:0.003000s ]
SQL: SHOW COLUMNS FROM `class` [ RunTime:0.0050s ]
SQL: select count(*) as cc from class c,tb_user u1,tb_user u2 where c.headerid=u1.uid and c.managerid=u2.uid [ RunTime:0.0010s ]
SQL: select c.cid,c.name,c.classtype,c.status,
            c.createtime,c.begintime,c.endtime,u1.truename headername,
            u2.truename managername,c.stucount,c.remark from class c,tb_user u1,tb_user u2 where c.headerid=u1.uid and c.managerid=u2.uid limit 0,10 [ RunTime:0.0000s ]

[ 2016-06-20T17:12:14+08:00 ] 127.0.0.1 /mytkp/index.php/Home/Class/checkExamToday
INFO: [ app_init ] --START--
INFO: Run Behavior\BuildLiteBehavior [ RunTime:0.000000s ]
INFO: [ app_init ] --END-- [ RunTime:0.002000s ]
INFO: [ app_begin ] --START--
INFO: Run Behavior\ReadHtmlCacheBehavior [ RunTime:0.001000s ]
INFO: [ app_begin ] --END-- [ RunTime:0.003000s ]
SQL: SHOW COLUMNS FROM `class` [ RunTime:0.0030s ]
SQL: SHOW COLUMNS FROM `exam` [ RunTime:0.0040s ]
SQL: SELECT * FROM `exam` WHERE ( classid in(1,4) and beginTime between '2016-06-20 00:00:00' and '2016-06-20 23:59:59' )  [ RunTime:0.0010s ]

[ 2016-06-20T17:12:18+08:00 ] 127.0.0.1 /mytkp/index.php/Home/User/loadAllHeader
INFO: [ app_init ] --START--
INFO: Run Behavior\BuildLiteBehavior [ RunTime:0.001000s ]
INFO: [ app_init ] --END-- [ RunTime:0.003000s ]
INFO: [ app_begin ] --START--
INFO: Run Behavior\ReadHtmlCacheBehavior [ RunTime:0.001000s ]
INFO: [ app_begin ] --END-- [ RunTime:0.003000s ]
SQL: SHOW COLUMNS FROM `tb_user` [ RunTime:0.0020s ]
SQL: SELECT `uid`,`trueName` FROM `tb_user` WHERE ( userType=2 )  [ RunTime:0.0000s ]

[ 2016-06-20T17:12:21+08:00 ] 127.0.0.1 /mytkp/index.php/Home/User/loadAllManager
INFO: [ app_init ] --START--
INFO: Run Behavior\BuildLiteBehavior [ RunTime:0.000000s ]
INFO: [ app_init ] --END-- [ RunTime:0.003000s ]
INFO: [ app_begin ] --START--
INFO: Run Behavior\ReadHtmlCacheBehavior [ RunTime:0.002000s ]
INFO: [ app_begin ] --END-- [ RunTime:0.004000s ]
SQL: SHOW COLUMNS FROM `tb_user` [ RunTime:0.0000s ]
SQL: SELECT `uid`,`trueName` FROM `tb_user` WHERE ( userType=3 )  [ RunTime:0.0000s ]

[ 2016-06-20T17:13:23+08:00 ] 127.0.0.1 /mytkp/index.php/Home/Class/classManage
INFO: [ app_init ] --START--
INFO: Run Behavior\BuildLiteBehavior [ RunTime:0.015600s ]
INFO: [ app_init ] --END-- [ RunTime:0.015600s ]
INFO: [ app_begin ] --START--
INFO: Run Behavior\ReadHtmlCacheBehavior [ RunTime:0.000000s ]
INFO: [ app_begin ] --END-- [ RunTime:0.000000s ]
SQL: SHOW COLUMNS FROM `class` [ RunTime:0.0000s ]
INFO: [ view_parse ] --START--
INFO: [ template_filter ] --START--
INFO: Run Behavior\ContentReplaceBehavior [ RunTime:0.000000s ]
INFO: [ template_filter ] --END-- [ RunTime:0.000000s ]
INFO: Run Behavior\ParseTemplateBehavior [ RunTime:0.031200s ]
INFO: [ view_parse ] --END-- [ RunTime:0.031200s ]
INFO: [ view_filter ] --START--
INFO: Run Behavior\WriteHtmlCacheBehavior [ RunTime:0.000000s ]
INFO: [ view_filter ] --END-- [ RunTime:0.015600s ]
INFO: [ app_end ] --START--
INFO: Run Behavior\ShowPageTraceBehavior [ RunTime:0.000000s ]
INFO: [ app_end ] --END-- [ RunTime:0.000000s ]

[ 2016-06-20T17:13:25+08:00 ] 127.0.0.1 /mytkp/index.php/Home/Class/loadClassByPage?pageNo=1&pageSize=10&page=1&rows=10
INFO: [ app_init ] --START--
INFO: Run Behavior\BuildLiteBehavior [ RunTime:0.000000s ]
INFO: [ app_init ] --END-- [ RunTime:0.000000s ]
INFO: [ app_begin ] --START--
INFO: Run Behavior\ReadHtmlCacheBehavior [ RunTime:0.000000s ]
INFO: [ app_begin ] --END-- [ RunTime:0.000000s ]
SQL: SHOW COLUMNS FROM `class` [ RunTime:0.0000s ]
SQL: select count(*) as cc from class c,tb_user u1,tb_user u2 where c.headerid=u1.uid and c.managerid=u2.uid [ RunTime:0.0000s ]
SQL: select c.cid,c.name,c.classtype,c.status,
            c.createtime,c.begintime,c.endtime,u1.truename headername,
            u2.truename managername,c.stucount,c.remark from class c,tb_user u1,tb_user u2 where c.headerid=u1.uid and c.managerid=u2.uid limit 0,10 [ RunTime:0.0156s ]

[ 2016-06-20T17:13:29+08:00 ] 127.0.0.1 /mytkp/index.php/Home/Class/checkExamToday
INFO: [ app_init ] --START--
INFO: Run Behavior\BuildLiteBehavior [ RunTime:0.000000s ]
INFO: [ app_init ] --END-- [ RunTime:0.000000s ]
INFO: [ app_begin ] --START--
INFO: Run Behavior\ReadHtmlCacheBehavior [ RunTime:0.000000s ]
INFO: [ app_begin ] --END-- [ RunTime:0.000000s ]
SQL: SHOW COLUMNS FROM `class` [ RunTime:0.0000s ]
SQL: SHOW COLUMNS FROM `exam` [ RunTime:0.0156s ]
SQL: SELECT * FROM `exam` WHERE ( classid in(1,4) and beginTime between '2016-06-20 00:00:00' and '2016-06-20 23:59:59' )  [ RunTime:0.0000s ]

[ 2016-06-20T17:13:32+08:00 ] 127.0.0.1 /mytkp/index.php/Home/User/loadAllHeader
INFO: [ app_init ] --START--
INFO: Run Behavior\BuildLiteBehavior [ RunTime:0.000000s ]
INFO: [ app_init ] --END-- [ RunTime:0.000000s ]
INFO: [ app_begin ] --START--
INFO: Run Behavior\ReadHtmlCacheBehavior [ RunTime:0.015600s ]
INFO: [ app_begin ] --END-- [ RunTime:0.015600s ]
SQL: SHOW COLUMNS FROM `tb_user` [ RunTime:0.0000s ]
SQL: SELECT `uid`,`trueName` FROM `tb_user` WHERE ( userType=2 )  [ RunTime:0.0000s ]

[ 2016-06-20T17:13:35+08:00 ] 127.0.0.1 /mytkp/index.php/Home/User/loadAllManager
INFO: [ app_init ] --START--
INFO: Run Behavior\BuildLiteBehavior [ RunTime:0.000000s ]
INFO: [ app_init ] --END-- [ RunTime:0.000000s ]
INFO: [ app_begin ] --START--
INFO: Run Behavior\ReadHtmlCacheBehavior [ RunTime:0.000000s ]
INFO: [ app_begin ] --END-- [ RunTime:0.000000s ]
SQL: SHOW COLUMNS FROM `tb_user` [ RunTime:0.0000s ]
SQL: SELECT `uid`,`trueName` FROM `tb_user` WHERE ( userType=3 )  [ RunTime:0.0000s ]

[ 2016-06-20T17:13:41+08:00 ] 127.0.0.1 /mytkp/index.php/Home/Class/hebingclass
INFO: [ app_init ] --START--
INFO: Run Behavior\BuildLiteBehavior [ RunTime:0.000000s ]
INFO: [ app_init ] --END-- [ RunTime:0.000000s ]
INFO: [ app_begin ] --START--
INFO: Run Behavior\ReadHtmlCacheBehavior [ RunTime:0.000000s ]
INFO: [ app_begin ] --END-- [ RunTime:0.000000s ]
SQL: SHOW COLUMNS FROM `class` [ RunTime:0.0000s ]
SQL: SHOW COLUMNS FROM `class` [ RunTime:0.0000s ]
SQL: SELECT * FROM `class` WHERE ( cid in(1,4) )  [ RunTime:0.0000s ]
NOTIC: [8] Undefined variable: totalCount D:\php\webapp\mytkp\Application\Home\Controller\ClassController.class.php  125 .
SQL: UPDATE `class` SET `name`='u18',`status`='3',`headerid`='3',`managerid`='2',`stucount`='0',`remark`='' WHERE `cid` = 1 [ RunTime:0.0000s ]
SQL: update tb_user set classid=4 where classid=1 [ RunTime:0.0000s ]
SQL: SHOW COLUMNS FROM `class` [ RunTime:0.0000s ]
SQL: SELECT * FROM `class` WHERE ( cid = 4 ) LIMIT 1   [ RunTime:0.0000s ]
SQL: UPDATE `class` SET `name`='u21',`status`='1',`headerid`='6',`managerid`='5',`stucount`='2',`remark`='' WHERE `cid` = 4 [ RunTime:0.0000s ]
SQL: select count(*) as cc from class c,tb_user u1,tb_user u2 where c.headerid=u1.uid and c.managerid=u2.uid [ RunTime:0.0000s ]
SQL: select c.cid,c.name,c.classtype,c.status,
            c.createtime,c.begintime,c.endtime,u1.truename headername,
            u2.truename managername,c.stucount,c.remark from class c,tb_user u1,tb_user u2 where c.headerid=u1.uid and c.managerid=u2.uid limit 0,10 [ RunTime:0.0000s ]

[ 2016-06-20T17:18:58+08:00 ] 127.0.0.1 /mytkp/index.php/Home/Class/classManage
INFO: [ app_init ] --START--
INFO: Run Behavior\BuildLiteBehavior [ RunTime:0.000000s ]
INFO: [ app_init ] --END-- [ RunTime:0.015600s ]
INFO: [ app_begin ] --START--
INFO: Run Behavior\ReadHtmlCacheBehavior [ RunTime:0.000000s ]
INFO: [ app_begin ] --END-- [ RunTime:0.000000s ]
SQL: SHOW COLUMNS FROM `class` [ RunTime:0.0000s ]
INFO: [ view_parse ] --START--
INFO: [ template_filter ] --START--
INFO: Run Behavior\ContentReplaceBehavior [ RunTime:0.000000s ]
INFO: [ template_filter ] --END-- [ RunTime:0.000000s ]
INFO: Run Behavior\ParseTemplateBehavior [ RunTime:0.046800s ]
INFO: [ view_parse ] --END-- [ RunTime:0.046800s ]
INFO: [ view_filter ] --START--
INFO: Run Behavior\WriteHtmlCacheBehavior [ RunTime:0.000000s ]
INFO: [ view_filter ] --END-- [ RunTime:0.000000s ]
INFO: [ app_end ] --START--
INFO: Run Behavior\ShowPageTraceBehavior [ RunTime:0.000000s ]
INFO: [ app_end ] --END-- [ RunTime:0.000000s ]

[ 2016-06-20T17:19:00+08:00 ] 127.0.0.1 /mytkp/index.php/Home/Class/loadClassByPage?pageNo=1&pageSize=10&page=1&rows=10
INFO: [ app_init ] --START--
INFO: Run Behavior\BuildLiteBehavior [ RunTime:0.000000s ]
INFO: [ app_init ] --END-- [ RunTime:0.000000s ]
INFO: [ app_begin ] --START--
INFO: Run Behavior\ReadHtmlCacheBehavior [ RunTime:0.015600s ]
INFO: [ app_begin ] --END-- [ RunTime:0.015600s ]
SQL: SHOW COLUMNS FROM `class` [ RunTime:0.0000s ]
SQL: select count(*) as cc from class c,tb_user u1,tb_user u2 where c.headerid=u1.uid and c.managerid=u2.uid [ RunTime:0.0000s ]
SQL: select c.cid,c.name,c.classtype,c.status,
            c.createtime,c.begintime,c.endtime,u1.truename headername,
            u2.truename managername,c.stucount,c.remark from class c,tb_user u1,tb_user u2 where c.headerid=u1.uid and c.managerid=u2.uid limit 0,10 [ RunTime:0.0000s ]

[ 2016-06-20T17:22:10+08:00 ] 127.0.0.1 /mytkp/index.php/Home/Class/classManage
INFO: [ app_init ] --START--
INFO: Run Behavior\BuildLiteBehavior [ RunTime:0.000000s ]
INFO: [ app_init ] --END-- [ RunTime:0.000000s ]
INFO: [ app_begin ] --START--
INFO: Run Behavior\ReadHtmlCacheBehavior [ RunTime:0.000000s ]
INFO: [ app_begin ] --END-- [ RunTime:0.000000s ]
SQL: SHOW COLUMNS FROM `class` [ RunTime:0.0000s ]
INFO: [ view_parse ] --START--
INFO: [ template_filter ] --START--
INFO: Run Behavior\ContentReplaceBehavior [ RunTime:0.000000s ]
INFO: [ template_filter ] --END-- [ RunTime:0.000000s ]
INFO: Run Behavior\ParseTemplateBehavior [ RunTime:0.046800s ]
INFO: [ view_parse ] --END-- [ RunTime:0.046800s ]
INFO: [ view_filter ] --START--
INFO: Run Behavior\WriteHtmlCacheBehavior [ RunTime:0.000000s ]
INFO: [ view_filter ] --END-- [ RunTime:0.015600s ]
INFO: [ app_end ] --START--
INFO: Run Behavior\ShowPageTraceBehavior [ RunTime:0.000000s ]
INFO: [ app_end ] --END-- [ RunTime:0.000000s ]

[ 2016-06-20T17:22:13+08:00 ] 127.0.0.1 /mytkp/index.php/Home/Class/loadClassByPage?pageNo=1&pageSize=10&page=1&rows=10
INFO: [ app_init ] --START--
INFO: Run Behavior\BuildLiteBehavior [ RunTime:0.015600s ]
INFO: [ app_init ] --END-- [ RunTime:0.015600s ]
INFO: [ app_begin ] --START--
INFO: Run Behavior\ReadHtmlCacheBehavior [ RunTime:0.000000s ]
INFO: [ app_begin ] --END-- [ RunTime:0.000000s ]
SQL: SHOW COLUMNS FROM `class` [ RunTime:0.0000s ]
SQL: select count(*) as cc from class c,tb_user u1,tb_user u2 where c.headerid=u1.uid and c.managerid=u2.uid [ RunTime:0.0000s ]
SQL: select c.cid,c.name,c.classtype,c.status,
            c.createtime,c.begintime,c.endtime,u1.truename headername,
            u2.truename managername,c.stucount,c.remark from class c,tb_user u1,tb_user u2 where c.headerid=u1.uid and c.managerid=u2.uid limit 0,10 [ RunTime:0.0000s ]

[ 2016-06-20T17:22:22+08:00 ] 127.0.0.1 /mytkp/index.php/Home/Class/checkExamToday
INFO: [ app_init ] --START--
INFO: Run Behavior\BuildLiteBehavior [ RunTime:0.000000s ]
INFO: [ app_init ] --END-- [ RunTime:0.000000s ]
INFO: [ app_begin ] --START--
INFO: Run Behavior\ReadHtmlCacheBehavior [ RunTime:0.000000s ]
INFO: [ app_begin ] --END-- [ RunTime:0.000000s ]
SQL: SHOW COLUMNS FROM `class` [ RunTime:0.0000s ]
SQL: SHOW COLUMNS FROM `exam` [ RunTime:0.0000s ]
SQL: SELECT * FROM `exam` WHERE ( classid in(1,4) and beginTime between '2016-06-20 00:00:00' and '2016-06-20 23:59:59' )  [ RunTime:0.0000s ]

[ 2016-06-20T17:22:25+08:00 ] 127.0.0.1 /mytkp/index.php/Home/User/loadAllManager
INFO: [ app_init ] --START--
INFO: Run Behavior\BuildLiteBehavior [ RunTime:0.000000s ]
INFO: [ app_init ] --END-- [ RunTime:0.000000s ]
INFO: [ app_begin ] --START--
INFO: Run Behavior\ReadHtmlCacheBehavior [ RunTime:0.000000s ]
INFO: [ app_begin ] --END-- [ RunTime:0.015600s ]
SQL: SHOW COLUMNS FROM `tb_user` [ RunTime:0.0000s ]
SQL: SELECT `uid`,`trueName` FROM `tb_user` WHERE ( userType=3 )  [ RunTime:0.0000s ]

[ 2016-06-20T17:22:28+08:00 ] 127.0.0.1 /mytkp/index.php/Home/User/loadAllHeader
INFO: [ app_init ] --START--
INFO: Run Behavior\BuildLiteBehavior [ RunTime:0.000000s ]
INFO: [ app_init ] --END-- [ RunTime:0.000000s ]
INFO: [ app_begin ] --START--
INFO: Run Behavior\ReadHtmlCacheBehavior [ RunTime:0.000000s ]
INFO: [ app_begin ] --END-- [ RunTime:0.000000s ]
SQL: SHOW COLUMNS FROM `tb_user` [ RunTime:0.0000s ]
SQL: SELECT `uid`,`trueName` FROM `tb_user` WHERE ( userType=2 )  [ RunTime:0.0000s ]

[ 2016-06-20T17:22:49+08:00 ] 127.0.0.1 /mytkp/index.php/Home/Class/hebingclass
INFO: [ app_init ] --START--
INFO: Run Behavior\BuildLiteBehavior [ RunTime:0.000000s ]
INFO: [ app_init ] --END-- [ RunTime:0.000000s ]
INFO: [ app_begin ] --START--
INFO: Run Behavior\ReadHtmlCacheBehavior [ RunTime:0.015600s ]
INFO: [ app_begin ] --END-- [ RunTime:0.015600s ]
SQL: SHOW COLUMNS FROM `class` [ RunTime:0.0000s ]
SQL: SHOW COLUMNS FROM `class` [ RunTime:0.0000s ]
SQL: SELECT * FROM `class` WHERE ( cid in(1,4) )  [ RunTime:0.0000s ]
NOTIC: [8] Undefined variable: totalCount D:\php\webapp\mytkp\Application\Home\Controller\ClassController.class.php  125 .
SQL: UPDATE `class` SET `name`='u18',`status`='3',`headerid`='3',`managerid`='2',`stucount`='0',`remark`='' WHERE `cid` = 1 [ RunTime:0.0000s ]
SQL: update tb_user set classid=4 where classid=1 [ RunTime:0.0000s ]
SQL: SHOW COLUMNS FROM `class` [ RunTime:0.0000s ]
SQL: SELECT * FROM `class` WHERE ( cid = 4 ) LIMIT 1   [ RunTime:0.0000s ]
SQL: UPDATE `class` SET `name`='u21',`status`='1',`headerid`='3',`managerid`='2',`stucount`='2',`remark`='' WHERE `cid` = 4 [ RunTime:0.0000s ]
SQL: select count(*) as cc from class c,tb_user u1,tb_user u2 where c.headerid=u1.uid and c.managerid=u2.uid [ RunTime:0.0000s ]
SQL: select c.cid,c.name,c.classtype,c.status,
            c.createtime,c.begintime,c.endtime,u1.truename headername,
            u2.truename managername,c.stucount,c.remark from class c,tb_user u1,tb_user u2 where c.headerid=u1.uid and c.managerid=u2.uid limit 0,10 [ RunTime:0.0000s ]

[ 2016-06-20T17:25:08+08:00 ] 127.0.0.1 /mytkp/index.php/Home/Class/classManage
INFO: [ app_init ] --START--
INFO: Run Behavior\BuildLiteBehavior [ RunTime:0.000000s ]
INFO: [ app_init ] --END-- [ RunTime:0.003000s ]
INFO: [ app_begin ] --START--
INFO: Run Behavior\ReadHtmlCacheBehavior [ RunTime:0.001000s ]
INFO: [ app_begin ] --END-- [ RunTime:0.004000s ]
SQL: SHOW COLUMNS FROM `class` [ RunTime:0.0070s ]
INFO: [ view_parse ] --START--
INFO: [ template_filter ] --START--
INFO: Run Behavior\ContentReplaceBehavior [ RunTime:0.001000s ]
INFO: [ template_filter ] --END-- [ RunTime:0.003000s ]
INFO: Run Behavior\ParseTemplateBehavior [ RunTime:0.046002s ]
INFO: [ view_parse ] --END-- [ RunTime:0.049002s ]
INFO: [ view_filter ] --START--
INFO: Run Behavior\WriteHtmlCacheBehavior [ RunTime:0.001001s ]
INFO: [ view_filter ] --END-- [ RunTime:0.004001s ]
INFO: [ app_end ] --START--
INFO: Run Behavior\ShowPageTraceBehavior [ RunTime:0.003000s ]
INFO: [ app_end ] --END-- [ RunTime:0.005000s ]

[ 2016-06-20T17:25:10+08:00 ] 127.0.0.1 /mytkp/index.php/Home/Class/loadClassByPage?pageNo=1&pageSize=10&page=1&rows=10
INFO: [ app_init ] --START--
INFO: Run Behavior\BuildLiteBehavior [ RunTime:0.000000s ]
INFO: [ app_init ] --END-- [ RunTime:0.003000s ]
INFO: [ app_begin ] --START--
INFO: Run Behavior\ReadHtmlCacheBehavior [ RunTime:0.002001s ]
INFO: [ app_begin ] --END-- [ RunTime:0.004001s ]
SQL: SHOW COLUMNS FROM `class` [ RunTime:0.0020s ]
SQL: select count(*) as cc from class c,tb_user u1,tb_user u2 where c.headerid=u1.uid and c.managerid=u2.uid [ RunTime:0.0010s ]
SQL: select c.cid,c.name,c.classtype,c.status,
            c.createtime,c.begintime,c.endtime,u1.truename headername,
            u2.truename managername,c.stucount,c.remark from class c,tb_user u1,tb_user u2 where c.headerid=u1.uid and c.managerid=u2.uid limit 0,10 [ RunTime:0.0000s ]

[ 2016-06-20T17:28:21+08:00 ] 127.0.0.1 /mytkp/index.php/Home/Class/classManage
INFO: [ app_init ] --START--
INFO: Run Behavior\BuildLiteBehavior [ RunTime:0.015600s ]
INFO: [ app_init ] --END-- [ RunTime:0.015600s ]
INFO: [ app_begin ] --START--
INFO: Run Behavior\ReadHtmlCacheBehavior [ RunTime:0.000000s ]
INFO: [ app_begin ] --END-- [ RunTime:0.000000s ]
SQL: SHOW COLUMNS FROM `class` [ RunTime:0.0000s ]
INFO: [ view_parse ] --START--
INFO: [ template_filter ] --START--
INFO: Run Behavior\ContentReplaceBehavior [ RunTime:0.000000s ]
INFO: [ template_filter ] --END-- [ RunTime:0.015600s ]
INFO: Run Behavior\ParseTemplateBehavior [ RunTime:0.046800s ]
INFO: [ view_parse ] --END-- [ RunTime:0.046800s ]
INFO: [ view_filter ] --START--
INFO: Run Behavior\WriteHtmlCacheBehavior [ RunTime:0.000000s ]
INFO: [ view_filter ] --END-- [ RunTime:0.000000s ]
INFO: [ app_end ] --START--
INFO: Run Behavior\ShowPageTraceBehavior [ RunTime:0.000000s ]
INFO: [ app_end ] --END-- [ RunTime:0.015600s ]

[ 2016-06-20T17:28:23+08:00 ] 127.0.0.1 /mytkp/index.php/Home/Class/loadClassByPage?pageNo=1&pageSize=10&page=1&rows=10
INFO: [ app_init ] --START--
INFO: Run Behavior\BuildLiteBehavior [ RunTime:0.000000s ]
INFO: [ app_init ] --END-- [ RunTime:0.000000s ]
INFO: [ app_begin ] --START--
INFO: Run Behavior\ReadHtmlCacheBehavior [ RunTime:0.000000s ]
INFO: [ app_begin ] --END-- [ RunTime:0.000000s ]
SQL: SHOW COLUMNS FROM `class` [ RunTime:0.0000s ]
SQL: select count(*) as cc from class c,tb_user u1,tb_user u2 where c.headerid=u1.uid and c.managerid=u2.uid [ RunTime:0.0000s ]
SQL: select c.cid,c.name,c.classtype,c.status,
            c.createtime,c.begintime,c.endtime,u1.truename headername,
            u2.truename managername,c.stucount,c.remark from class c,tb_user u1,tb_user u2 where c.headerid=u1.uid and c.managerid=u2.uid limit 0,10 [ RunTime:0.0000s ]

[ 2016-06-20T17:28:35+08:00 ] 127.0.0.1 /mytkp/index.php/Home/Class/checkExamToday
INFO: [ app_init ] --START--
INFO: Run Behavior\BuildLiteBehavior [ RunTime:0.000000s ]
INFO: [ app_init ] --END-- [ RunTime:0.000000s ]
INFO: [ app_begin ] --START--
INFO: Run Behavior\ReadHtmlCacheBehavior [ RunTime:0.000000s ]
INFO: [ app_begin ] --END-- [ RunTime:0.000000s ]
SQL: SHOW COLUMNS FROM `class` [ RunTime:0.0000s ]
SQL: SHOW COLUMNS FROM `exam` [ RunTime:0.0000s ]
SQL: SELECT * FROM `exam` WHERE ( classid in(1,4) and beginTime between '2016-06-20 00:00:00' and '2016-06-20 23:59:59' )  [ RunTime:0.0000s ]

[ 2016-06-20T17:28:38+08:00 ] 127.0.0.1 /mytkp/index.php/Home/User/loadAllHeader
INFO: [ app_init ] --START--
INFO: Run Behavior\BuildLiteBehavior [ RunTime:0.000000s ]
INFO: [ app_init ] --END-- [ RunTime:0.000000s ]
INFO: [ app_begin ] --START--
INFO: Run Behavior\ReadHtmlCacheBehavior [ RunTime:0.000000s ]
INFO: [ app_begin ] --END-- [ RunTime:0.015600s ]
SQL: SHOW COLUMNS FROM `tb_user` [ RunTime:0.0000s ]
SQL: SELECT `uid`,`trueName` FROM `tb_user` WHERE ( userType=2 )  [ RunTime:0.0000s ]

[ 2016-06-20T17:28:42+08:00 ] 127.0.0.1 /mytkp/index.php/Home/User/loadAllManager
INFO: [ app_init ] --START--
INFO: Run Behavior\BuildLiteBehavior [ RunTime:0.000000s ]
INFO: [ app_init ] --END-- [ RunTime:0.000000s ]
INFO: [ app_begin ] --START--
INFO: Run Behavior\ReadHtmlCacheBehavior [ RunTime:0.000000s ]
INFO: [ app_begin ] --END-- [ RunTime:0.000000s ]
SQL: SHOW COLUMNS FROM `tb_user` [ RunTime:0.0000s ]
SQL: SELECT `uid`,`trueName` FROM `tb_user` WHERE ( userType=3 )  [ RunTime:0.0000s ]

[ 2016-06-20T17:28:48+08:00 ] 127.0.0.1 /mytkp/index.php/Home/Class/hebingclass
INFO: [ app_init ] --START--
INFO: Run Behavior\BuildLiteBehavior [ RunTime:0.000000s ]
INFO: [ app_init ] --END-- [ RunTime:0.000000s ]
INFO: [ app_begin ] --START--
INFO: Run Behavior\ReadHtmlCacheBehavior [ RunTime:0.000000s ]
INFO: [ app_begin ] --END-- [ RunTime:0.000000s ]
SQL: SHOW COLUMNS FROM `class` [ RunTime:0.0000s ]
SQL: SHOW COLUMNS FROM `class` [ RunTime:0.0000s ]
SQL: SELECT * FROM `class` WHERE ( cid in(1,4) )  [ RunTime:0.0000s ]
NOTIC: [8] Undefined variable: totalCount D:\php\webapp\mytkp\Application\Home\Controller\ClassController.class.php  125 .
SQL: UPDATE `class` SET `name`='u21',`status`='2',`headerid`='3',`managerid`='2',`stucount`='0',`remark`='' WHERE `cid` = 4 [ RunTime:0.0000s ]
SQL: update tb_user set classid=1 where classid=4 [ RunTime:0.0000s ]
SQL: SHOW COLUMNS FROM `class` [ RunTime:0.0000s ]
SQL: SELECT * FROM `class` WHERE ( cid = 1 ) LIMIT 1   [ RunTime:0.0000s ]
SQL: UPDATE `class` SET `name`='u18',`status`='1',`headerid`='6',`managerid`='5',`stucount`='2',`remark`='' WHERE `cid` = 1 [ RunTime:0.0000s ]
SQL: select count(*) as cc from class c,tb_user u1,tb_user u2 where c.headerid=u1.uid and c.managerid=u2.uid [ RunTime:0.0000s ]
SQL: select c.cid,c.name,c.classtype,c.status,
            c.createtime,c.begintime,c.endtime,u1.truename headername,
            u2.truename managername,c.stucount,c.remark from class c,tb_user u1,tb_user u2 where c.headerid=u1.uid and c.managerid=u2.uid limit 0,10 [ RunTime:0.0000s ]

[ 2016-06-20T17:32:08+08:00 ] 127.0.0.1 /mytkp/index.php/Home/Class/classManage
INFO: [ app_init ] --START--
INFO: Run Behavior\BuildLiteBehavior [ RunTime:0.000000s ]
INFO: [ app_init ] --END-- [ RunTime:0.000000s ]
INFO: [ app_begin ] --START--
INFO: Run Behavior\ReadHtmlCacheBehavior [ RunTime:0.000000s ]
INFO: [ app_begin ] --END-- [ RunTime:0.000000s ]
SQL: SHOW COLUMNS FROM `class` [ RunTime:0.0000s ]
INFO: [ view_parse ] --START--
INFO: [ template_filter ] --START--
INFO: Run Behavior\ContentReplaceBehavior [ RunTime:0.000000s ]
INFO: [ template_filter ] --END-- [ RunTime:0.015600s ]
INFO: Run Behavior\ParseTemplateBehavior [ RunTime:0.046800s ]
INFO: [ view_parse ] --END-- [ RunTime:0.046800s ]
INFO: [ view_filter ] --START--
INFO: Run Behavior\WriteHtmlCacheBehavior [ RunTime:0.000000s ]
INFO: [ view_filter ] --END-- [ RunTime:0.000000s ]
INFO: [ app_end ] --START--
INFO: Run Behavior\ShowPageTraceBehavior [ RunTime:0.015600s ]
INFO: [ app_end ] --END-- [ RunTime:0.015600s ]

[ 2016-06-20T17:32:10+08:00 ] 127.0.0.1 /mytkp/index.php/Home/Class/loadClassByPage?pageNo=1&pageSize=10&page=1&rows=10
INFO: [ app_init ] --START--
INFO: Run Behavior\BuildLiteBehavior [ RunTime:0.000000s ]
INFO: [ app_init ] --END-- [ RunTime:0.000000s ]
INFO: [ app_begin ] --START--
INFO: Run Behavior\ReadHtmlCacheBehavior [ RunTime:0.015600s ]
INFO: [ app_begin ] --END-- [ RunTime:0.015600s ]
SQL: SHOW COLUMNS FROM `class` [ RunTime:0.0000s ]
SQL: select count(*) as cc from class c,tb_user u1,tb_user u2 where c.headerid=u1.uid and c.managerid=u2.uid [ RunTime:0.0000s ]
SQL: select c.cid,c.name,c.classtype,c.status,
            c.createtime,c.begintime,c.endtime,u1.truename headername,
            u2.truename managername,c.stucount,c.remark from class c,tb_user u1,tb_user u2 where c.headerid=u1.uid and c.managerid=u2.uid limit 0,10 [ RunTime:0.0000s ]

[ 2016-06-20T17:32:39+08:00 ] 127.0.0.1 /mytkp/index.php/Home/Class/loadClassByPage
INFO: [ app_init ] --START--
INFO: Run Behavior\BuildLiteBehavior [ RunTime:0.000000s ]
INFO: [ app_init ] --END-- [ RunTime:0.000000s ]
INFO: [ app_begin ] --START--
INFO: Run Behavior\ReadHtmlCacheBehavior [ RunTime:0.000000s ]
INFO: [ app_begin ] --END-- [ RunTime:0.000000s ]
SQL: SHOW COLUMNS FROM `class` [ RunTime:0.0000s ]
SQL: select count(*) as cc from class c,tb_user u1,tb_user u2 where c.headerid=u1.uid and c.managerid=u2.uid and c.name like '%u1%' [ RunTime:0.0000s ]
SQL: select c.cid,c.name,c.classtype,c.status,
            c.createtime,c.begintime,c.endtime,u1.truename headername,
            u2.truename managername,c.stucount,c.remark from class c,tb_user u1,tb_user u2 where c.headerid=u1.uid and c.managerid=u2.uid and c.name like '%u1%' limit 0,10 [ RunTime:0.0000s ]

[ 2016-06-20T17:32:58+08:00 ] 127.0.0.1 /mytkp/index.php/Home/Class/loadClassByPage
INFO: [ app_init ] --START--
INFO: Run Behavior\BuildLiteBehavior [ RunTime:0.000000s ]
INFO: [ app_init ] --END-- [ RunTime:0.000000s ]
INFO: [ app_begin ] --START--
INFO: Run Behavior\ReadHtmlCacheBehavior [ RunTime:0.000000s ]
INFO: [ app_begin ] --END-- [ RunTime:0.000000s ]
SQL: SHOW COLUMNS FROM `class` [ RunTime:0.0000s ]
SQL: select count(*) as cc from class c,tb_user u1,tb_user u2 where c.headerid=u1.uid and c.managerid=u2.uid and c.name like '%u1%' and u1.trueName like '%%' [ RunTime:0.0000s ]
SQL: select c.cid,c.name,c.classtype,c.status,
            c.createtime,c.begintime,c.endtime,u1.truename headername,
            u2.truename managername,c.stucount,c.remark from class c,tb_user u1,tb_user u2 where c.headerid=u1.uid and c.managerid=u2.uid and c.name like '%u1%' and u1.trueName like '%%' limit 0,10 [ RunTime:0.0000s ]

[ 2016-06-20T17:33:10+08:00 ] 127.0.0.1 /mytkp/index.php/Home/Class/loadClassByPage?pageNo=1&pageSize=10
INFO: [ app_init ] --START--
INFO: Run Behavior\BuildLiteBehavior [ RunTime:0.000000s ]
INFO: [ app_init ] --END-- [ RunTime:0.015600s ]
INFO: [ app_begin ] --START--
INFO: Run Behavior\ReadHtmlCacheBehavior [ RunTime:0.000000s ]
INFO: [ app_begin ] --END-- [ RunTime:0.000000s ]
SQL: SHOW COLUMNS FROM `class` [ RunTime:0.0000s ]
SQL: select count(*) as cc from class c,tb_user u1,tb_user u2 where c.headerid=u1.uid and c.managerid=u2.uid [ RunTime:0.0000s ]
SQL: select c.cid,c.name,c.classtype,c.status,
            c.createtime,c.begintime,c.endtime,u1.truename headername,
            u2.truename managername,c.stucount,c.remark from class c,tb_user u1,tb_user u2 where c.headerid=u1.uid and c.managerid=u2.uid limit 0,10 [ RunTime:0.0000s ]

