[ 2016-06-18T09:28:10+08:00 ] 127.0.0.1 /mytkp/index.php/Home/Class/reg
INFO: [ app_init ] --START--
INFO: Run Behavior\BuildLiteBehavior [ RunTime:0.000000s ]
INFO: [ app_init ] --END-- [ RunTime:0.000000s ]
INFO: [ app_begin ] --START--
INFO: Run Behavior\ReadHtmlCacheBehavior [ RunTime:0.000000s ]
INFO: [ app_begin ] --END-- [ RunTime:0.015600s ]
INFO: [ view_parse ] --START--
INFO: [ template_filter ] --START--
INFO: Run Behavior\ContentReplaceBehavior [ RunTime:0.000000s ]
INFO: [ template_filter ] --END-- [ RunTime:0.000000s ]
INFO: Run Behavior\ParseTemplateBehavior [ RunTime:0.031200s ]
INFO: [ view_parse ] --END-- [ RunTime:0.031200s ]
INFO: [ view_filter ] --START--
INFO: Run Behavior\WriteHtmlCacheBehavior [ RunTime:0.000000s ]
INFO: [ view_filter ] --END-- [ RunTime:0.015600s ]
INFO: [ app_end ] --START--
INFO: Run Behavior\ShowPageTraceBehavior [ RunTime:0.000000s ]
INFO: [ app_end ] --END-- [ RunTime:0.000000s ]

[ 2016-06-18T09:29:37+08:00 ] 127.0.0.1 /mytkp/index.php/Home/Class/reg
INFO: [ app_init ] --START--
INFO: Run Behavior\BuildLiteBehavior [ RunTime:0.000000s ]
INFO: [ app_init ] --END-- [ RunTime:0.000000s ]
INFO: [ app_begin ] --START--
INFO: Run Behavior\ReadHtmlCacheBehavior [ RunTime:0.000000s ]
INFO: [ app_begin ] --END-- [ RunTime:0.015600s ]
INFO: [ view_parse ] --START--
INFO: [ template_filter ] --START--
INFO: Run Behavior\ContentReplaceBehavior [ RunTime:0.000000s ]
INFO: [ template_filter ] --END-- [ RunTime:0.000000s ]
INFO: Run Behavior\ParseTemplateBehavior [ RunTime:0.031200s ]
INFO: [ view_parse ] --END-- [ RunTime:0.031200s ]
INFO: [ view_filter ] --START--
INFO: Run Behavior\WriteHtmlCacheBehavior [ RunTime:0.000000s ]
INFO: [ view_filter ] --END-- [ RunTime:0.000000s ]
INFO: [ app_end ] --START--
INFO: Run Behavior\ShowPageTraceBehavior [ RunTime:0.015600s ]
INFO: [ app_end ] --END-- [ RunTime:0.015600s ]

[ 2016-06-18T09:56:48+08:00 ] 127.0.0.1 /mytkp/index.php/Home/Class_reg
INFO: [ app_init ] --START--
INFO: Run Behavior\BuildLiteBehavior [ RunTime:0.000000s ]
INFO: [ app_init ] --END-- [ RunTime:0.000000s ]
INFO: [ app_begin ] --START--
INFO: Run Behavior\ReadHtmlCacheBehavior [ RunTime:0.000000s ]
INFO: [ app_begin ] --END-- [ RunTime:0.000000s ]
ERR: 无法加载控制器:Class_reg

[ 2016-06-18T09:57:48+08:00 ] 127.0.0.1 /mytkp/index.php/Home/Class_reg
INFO: [ app_init ] --START--
INFO: Run Behavior\BuildLiteBehavior [ RunTime:0.000000s ]
INFO: [ app_init ] --END-- [ RunTime:0.000000s ]
INFO: [ app_begin ] --START--
INFO: Run Behavior\ReadHtmlCacheBehavior [ RunTime:0.000000s ]
INFO: [ app_begin ] --END-- [ RunTime:0.000000s ]
ERR: 无法加载控制器:Class_reg

[ 2016-06-18T09:57:49+08:00 ] 127.0.0.1 /mytkp/index.php/Home/Class_reg
INFO: [ app_init ] --START--
INFO: Run Behavior\BuildLiteBehavior [ RunTime:0.000000s ]
INFO: [ app_init ] --END-- [ RunTime:0.000000s ]
INFO: [ app_begin ] --START--
INFO: Run Behavior\ReadHtmlCacheBehavior [ RunTime:0.000000s ]
INFO: [ app_begin ] --END-- [ RunTime:0.000000s ]
ERR: 无法加载控制器:Class_reg

[ 2016-06-18T09:58:02+08:00 ] 127.0.0.1 /mytkp/index.php/Home/Class/reg
INFO: [ app_init ] --START--
INFO: Run Behavior\BuildLiteBehavior [ RunTime:0.000000s ]
INFO: [ app_init ] --END-- [ RunTime:0.000000s ]
INFO: [ app_begin ] --START--
INFO: Run Behavior\ReadHtmlCacheBehavior [ RunTime:0.000000s ]
INFO: [ app_begin ] --END-- [ RunTime:0.000000s ]
INFO: [ view_parse ] --START--
INFO: [ template_filter ] --START--
INFO: Run Behavior\ContentReplaceBehavior [ RunTime:0.000000s ]
INFO: [ template_filter ] --END-- [ RunTime:0.000000s ]
INFO: Run Behavior\ParseTemplateBehavior [ RunTime:0.031200s ]
INFO: [ view_parse ] --END-- [ RunTime:0.031200s ]
INFO: [ view_filter ] --START--
INFO: Run Behavior\WriteHtmlCacheBehavior [ RunTime:0.000000s ]
INFO: [ view_filter ] --END-- [ RunTime:0.000000s ]
INFO: [ app_end ] --START--
INFO: Run Behavior\ShowPageTraceBehavior [ RunTime:0.000000s ]
INFO: [ app_end ] --END-- [ RunTime:0.000000s ]

[ 2016-06-18T10:00:55+08:00 ] 127.0.0.1 /mytkp/index.php/Home/Class/reg
INFO: [ app_init ] --START--
INFO: Run Behavior\BuildLiteBehavior [ RunTime:0.000000s ]
INFO: [ app_init ] --END-- [ RunTime:0.000000s ]
INFO: [ app_begin ] --START--
INFO: Run Behavior\ReadHtmlCacheBehavior [ RunTime:0.000000s ]
INFO: [ app_begin ] --END-- [ RunTime:0.000000s ]
ERR: 模板不存在:D:/php/webapp/mytkp/./Application/Home/View/Class_index.html
NOTIC: [2] Cannot modify header information - headers already sent by (output started at D:\php\webapp\mytkp\ThinkPHP\Common\functions.php:102) D:\php\webapp\mytkp\ThinkPHP\Library\Think\Think.class.php 第 229 行.
NOTIC: [2] Cannot modify header information - headers already sent by (output started at D:\php\webapp\mytkp\ThinkPHP\Common\functions.php:102) D:\php\webapp\mytkp\ThinkPHP\Library\Think\Think.class.php 第 230 行.

[ 2016-06-18T10:01:24+08:00 ] 127.0.0.1 /mytkp/index.php/Home/Class/reg
INFO: [ app_init ] --START--
INFO: Run Behavior\BuildLiteBehavior [ RunTime:0.000000s ]
INFO: [ app_init ] --END-- [ RunTime:0.000000s ]
INFO: [ app_begin ] --START--
INFO: Run Behavior\ReadHtmlCacheBehavior [ RunTime:0.000000s ]
INFO: [ app_begin ] --END-- [ RunTime:0.015600s ]
INFO: [ view_parse ] --START--
INFO: [ template_filter ] --START--
INFO: Run Behavior\ContentReplaceBehavior [ RunTime:0.000000s ]
INFO: [ template_filter ] --END-- [ RunTime:0.000000s ]
INFO: Run Behavior\ParseTemplateBehavior [ RunTime:0.031200s ]
INFO: [ view_parse ] --END-- [ RunTime:0.031200s ]
INFO: [ view_filter ] --START--
INFO: Run Behavior\WriteHtmlCacheBehavior [ RunTime:0.000000s ]
INFO: [ view_filter ] --END-- [ RunTime:0.000000s ]
INFO: [ app_end ] --START--
INFO: Run Behavior\ShowPageTraceBehavior [ RunTime:0.000000s ]
INFO: [ app_end ] --END-- [ RunTime:0.000000s ]

[ 2016-06-18T10:01:26+08:00 ] 127.0.0.1 /mytkp/index.php/Home/Class/reg
INFO: [ app_init ] --START--
INFO: Run Behavior\BuildLiteBehavior [ RunTime:0.000000s ]
INFO: [ app_init ] --END-- [ RunTime:0.000000s ]
INFO: [ app_begin ] --START--
INFO: Run Behavior\ReadHtmlCacheBehavior [ RunTime:0.000000s ]
INFO: [ app_begin ] --END-- [ RunTime:0.000000s ]
INFO: [ view_parse ] --START--
INFO: [ template_filter ] --START--
INFO: Run Behavior\ContentReplaceBehavior [ RunTime:0.000000s ]
INFO: [ template_filter ] --END-- [ RunTime:0.000000s ]
INFO: Run Behavior\ParseTemplateBehavior [ RunTime:0.031200s ]
INFO: [ view_parse ] --END-- [ RunTime:0.031200s ]
INFO: [ view_filter ] --START--
INFO: Run Behavior\WriteHtmlCacheBehavior [ RunTime:0.000000s ]
INFO: [ view_filter ] --END-- [ RunTime:0.000000s ]
INFO: [ app_end ] --START--
INFO: Run Behavior\ShowPageTraceBehavior [ RunTime:0.015600s ]
INFO: [ app_end ] --END-- [ RunTime:0.015600s ]

[ 2016-06-18T10:01:27+08:00 ] 127.0.0.1 /mytkp/index.php/Home/Class/reg
INFO: [ app_init ] --START--
INFO: Run Behavior\BuildLiteBehavior [ RunTime:0.000000s ]
INFO: [ app_init ] --END-- [ RunTime:0.000000s ]
INFO: [ app_begin ] --START--
INFO: Run Behavior\ReadHtmlCacheBehavior [ RunTime:0.015600s ]
INFO: [ app_begin ] --END-- [ RunTime:0.015600s ]
INFO: [ view_parse ] --START--
INFO: [ template_filter ] --START--
INFO: Run Behavior\ContentReplaceBehavior [ RunTime:0.000000s ]
INFO: [ template_filter ] --END-- [ RunTime:0.000000s ]
INFO: Run Behavior\ParseTemplateBehavior [ RunTime:0.031200s ]
INFO: [ view_parse ] --END-- [ RunTime:0.031200s ]
INFO: [ view_filter ] --START--
INFO: Run Behavior\WriteHtmlCacheBehavior [ RunTime:0.000000s ]
INFO: [ view_filter ] --END-- [ RunTime:0.000000s ]
INFO: [ app_end ] --START--
INFO: Run Behavior\ShowPageTraceBehavior [ RunTime:0.000000s ]
INFO: [ app_end ] --END-- [ RunTime:0.000000s ]

[ 2016-06-18T10:03:12+08:00 ] 127.0.0.1 /mytkp/index.php/Home/Class/reg
INFO: [ app_init ] --START--
INFO: Run Behavior\BuildLiteBehavior [ RunTime:0.000000s ]
INFO: [ app_init ] --END-- [ RunTime:0.000000s ]
INFO: [ app_begin ] --START--
INFO: Run Behavior\ReadHtmlCacheBehavior [ RunTime:0.000000s ]
INFO: [ app_begin ] --END-- [ RunTime:0.000000s ]
INFO: [ view_parse ] --START--
INFO: [ template_filter ] --START--
INFO: Run Behavior\ContentReplaceBehavior [ RunTime:0.000000s ]
INFO: [ template_filter ] --END-- [ RunTime:0.000000s ]
INFO: Run Behavior\ParseTemplateBehavior [ RunTime:0.031201s ]
INFO: [ view_parse ] --END-- [ RunTime:0.031201s ]
INFO: [ view_filter ] --START--
INFO: Run Behavior\WriteHtmlCacheBehavior [ RunTime:0.000000s ]
INFO: [ view_filter ] --END-- [ RunTime:0.000000s ]
INFO: [ app_end ] --START--
INFO: Run Behavior\ShowPageTraceBehavior [ RunTime:0.000000s ]
INFO: [ app_end ] --END-- [ RunTime:0.000000s ]

[ 2016-06-18T11:03:16+08:00 ] 127.0.0.1 /mytkp/index.php/Home/Class/reg
INFO: [ app_init ] --START--
INFO: Run Behavior\BuildLiteBehavior [ RunTime:0.000000s ]
INFO: [ app_init ] --END-- [ RunTime:0.000000s ]
INFO: [ app_begin ] --START--
INFO: Run Behavior\ReadHtmlCacheBehavior [ RunTime:0.000000s ]
INFO: [ app_begin ] --END-- [ RunTime:0.000000s ]
INFO: [ view_parse ] --START--
INFO: [ template_filter ] --START--
INFO: Run Behavior\ContentReplaceBehavior [ RunTime:0.000000s ]
INFO: [ template_filter ] --END-- [ RunTime:0.000000s ]
INFO: Run Behavior\ParseTemplateBehavior [ RunTime:0.031200s ]
INFO: [ view_parse ] --END-- [ RunTime:0.031200s ]
INFO: [ view_filter ] --START--
INFO: Run Behavior\WriteHtmlCacheBehavior [ RunTime:0.000000s ]
INFO: [ view_filter ] --END-- [ RunTime:0.000000s ]
INFO: [ app_end ] --START--
INFO: Run Behavior\ShowPageTraceBehavior [ RunTime:0.000000s ]
INFO: [ app_end ] --END-- [ RunTime:0.000000s ]

[ 2016-06-18T11:06:00+08:00 ] 127.0.0.1 /mytkp/index.php/Home/Class/reg
INFO: [ app_init ] --START--
INFO: Run Behavior\BuildLiteBehavior [ RunTime:0.000000s ]
INFO: [ app_init ] --END-- [ RunTime:0.000000s ]
INFO: [ app_begin ] --START--
INFO: Run Behavior\ReadHtmlCacheBehavior [ RunTime:0.000000s ]
INFO: [ app_begin ] --END-- [ RunTime:0.015600s ]
NOTIC: [8] Use of undefined constant aa - assumed 'aa' D:\php\webapp\mytkp\Application\Home\Controller\ClassController.class.php 第 34 行.
NOTIC: [8] Use of undefined constant bb - assumed 'bb' D:\php\webapp\mytkp\Application\Home\Controller\ClassController.class.php 第 34 行.
NOTIC: [8] Use of undefined constant cc - assumed 'cc' D:\php\webapp\mytkp\Application\Home\Controller\ClassController.class.php 第 34 行.
NOTIC: [8] Use of undefined constant dd - assumed 'dd' D:\php\webapp\mytkp\Application\Home\Controller\ClassController.class.php 第 34 行.
INFO: [ view_parse ] --START--
INFO: [ template_filter ] --START--
INFO: Run Behavior\ContentReplaceBehavior [ RunTime:0.000000s ]
INFO: [ template_filter ] --END-- [ RunTime:0.000000s ]
INFO: Run Behavior\ParseTemplateBehavior [ RunTime:0.015600s ]
INFO: [ view_parse ] --END-- [ RunTime:0.031200s ]
INFO: [ view_filter ] --START--
INFO: Run Behavior\WriteHtmlCacheBehavior [ RunTime:0.000000s ]
INFO: [ view_filter ] --END-- [ RunTime:0.000000s ]
INFO: [ app_end ] --START--
INFO: Run Behavior\ShowPageTraceBehavior [ RunTime:0.000000s ]
INFO: [ app_end ] --END-- [ RunTime:0.000000s ]

[ 2016-06-18T11:06:02+08:00 ] 127.0.0.1 /mytkp/index.php/Home/Class/reg
INFO: [ app_init ] --START--
INFO: Run Behavior\BuildLiteBehavior [ RunTime:0.000000s ]
INFO: [ app_init ] --END-- [ RunTime:0.000000s ]
INFO: [ app_begin ] --START--
INFO: Run Behavior\ReadHtmlCacheBehavior [ RunTime:0.000000s ]
INFO: [ app_begin ] --END-- [ RunTime:0.015600s ]
NOTIC: [8] Use of undefined constant aa - assumed 'aa' D:\php\webapp\mytkp\Application\Home\Controller\ClassController.class.php 第 34 行.
NOTIC: [8] Use of undefined constant bb - assumed 'bb' D:\php\webapp\mytkp\Application\Home\Controller\ClassController.class.php 第 34 行.
NOTIC: [8] Use of undefined constant cc - assumed 'cc' D:\php\webapp\mytkp\Application\Home\Controller\ClassController.class.php 第 34 行.
NOTIC: [8] Use of undefined constant dd - assumed 'dd' D:\php\webapp\mytkp\Application\Home\Controller\ClassController.class.php 第 34 行.
INFO: [ view_parse ] --START--
INFO: [ template_filter ] --START--
INFO: Run Behavior\ContentReplaceBehavior [ RunTime:0.000000s ]
INFO: [ template_filter ] --END-- [ RunTime:0.000000s ]
INFO: Run Behavior\ParseTemplateBehavior [ RunTime:0.015600s ]
INFO: [ view_parse ] --END-- [ RunTime:0.031200s ]
INFO: [ view_filter ] --START--
INFO: Run Behavior\WriteHtmlCacheBehavior [ RunTime:0.000000s ]
INFO: [ view_filter ] --END-- [ RunTime:0.000000s ]
INFO: [ app_end ] --START--
INFO: Run Behavior\ShowPageTraceBehavior [ RunTime:0.000000s ]
INFO: [ app_end ] --END-- [ RunTime:0.000000s ]

[ 2016-06-18T11:08:49+08:00 ] 127.0.0.1 /mytkp/index.php/Home/Class/reg
INFO: [ app_init ] --START--
INFO: Run Behavior\BuildLiteBehavior [ RunTime:0.000000s ]
INFO: [ app_init ] --END-- [ RunTime:0.000000s ]
INFO: [ app_begin ] --START--
INFO: Run Behavior\ReadHtmlCacheBehavior [ RunTime:0.015600s ]
INFO: [ app_begin ] --END-- [ RunTime:0.015600s ]
NOTIC: [8] Use of undefined constant aa - assumed 'aa' D:\php\webapp\mytkp\Application\Home\Controller\ClassController.class.php 第 34 行.
NOTIC: [8] Use of undefined constant bb - assumed 'bb' D:\php\webapp\mytkp\Application\Home\Controller\ClassController.class.php 第 34 行.
NOTIC: [8] Use of undefined constant cc - assumed 'cc' D:\php\webapp\mytkp\Application\Home\Controller\ClassController.class.php 第 34 行.
NOTIC: [8] Use of undefined constant dd - assumed 'dd' D:\php\webapp\mytkp\Application\Home\Controller\ClassController.class.php 第 34 行.
INFO: [ view_parse ] --START--
INFO: [ template_filter ] --START--
INFO: Run Behavior\ContentReplaceBehavior [ RunTime:0.000000s ]
INFO: [ template_filter ] --END-- [ RunTime:0.000000s ]
NOTIC: [8] Undefined offset: 11 D:\php\webapp\mytkp\Application\Runtime\Cache\Home\cd99c5d87f26ee8fde42d779325e469a.php 第 11 行.
NOTIC: [8] Undefined offset: 22 D:\php\webapp\mytkp\Application\Runtime\Cache\Home\cd99c5d87f26ee8fde42d779325e469a.php 第 11 行.
INFO: Run Behavior\ParseTemplateBehavior [ RunTime:0.046800s ]
INFO: [ view_parse ] --END-- [ RunTime:0.046800s ]
INFO: [ view_filter ] --START--
INFO: Run Behavior\WriteHtmlCacheBehavior [ RunTime:0.000000s ]
INFO: [ view_filter ] --END-- [ RunTime:0.000000s ]
INFO: [ app_end ] --START--
INFO: Run Behavior\ShowPageTraceBehavior [ RunTime:0.000000s ]
INFO: [ app_end ] --END-- [ RunTime:0.000000s ]

[ 2016-06-18T11:09:32+08:00 ] 127.0.0.1 /mytkp/index.php/Home/Class/reg
INFO: [ app_init ] --START--
INFO: Run Behavior\BuildLiteBehavior [ RunTime:0.000000s ]
INFO: [ app_init ] --END-- [ RunTime:0.000000s ]
INFO: [ app_begin ] --START--
INFO: Run Behavior\ReadHtmlCacheBehavior [ RunTime:0.015600s ]
INFO: [ app_begin ] --END-- [ RunTime:0.015600s ]
NOTIC: [8] Use of undefined constant aa - assumed 'aa' D:\php\webapp\mytkp\Application\Home\Controller\ClassController.class.php 第 34 行.
NOTIC: [8] Use of undefined constant bb - assumed 'bb' D:\php\webapp\mytkp\Application\Home\Controller\ClassController.class.php 第 34 行.
NOTIC: [8] Use of undefined constant cc - assumed 'cc' D:\php\webapp\mytkp\Application\Home\Controller\ClassController.class.php 第 34 行.
NOTIC: [8] Use of undefined constant dd - assumed 'dd' D:\php\webapp\mytkp\Application\Home\Controller\ClassController.class.php 第 34 行.
INFO: [ view_parse ] --START--
INFO: [ template_filter ] --START--
INFO: Run Behavior\ContentReplaceBehavior [ RunTime:0.000000s ]
INFO: [ template_filter ] --END-- [ RunTime:0.000000s ]
INFO: Run Behavior\ParseTemplateBehavior [ RunTime:0.031200s ]
INFO: [ view_parse ] --END-- [ RunTime:0.031200s ]
INFO: [ view_filter ] --START--
INFO: Run Behavior\WriteHtmlCacheBehavior [ RunTime:0.000000s ]
INFO: [ view_filter ] --END-- [ RunTime:0.000000s ]
INFO: [ app_end ] --START--
INFO: Run Behavior\ShowPageTraceBehavior [ RunTime:0.000000s ]
INFO: [ app_end ] --END-- [ RunTime:0.000000s ]

[ 2016-06-18T14:49:44+08:00 ] 127.0.0.1 /mytkp/index.php/Home/Class/reg
INFO: [ app_init ] --START--
INFO: Run Behavior\BuildLiteBehavior [ RunTime:0.000000s ]
INFO: [ app_init ] --END-- [ RunTime:0.015600s ]
INFO: [ app_begin ] --START--
INFO: Run Behavior\ReadHtmlCacheBehavior [ RunTime:0.000000s ]
INFO: [ app_begin ] --END-- [ RunTime:0.000000s ]
NOTIC: [8] Use of undefined constant aa - assumed 'aa' D:\php\webapp\mytkp\Application\Home\Controller\ClassController.class.php 第 35 行.
NOTIC: [8] Use of undefined constant bb - assumed 'bb' D:\php\webapp\mytkp\Application\Home\Controller\ClassController.class.php 第 35 行.
NOTIC: [8] Use of undefined constant cc - assumed 'cc' D:\php\webapp\mytkp\Application\Home\Controller\ClassController.class.php 第 35 行.
NOTIC: [8] Use of undefined constant dd - assumed 'dd' D:\php\webapp\mytkp\Application\Home\Controller\ClassController.class.php 第 35 行.

[ 2016-06-18T14:50:53+08:00 ] 127.0.0.1 /mytkp/index.php/Home/Class/reg
INFO: [ app_init ] --START--
INFO: Run Behavior\BuildLiteBehavior [ RunTime:0.000000s ]
INFO: [ app_init ] --END-- [ RunTime:0.000000s ]
INFO: [ app_begin ] --START--
INFO: Run Behavior\ReadHtmlCacheBehavior [ RunTime:0.000000s ]
INFO: [ app_begin ] --END-- [ RunTime:0.000000s ]
SQL: SHOW COLUMNS FROM `class` [ RunTime:0.0000s ]
NOTIC: [8] Use of undefined constant aa - assumed 'aa' D:\php\webapp\mytkp\Application\Home\Controller\ClassController.class.php 第 35 行.
NOTIC: [8] Use of undefined constant bb - assumed 'bb' D:\php\webapp\mytkp\Application\Home\Controller\ClassController.class.php 第 35 行.
NOTIC: [8] Use of undefined constant cc - assumed 'cc' D:\php\webapp\mytkp\Application\Home\Controller\ClassController.class.php 第 35 行.
NOTIC: [8] Use of undefined constant dd - assumed 'dd' D:\php\webapp\mytkp\Application\Home\Controller\ClassController.class.php 第 35 行.
SQL: SELECT * FROM `class`  [ RunTime:0.0000s ]
INFO: [ view_parse ] --START--
INFO: [ template_filter ] --START--
INFO: Run Behavior\ContentReplaceBehavior [ RunTime:0.000000s ]
INFO: [ template_filter ] --END-- [ RunTime:0.000000s ]
INFO: Run Behavior\ParseTemplateBehavior [ RunTime:0.046801s ]
INFO: [ view_parse ] --END-- [ RunTime:0.046801s ]
INFO: [ view_filter ] --START--
INFO: Run Behavior\WriteHtmlCacheBehavior [ RunTime:0.000000s ]
INFO: [ view_filter ] --END-- [ RunTime:0.000000s ]
INFO: [ app_end ] --START--
INFO: Run Behavior\ShowPageTraceBehavior [ RunTime:0.000000s ]
INFO: [ app_end ] --END-- [ RunTime:0.000000s ]

[ 2016-06-18T14:56:25+08:00 ] 127.0.0.1 /mytkp/index.php/Home/Class/reg
INFO: [ app_init ] --START--
INFO: Run Behavior\BuildLiteBehavior [ RunTime:0.000000s ]
INFO: [ app_init ] --END-- [ RunTime:0.000000s ]
INFO: [ app_begin ] --START--
INFO: Run Behavior\ReadHtmlCacheBehavior [ RunTime:0.000000s ]
INFO: [ app_begin ] --END-- [ RunTime:0.000000s ]
SQL: SHOW COLUMNS FROM `class` [ RunTime:0.0000s ]
NOTIC: [8] Use of undefined constant aa - assumed 'aa' D:\php\webapp\mytkp\Application\Home\Controller\ClassController.class.php 第 35 行.
NOTIC: [8] Use of undefined constant bb - assumed 'bb' D:\php\webapp\mytkp\Application\Home\Controller\ClassController.class.php 第 35 行.
NOTIC: [8] Use of undefined constant cc - assumed 'cc' D:\php\webapp\mytkp\Application\Home\Controller\ClassController.class.php 第 35 行.
NOTIC: [8] Use of undefined constant dd - assumed 'dd' D:\php\webapp\mytkp\Application\Home\Controller\ClassController.class.php 第 35 行.
SQL: SELECT * FROM `class`  [ RunTime:0.0156s ]
INFO: [ view_parse ] --START--
INFO: [ template_filter ] --START--
INFO: Run Behavior\ContentReplaceBehavior [ RunTime:0.000000s ]
INFO: [ template_filter ] --END-- [ RunTime:0.000000s ]
INFO: Run Behavior\ParseTemplateBehavior [ RunTime:0.078000s ]
INFO: [ view_parse ] --END-- [ RunTime:0.078000s ]
INFO: [ view_filter ] --START--
INFO: Run Behavior\WriteHtmlCacheBehavior [ RunTime:0.000000s ]
INFO: [ view_filter ] --END-- [ RunTime:0.000000s ]
INFO: [ app_end ] --START--
INFO: Run Behavior\ShowPageTraceBehavior [ RunTime:0.000000s ]
INFO: [ app_end ] --END-- [ RunTime:0.015600s ]

[ 2016-06-18T14:56:54+08:00 ] 127.0.0.1 /mytkp/index.php/Home/Class/reg
INFO: [ app_init ] --START--
INFO: Run Behavior\BuildLiteBehavior [ RunTime:0.000000s ]
INFO: [ app_init ] --END-- [ RunTime:0.000000s ]
INFO: [ app_begin ] --START--
INFO: Run Behavior\ReadHtmlCacheBehavior [ RunTime:0.000000s ]
INFO: [ app_begin ] --END-- [ RunTime:0.000000s ]
SQL: SHOW COLUMNS FROM `class` [ RunTime:0.0000s ]
NOTIC: [8] Use of undefined constant aa - assumed 'aa' D:\php\webapp\mytkp\Application\Home\Controller\ClassController.class.php 第 35 行.
NOTIC: [8] Use of undefined constant bb - assumed 'bb' D:\php\webapp\mytkp\Application\Home\Controller\ClassController.class.php 第 35 行.
NOTIC: [8] Use of undefined constant cc - assumed 'cc' D:\php\webapp\mytkp\Application\Home\Controller\ClassController.class.php 第 35 行.
NOTIC: [8] Use of undefined constant dd - assumed 'dd' D:\php\webapp\mytkp\Application\Home\Controller\ClassController.class.php 第 35 行.
SQL: SELECT * FROM `class`  [ RunTime:0.0156s ]
INFO: [ view_parse ] --START--
INFO: [ template_filter ] --START--
INFO: Run Behavior\ContentReplaceBehavior [ RunTime:0.000000s ]
INFO: [ template_filter ] --END-- [ RunTime:0.015600s ]
INFO: Run Behavior\ParseTemplateBehavior [ RunTime:0.078000s ]
INFO: [ view_parse ] --END-- [ RunTime:0.078000s ]
INFO: [ view_filter ] --START--
INFO: Run Behavior\WriteHtmlCacheBehavior [ RunTime:0.000000s ]
INFO: [ view_filter ] --END-- [ RunTime:0.000000s ]
INFO: [ app_end ] --START--
INFO: Run Behavior\ShowPageTraceBehavior [ RunTime:0.000000s ]
INFO: [ app_end ] --END-- [ RunTime:0.000000s ]

[ 2016-06-18T15:00:34+08:00 ] 127.0.0.1 /mytkp/index.php/Home/Class/reg
INFO: [ app_init ] --START--
INFO: Run Behavior\BuildLiteBehavior [ RunTime:0.000000s ]
INFO: [ app_init ] --END-- [ RunTime:0.000000s ]
INFO: [ app_begin ] --START--
INFO: Run Behavior\ReadHtmlCacheBehavior [ RunTime:0.000000s ]
INFO: [ app_begin ] --END-- [ RunTime:0.000000s ]
SQL: SHOW COLUMNS FROM `class` [ RunTime:0.0000s ]
NOTIC: [8] Use of undefined constant aa - assumed 'aa' D:\php\webapp\mytkp\Application\Home\Controller\ClassController.class.php 第 35 行.
NOTIC: [8] Use of undefined constant bb - assumed 'bb' D:\php\webapp\mytkp\Application\Home\Controller\ClassController.class.php 第 35 行.
NOTIC: [8] Use of undefined constant cc - assumed 'cc' D:\php\webapp\mytkp\Application\Home\Controller\ClassController.class.php 第 35 行.
NOTIC: [8] Use of undefined constant dd - assumed 'dd' D:\php\webapp\mytkp\Application\Home\Controller\ClassController.class.php 第 35 行.
SQL: SELECT * FROM `class`  [ RunTime:0.0000s ]
INFO: [ view_parse ] --START--
INFO: [ template_filter ] --START--
INFO: Run Behavior\ContentReplaceBehavior [ RunTime:0.000000s ]
INFO: [ template_filter ] --END-- [ RunTime:0.000000s ]
INFO: Run Behavior\ParseTemplateBehavior [ RunTime:0.093601s ]
INFO: [ view_parse ] --END-- [ RunTime:0.093601s ]
INFO: [ view_filter ] --START--
INFO: Run Behavior\WriteHtmlCacheBehavior [ RunTime:0.000000s ]
INFO: [ view_filter ] --END-- [ RunTime:0.000000s ]
INFO: [ app_end ] --START--
INFO: Run Behavior\ShowPageTraceBehavior [ RunTime:0.015600s ]
INFO: [ app_end ] --END-- [ RunTime:0.015600s ]

[ 2016-06-18T15:04:58+08:00 ] 127.0.0.1 /mytkp/index.php/Home/Class/reg
INFO: [ app_init ] --START--
INFO: Run Behavior\BuildLiteBehavior [ RunTime:0.000000s ]
INFO: [ app_init ] --END-- [ RunTime:0.000000s ]
INFO: [ app_begin ] --START--
INFO: Run Behavior\ReadHtmlCacheBehavior [ RunTime:0.000000s ]
INFO: [ app_begin ] --END-- [ RunTime:0.000000s ]
SQL: SHOW COLUMNS FROM `class` [ RunTime:0.0000s ]
NOTIC: [8] Use of undefined constant aa - assumed 'aa' D:\php\webapp\mytkp\Application\Home\Controller\ClassController.class.php 第 35 行.
NOTIC: [8] Use of undefined constant bb - assumed 'bb' D:\php\webapp\mytkp\Application\Home\Controller\ClassController.class.php 第 35 行.
NOTIC: [8] Use of undefined constant cc - assumed 'cc' D:\php\webapp\mytkp\Application\Home\Controller\ClassController.class.php 第 35 行.
NOTIC: [8] Use of undefined constant dd - assumed 'dd' D:\php\webapp\mytkp\Application\Home\Controller\ClassController.class.php 第 35 行.
SQL: SELECT * FROM `class` WHERE ( cid>2 )  [ RunTime:0.0000s ]
INFO: [ view_parse ] --START--
INFO: [ template_filter ] --START--
INFO: Run Behavior\ContentReplaceBehavior [ RunTime:0.000000s ]
INFO: [ template_filter ] --END-- [ RunTime:0.000000s ]
INFO: Run Behavior\ParseTemplateBehavior [ RunTime:0.078000s ]
INFO: [ view_parse ] --END-- [ RunTime:0.078000s ]
INFO: [ view_filter ] --START--
INFO: Run Behavior\WriteHtmlCacheBehavior [ RunTime:0.000000s ]
INFO: [ view_filter ] --END-- [ RunTime:0.000000s ]
INFO: [ app_end ] --START--
INFO: Run Behavior\ShowPageTraceBehavior [ RunTime:0.015600s ]
INFO: [ app_end ] --END-- [ RunTime:0.015600s ]

[ 2016-06-18T15:05:23+08:00 ] 127.0.0.1 /mytkp/index.php/Home/Class/reg
INFO: [ app_init ] --START--
INFO: Run Behavior\BuildLiteBehavior [ RunTime:0.000000s ]
INFO: [ app_init ] --END-- [ RunTime:0.000000s ]
INFO: [ app_begin ] --START--
INFO: Run Behavior\ReadHtmlCacheBehavior [ RunTime:0.000000s ]
INFO: [ app_begin ] --END-- [ RunTime:0.000000s ]
SQL: SHOW COLUMNS FROM `class` [ RunTime:0.0000s ]
NOTIC: [8] Use of undefined constant aa - assumed 'aa' D:\php\webapp\mytkp\Application\Home\Controller\ClassController.class.php 第 35 行.
NOTIC: [8] Use of undefined constant bb - assumed 'bb' D:\php\webapp\mytkp\Application\Home\Controller\ClassController.class.php 第 35 行.
NOTIC: [8] Use of undefined constant cc - assumed 'cc' D:\php\webapp\mytkp\Application\Home\Controller\ClassController.class.php 第 35 行.
NOTIC: [8] Use of undefined constant dd - assumed 'dd' D:\php\webapp\mytkp\Application\Home\Controller\ClassController.class.php 第 35 行.
SQL: SELECT * FROM `class` WHERE ( cid>2 )  [ RunTime:0.0000s ]
INFO: [ view_parse ] --START--
INFO: [ template_filter ] --START--
INFO: Run Behavior\ContentReplaceBehavior [ RunTime:0.000000s ]
INFO: [ template_filter ] --END-- [ RunTime:0.000000s ]
INFO: Run Behavior\ParseTemplateBehavior [ RunTime:0.062400s ]
INFO: [ view_parse ] --END-- [ RunTime:0.078000s ]
INFO: [ view_filter ] --START--
INFO: Run Behavior\WriteHtmlCacheBehavior [ RunTime:0.015600s ]
INFO: [ view_filter ] --END-- [ RunTime:0.015600s ]
INFO: [ app_end ] --START--
INFO: Run Behavior\ShowPageTraceBehavior [ RunTime:0.000000s ]
INFO: [ app_end ] --END-- [ RunTime:0.000000s ]

[ 2016-06-18T15:06:30+08:00 ] 127.0.0.1 /mytkp/index.php/Home/Class/reg
INFO: [ app_init ] --START--
INFO: Run Behavior\BuildLiteBehavior [ RunTime:0.000000s ]
INFO: [ app_init ] --END-- [ RunTime:0.000000s ]
INFO: [ app_begin ] --START--
INFO: Run Behavior\ReadHtmlCacheBehavior [ RunTime:0.000000s ]
INFO: [ app_begin ] --END-- [ RunTime:0.000000s ]
SQL: SHOW COLUMNS FROM `class` [ RunTime:0.0000s ]
NOTIC: [8] Use of undefined constant aa - assumed 'aa' D:\php\webapp\mytkp\Application\Home\Controller\ClassController.class.php 第 35 行.
NOTIC: [8] Use of undefined constant bb - assumed 'bb' D:\php\webapp\mytkp\Application\Home\Controller\ClassController.class.php 第 35 行.
NOTIC: [8] Use of undefined constant cc - assumed 'cc' D:\php\webapp\mytkp\Application\Home\Controller\ClassController.class.php 第 35 行.
NOTIC: [8] Use of undefined constant dd - assumed 'dd' D:\php\webapp\mytkp\Application\Home\Controller\ClassController.class.php 第 35 行.
SQL: SELECT * FROM `class`  [ RunTime:0.0000s ]
INFO: [ view_parse ] --START--
INFO: [ template_filter ] --START--
INFO: Run Behavior\ContentReplaceBehavior [ RunTime:0.000000s ]
INFO: [ template_filter ] --END-- [ RunTime:0.000000s ]
INFO: Run Behavior\ParseTemplateBehavior [ RunTime:0.078000s ]
INFO: [ view_parse ] --END-- [ RunTime:0.078000s ]
INFO: [ view_filter ] --START--
INFO: Run Behavior\WriteHtmlCacheBehavior [ RunTime:0.000000s ]
INFO: [ view_filter ] --END-- [ RunTime:0.000000s ]
INFO: [ app_end ] --START--
INFO: Run Behavior\ShowPageTraceBehavior [ RunTime:0.000000s ]
INFO: [ app_end ] --END-- [ RunTime:0.000000s ]

[ 2016-06-18T15:06:49+08:00 ] 127.0.0.1 /mytkp/index.php/Home/Class/reg
INFO: [ app_init ] --START--
INFO: Run Behavior\BuildLiteBehavior [ RunTime:0.000000s ]
INFO: [ app_init ] --END-- [ RunTime:0.000000s ]
INFO: [ app_begin ] --START--
INFO: Run Behavior\ReadHtmlCacheBehavior [ RunTime:0.000000s ]
INFO: [ app_begin ] --END-- [ RunTime:0.000000s ]
SQL: SHOW COLUMNS FROM `class` [ RunTime:0.0000s ]
NOTIC: [8] Use of undefined constant aa - assumed 'aa' D:\php\webapp\mytkp\Application\Home\Controller\ClassController.class.php 第 35 行.
NOTIC: [8] Use of undefined constant bb - assumed 'bb' D:\php\webapp\mytkp\Application\Home\Controller\ClassController.class.php 第 35 行.
NOTIC: [8] Use of undefined constant cc - assumed 'cc' D:\php\webapp\mytkp\Application\Home\Controller\ClassController.class.php 第 35 行.
NOTIC: [8] Use of undefined constant dd - assumed 'dd' D:\php\webapp\mytkp\Application\Home\Controller\ClassController.class.php 第 35 行.
SQL: SELECT * FROM `class`  [ RunTime:0.0000s ]
INFO: [ view_parse ] --START--
INFO: [ template_filter ] --START--
INFO: Run Behavior\ContentReplaceBehavior [ RunTime:0.000000s ]
INFO: [ template_filter ] --END-- [ RunTime:0.000000s ]
INFO: Run Behavior\ParseTemplateBehavior [ RunTime:0.078000s ]
INFO: [ view_parse ] --END-- [ RunTime:0.078000s ]
INFO: [ view_filter ] --START--
INFO: Run Behavior\WriteHtmlCacheBehavior [ RunTime:0.000000s ]
INFO: [ view_filter ] --END-- [ RunTime:0.015600s ]
INFO: [ app_end ] --START--
INFO: Run Behavior\ShowPageTraceBehavior [ RunTime:0.000000s ]
INFO: [ app_end ] --END-- [ RunTime:0.000000s ]

[ 2016-06-18T15:09:20+08:00 ] 127.0.0.1 /mytkp/index.php/Home/Class/reg
INFO: [ app_init ] --START--
INFO: Run Behavior\BuildLiteBehavior [ RunTime:0.001000s ]
INFO: [ app_init ] --END-- [ RunTime:0.004000s ]
INFO: [ app_begin ] --START--
INFO: Run Behavior\ReadHtmlCacheBehavior [ RunTime:0.002000s ]
INFO: [ app_begin ] --END-- [ RunTime:0.004000s ]
SQL: SHOW COLUMNS FROM `class` [ RunTime:0.0060s ]
NOTIC: [8] Use of undefined constant aa - assumed 'aa' D:\php\webapp\mytkp\Application\Home\Controller\ClassController.class.php 第 35 行.
NOTIC: [8] Use of undefined constant bb - assumed 'bb' D:\php\webapp\mytkp\Application\Home\Controller\ClassController.class.php 第 35 行.
NOTIC: [8] Use of undefined constant cc - assumed 'cc' D:\php\webapp\mytkp\Application\Home\Controller\ClassController.class.php 第 35 行.
NOTIC: [8] Use of undefined constant dd - assumed 'dd' D:\php\webapp\mytkp\Application\Home\Controller\ClassController.class.php 第 35 行.
SQL: SELECT * FROM `class`  [ RunTime:0.0010s ]
INFO: [ view_parse ] --START--
INFO: [ template_filter ] --START--
INFO: Run Behavior\ContentReplaceBehavior [ RunTime:0.001000s ]
INFO: [ template_filter ] --END-- [ RunTime:0.003000s ]
INFO: Run Behavior\ParseTemplateBehavior [ RunTime:0.074004s ]
INFO: [ view_parse ] --END-- [ RunTime:0.077004s ]
INFO: [ view_filter ] --START--
INFO: Run Behavior\WriteHtmlCacheBehavior [ RunTime:0.001000s ]
INFO: [ view_filter ] --END-- [ RunTime:0.003000s ]
INFO: [ app_end ] --START--
INFO: Run Behavior\ShowPageTraceBehavior [ RunTime:0.001000s ]
INFO: [ app_end ] --END-- [ RunTime:0.003001s ]

[ 2016-06-18T15:14:25+08:00 ] 127.0.0.1 /mytkp/index.php/Home/Class/reg
INFO: [ app_init ] --START--
INFO: Run Behavior\BuildLiteBehavior [ RunTime:0.000000s ]
INFO: [ app_init ] --END-- [ RunTime:0.000000s ]
INFO: [ app_begin ] --START--
INFO: Run Behavior\ReadHtmlCacheBehavior [ RunTime:0.000000s ]
INFO: [ app_begin ] --END-- [ RunTime:0.000000s ]
SQL: SHOW COLUMNS FROM `class` [ RunTime:0.0000s ]
NOTIC: [8] Use of undefined constant aa - assumed 'aa' D:\php\webapp\mytkp\Application\Home\Controller\ClassController.class.php 第 35 行.
NOTIC: [8] Use of undefined constant bb - assumed 'bb' D:\php\webapp\mytkp\Application\Home\Controller\ClassController.class.php 第 35 行.
NOTIC: [8] Use of undefined constant cc - assumed 'cc' D:\php\webapp\mytkp\Application\Home\Controller\ClassController.class.php 第 35 行.
NOTIC: [8] Use of undefined constant dd - assumed 'dd' D:\php\webapp\mytkp\Application\Home\Controller\ClassController.class.php 第 35 行.
SQL: SELECT * FROM `class`  [ RunTime:0.0000s ]
INFO: [ view_parse ] --START--
INFO: [ template_filter ] --START--
INFO: Run Behavior\ContentReplaceBehavior [ RunTime:0.000000s ]
INFO: [ template_filter ] --END-- [ RunTime:0.015600s ]
INFO: Run Behavior\ParseTemplateBehavior [ RunTime:0.093601s ]
INFO: [ view_parse ] --END-- [ RunTime:0.093601s ]
INFO: [ view_filter ] --START--
INFO: Run Behavior\WriteHtmlCacheBehavior [ RunTime:0.015600s ]
INFO: [ view_filter ] --END-- [ RunTime:0.015600s ]
INFO: [ app_end ] --START--
INFO: Run Behavior\ShowPageTraceBehavior [ RunTime:0.000000s ]
INFO: [ app_end ] --END-- [ RunTime:0.000000s ]

[ 2016-06-18T15:14:55+08:00 ] 127.0.0.1 /mytkp/index.php/Home/Class/reg
INFO: [ app_init ] --START--
INFO: Run Behavior\BuildLiteBehavior [ RunTime:0.000000s ]
INFO: [ app_init ] --END-- [ RunTime:0.000000s ]
INFO: [ app_begin ] --START--
INFO: Run Behavior\ReadHtmlCacheBehavior [ RunTime:0.000000s ]
INFO: [ app_begin ] --END-- [ RunTime:0.015600s ]
SQL: SHOW COLUMNS FROM `class` [ RunTime:0.0000s ]
NOTIC: [8] Use of undefined constant aa - assumed 'aa' D:\php\webapp\mytkp\Application\Home\Controller\ClassController.class.php 第 35 行.
NOTIC: [8] Use of undefined constant bb - assumed 'bb' D:\php\webapp\mytkp\Application\Home\Controller\ClassController.class.php 第 35 行.
NOTIC: [8] Use of undefined constant cc - assumed 'cc' D:\php\webapp\mytkp\Application\Home\Controller\ClassController.class.php 第 35 行.
NOTIC: [8] Use of undefined constant dd - assumed 'dd' D:\php\webapp\mytkp\Application\Home\Controller\ClassController.class.php 第 35 行.
SQL: SELECT * FROM `class`  [ RunTime:0.0000s ]
INFO: [ view_parse ] --START--
INFO: [ template_filter ] --START--
INFO: Run Behavior\ContentReplaceBehavior [ RunTime:0.000000s ]
INFO: [ template_filter ] --END-- [ RunTime:0.000000s ]
INFO: Run Behavior\ParseTemplateBehavior [ RunTime:0.109200s ]
INFO: [ view_parse ] --END-- [ RunTime:0.109200s ]
INFO: [ view_filter ] --START--
INFO: Run Behavior\WriteHtmlCacheBehavior [ RunTime:0.000000s ]
INFO: [ view_filter ] --END-- [ RunTime:0.000000s ]
INFO: [ app_end ] --START--
INFO: Run Behavior\ShowPageTraceBehavior [ RunTime:0.015600s ]
INFO: [ app_end ] --END-- [ RunTime:0.015600s ]

[ 2016-06-18T15:15:43+08:00 ] 127.0.0.1 /mytkp/index.php/Home/Class/reg
INFO: [ app_init ] --START--
INFO: Run Behavior\BuildLiteBehavior [ RunTime:0.000000s ]
INFO: [ app_init ] --END-- [ RunTime:0.015600s ]
INFO: [ app_begin ] --START--
INFO: Run Behavior\ReadHtmlCacheBehavior [ RunTime:0.000000s ]
INFO: [ app_begin ] --END-- [ RunTime:0.000000s ]
SQL: SHOW COLUMNS FROM `class` [ RunTime:0.0000s ]
NOTIC: [8] Use of undefined constant aa - assumed 'aa' D:\php\webapp\mytkp\Application\Home\Controller\ClassController.class.php 第 35 行.
NOTIC: [8] Use of undefined constant bb - assumed 'bb' D:\php\webapp\mytkp\Application\Home\Controller\ClassController.class.php 第 35 行.
NOTIC: [8] Use of undefined constant cc - assumed 'cc' D:\php\webapp\mytkp\Application\Home\Controller\ClassController.class.php 第 35 行.
NOTIC: [8] Use of undefined constant dd - assumed 'dd' D:\php\webapp\mytkp\Application\Home\Controller\ClassController.class.php 第 35 行.
SQL: SELECT * FROM `class`  [ RunTime:0.0000s ]
INFO: [ view_parse ] --START--
INFO: [ template_filter ] --START--
INFO: Run Behavior\ContentReplaceBehavior [ RunTime:0.000000s ]
INFO: [ template_filter ] --END-- [ RunTime:0.000000s ]
INFO: Run Behavior\ParseTemplateBehavior [ RunTime:0.109200s ]
INFO: [ view_parse ] --END-- [ RunTime:0.109200s ]
INFO: [ view_filter ] --START--
INFO: Run Behavior\WriteHtmlCacheBehavior [ RunTime:0.000000s ]
INFO: [ view_filter ] --END-- [ RunTime:0.000000s ]
INFO: [ app_end ] --START--
INFO: Run Behavior\ShowPageTraceBehavior [ RunTime:0.000000s ]
INFO: [ app_end ] --END-- [ RunTime:0.000000s ]

[ 2016-06-18T15:16:00+08:00 ] 127.0.0.1 /mytkp/index.php/Home/Class/reg
INFO: [ app_init ] --START--
INFO: Run Behavior\BuildLiteBehavior [ RunTime:0.000000s ]
INFO: [ app_init ] --END-- [ RunTime:0.000000s ]
INFO: [ app_begin ] --START--
INFO: Run Behavior\ReadHtmlCacheBehavior [ RunTime:0.015600s ]
INFO: [ app_begin ] --END-- [ RunTime:0.015600s ]
SQL: SHOW COLUMNS FROM `class` [ RunTime:0.0000s ]
NOTIC: [8] Use of undefined constant aa - assumed 'aa' D:\php\webapp\mytkp\Application\Home\Controller\ClassController.class.php 第 35 行.
NOTIC: [8] Use of undefined constant bb - assumed 'bb' D:\php\webapp\mytkp\Application\Home\Controller\ClassController.class.php 第 35 行.
NOTIC: [8] Use of undefined constant cc - assumed 'cc' D:\php\webapp\mytkp\Application\Home\Controller\ClassController.class.php 第 35 行.
NOTIC: [8] Use of undefined constant dd - assumed 'dd' D:\php\webapp\mytkp\Application\Home\Controller\ClassController.class.php 第 35 行.
SQL: SELECT * FROM `class`  [ RunTime:0.0000s ]
INFO: [ view_parse ] --START--
INFO: [ template_filter ] --START--
INFO: Run Behavior\ContentReplaceBehavior [ RunTime:0.000000s ]
INFO: [ template_filter ] --END-- [ RunTime:0.000000s ]
INFO: Run Behavior\ParseTemplateBehavior [ RunTime:0.109200s ]
INFO: [ view_parse ] --END-- [ RunTime:0.109200s ]
INFO: [ view_filter ] --START--
INFO: Run Behavior\WriteHtmlCacheBehavior [ RunTime:0.000000s ]
INFO: [ view_filter ] --END-- [ RunTime:0.000000s ]
INFO: [ app_end ] --START--
INFO: Run Behavior\ShowPageTraceBehavior [ RunTime:0.015600s ]
INFO: [ app_end ] --END-- [ RunTime:0.015600s ]

[ 2016-06-18T15:27:10+08:00 ] 127.0.0.1 /mytkp/index.php/Home/Class/reg
INFO: [ app_init ] --START--
INFO: Run Behavior\BuildLiteBehavior [ RunTime:0.000000s ]
INFO: [ app_init ] --END-- [ RunTime:0.000000s ]
INFO: [ app_begin ] --START--
INFO: Run Behavior\ReadHtmlCacheBehavior [ RunTime:0.000000s ]
INFO: [ app_begin ] --END-- [ RunTime:0.000000s ]
SQL: SHOW COLUMNS FROM `class` [ RunTime:0.0000s ]
NOTIC: [8] Use of undefined constant aa - assumed 'aa' D:\php\webapp\mytkp\Application\Home\Controller\ClassController.class.php 第 35 行.
NOTIC: [8] Use of undefined constant bb - assumed 'bb' D:\php\webapp\mytkp\Application\Home\Controller\ClassController.class.php 第 35 行.
NOTIC: [8] Use of undefined constant cc - assumed 'cc' D:\php\webapp\mytkp\Application\Home\Controller\ClassController.class.php 第 35 行.
NOTIC: [8] Use of undefined constant dd - assumed 'dd' D:\php\webapp\mytkp\Application\Home\Controller\ClassController.class.php 第 35 行.
SQL: SELECT * FROM `class`  [ RunTime:0.0000s ]
INFO: [ view_parse ] --START--
INFO: [ template_filter ] --START--
INFO: Run Behavior\ContentReplaceBehavior [ RunTime:0.000000s ]
INFO: [ template_filter ] --END-- [ RunTime:0.015600s ]
NOTIC: [8] Use of undefined constant arrayLength - assumed 'arrayLength' D:\php\webapp\mytkp\Application\Runtime\Cache\Home\cd99c5d87f26ee8fde42d779325e469a.php 第 56 行.
INFO: Run Behavior\ParseTemplateBehavior [ RunTime:0.124800s ]
INFO: [ view_parse ] --END-- [ RunTime:0.124800s ]
INFO: [ view_filter ] --START--
INFO: Run Behavior\WriteHtmlCacheBehavior [ RunTime:0.000000s ]
INFO: [ view_filter ] --END-- [ RunTime:0.000000s ]
INFO: [ app_end ] --START--
INFO: Run Behavior\ShowPageTraceBehavior [ RunTime:0.015600s ]
INFO: [ app_end ] --END-- [ RunTime:0.015600s ]

[ 2016-06-18T15:28:10+08:00 ] 127.0.0.1 /mytkp/index.php/Home/Class/reg
INFO: [ app_init ] --START--
INFO: Run Behavior\BuildLiteBehavior [ RunTime:0.001000s ]
INFO: [ app_init ] --END-- [ RunTime:0.004000s ]
INFO: [ app_begin ] --START--
INFO: Run Behavior\ReadHtmlCacheBehavior [ RunTime:0.001000s ]
INFO: [ app_begin ] --END-- [ RunTime:0.003000s ]
SQL: SHOW COLUMNS FROM `class` [ RunTime:0.0040s ]
NOTIC: [8] Use of undefined constant aa - assumed 'aa' D:\php\webapp\mytkp\Application\Home\Controller\ClassController.class.php 第 35 行.
NOTIC: [8] Use of undefined constant bb - assumed 'bb' D:\php\webapp\mytkp\Application\Home\Controller\ClassController.class.php 第 35 行.
NOTIC: [8] Use of undefined constant cc - assumed 'cc' D:\php\webapp\mytkp\Application\Home\Controller\ClassController.class.php 第 35 行.
NOTIC: [8] Use of undefined constant dd - assumed 'dd' D:\php\webapp\mytkp\Application\Home\Controller\ClassController.class.php 第 35 行.
SQL: SELECT * FROM `class`  [ RunTime:0.0000s ]
INFO: [ view_parse ] --START--
INFO: [ template_filter ] --START--
INFO: Run Behavior\ContentReplaceBehavior [ RunTime:0.001000s ]
INFO: [ template_filter ] --END-- [ RunTime:0.003000s ]
NOTIC: [8] Use of undefined constant arrayLength - assumed 'arrayLength' D:\php\webapp\mytkp\Application\Runtime\Cache\Home\cd99c5d87f26ee8fde42d779325e469a.php 第 56 行.
INFO: Run Behavior\ParseTemplateBehavior [ RunTime:0.117006s ]
INFO: [ view_parse ] --END-- [ RunTime:0.120007s ]
INFO: [ view_filter ] --START--
INFO: Run Behavior\WriteHtmlCacheBehavior [ RunTime:0.002000s ]
INFO: [ view_filter ] --END-- [ RunTime:0.004001s ]
INFO: [ app_end ] --START--
INFO: Run Behavior\ShowPageTraceBehavior [ RunTime:0.002000s ]
INFO: [ app_end ] --END-- [ RunTime:0.004000s ]

[ 2016-06-18T15:34:20+08:00 ] 127.0.0.1 /mytkp/index.php/Home/Class/reg
INFO: [ app_init ] --START--
INFO: Run Behavior\BuildLiteBehavior [ RunTime:0.000000s ]
INFO: [ app_init ] --END-- [ RunTime:0.000000s ]
INFO: [ app_begin ] --START--
INFO: Run Behavior\ReadHtmlCacheBehavior [ RunTime:0.015600s ]
INFO: [ app_begin ] --END-- [ RunTime:0.015600s ]
SQL: SHOW COLUMNS FROM `class` [ RunTime:0.0000s ]
NOTIC: [8] Use of undefined constant aa - assumed 'aa' D:\php\webapp\mytkp\Application\Home\Controller\ClassController.class.php 第 35 行.
NOTIC: [8] Use of undefined constant bb - assumed 'bb' D:\php\webapp\mytkp\Application\Home\Controller\ClassController.class.php 第 35 行.
NOTIC: [8] Use of undefined constant cc - assumed 'cc' D:\php\webapp\mytkp\Application\Home\Controller\ClassController.class.php 第 35 行.
NOTIC: [8] Use of undefined constant dd - assumed 'dd' D:\php\webapp\mytkp\Application\Home\Controller\ClassController.class.php 第 35 行.
SQL: SELECT * FROM `class`  [ RunTime:0.0000s ]
INFO: [ view_parse ] --START--
INFO: [ template_filter ] --START--
INFO: Run Behavior\ContentReplaceBehavior [ RunTime:0.000000s ]
INFO: [ template_filter ] --END-- [ RunTime:0.000000s ]
NOTIC: [8] Use of undefined constant arrayLength - assumed 'arrayLength' D:\php\webapp\mytkp\Application\Runtime\Cache\Home\cd99c5d87f26ee8fde42d779325e469a.php 第 56 行.
INFO: Run Behavior\ParseTemplateBehavior [ RunTime:0.124800s ]
INFO: [ view_parse ] --END-- [ RunTime:0.124800s ]
INFO: [ view_filter ] --START--
INFO: Run Behavior\WriteHtmlCacheBehavior [ RunTime:0.000000s ]
INFO: [ view_filter ] --END-- [ RunTime:0.000000s ]
INFO: [ app_end ] --START--
INFO: Run Behavior\ShowPageTraceBehavior [ RunTime:0.000000s ]
INFO: [ app_end ] --END-- [ RunTime:0.015600s ]

[ 2016-06-18T15:34:22+08:00 ] 127.0.0.1 /mytkp/index.php/Home/Class/reg
INFO: [ app_init ] --START--
INFO: Run Behavior\BuildLiteBehavior [ RunTime:0.000000s ]
INFO: [ app_init ] --END-- [ RunTime:0.000000s ]
INFO: [ app_begin ] --START--
INFO: Run Behavior\ReadHtmlCacheBehavior [ RunTime:0.000000s ]
INFO: [ app_begin ] --END-- [ RunTime:0.000000s ]
SQL: SHOW COLUMNS FROM `class` [ RunTime:0.0000s ]
NOTIC: [8] Use of undefined constant aa - assumed 'aa' D:\php\webapp\mytkp\Application\Home\Controller\ClassController.class.php 第 35 行.
NOTIC: [8] Use of undefined constant bb - assumed 'bb' D:\php\webapp\mytkp\Application\Home\Controller\ClassController.class.php 第 35 行.
NOTIC: [8] Use of undefined constant cc - assumed 'cc' D:\php\webapp\mytkp\Application\Home\Controller\ClassController.class.php 第 35 行.
NOTIC: [8] Use of undefined constant dd - assumed 'dd' D:\php\webapp\mytkp\Application\Home\Controller\ClassController.class.php 第 35 行.
SQL: SELECT * FROM `class`  [ RunTime:0.0156s ]
INFO: [ view_parse ] --START--
INFO: [ template_filter ] --START--
INFO: Run Behavior\ContentReplaceBehavior [ RunTime:0.000000s ]
INFO: [ template_filter ] --END-- [ RunTime:0.000000s ]
NOTIC: [8] Use of undefined constant arrayLength - assumed 'arrayLength' D:\php\webapp\mytkp\Application\Runtime\Cache\Home\cd99c5d87f26ee8fde42d779325e469a.php 第 56 行.
INFO: Run Behavior\ParseTemplateBehavior [ RunTime:0.140400s ]
INFO: [ view_parse ] --END-- [ RunTime:0.140400s ]
INFO: [ view_filter ] --START--
INFO: Run Behavior\WriteHtmlCacheBehavior [ RunTime:0.000000s ]
INFO: [ view_filter ] --END-- [ RunTime:0.000000s ]
INFO: [ app_end ] --START--
INFO: Run Behavior\ShowPageTraceBehavior [ RunTime:0.000000s ]
INFO: [ app_end ] --END-- [ RunTime:0.000000s ]

[ 2016-06-18T15:34:59+08:00 ] 127.0.0.1 /mytkp/index.php/Home/Class/reg
INFO: [ app_init ] --START--
INFO: Run Behavior\BuildLiteBehavior [ RunTime:0.000000s ]
INFO: [ app_init ] --END-- [ RunTime:0.015600s ]
INFO: [ app_begin ] --START--
INFO: Run Behavior\ReadHtmlCacheBehavior [ RunTime:0.000000s ]
INFO: [ app_begin ] --END-- [ RunTime:0.000000s ]
SQL: SHOW COLUMNS FROM `class` [ RunTime:0.0000s ]
NOTIC: [8] Use of undefined constant aa - assumed 'aa' D:\php\webapp\mytkp\Application\Home\Controller\ClassController.class.php 第 35 行.
NOTIC: [8] Use of undefined constant bb - assumed 'bb' D:\php\webapp\mytkp\Application\Home\Controller\ClassController.class.php 第 35 行.
NOTIC: [8] Use of undefined constant cc - assumed 'cc' D:\php\webapp\mytkp\Application\Home\Controller\ClassController.class.php 第 35 行.
NOTIC: [8] Use of undefined constant dd - assumed 'dd' D:\php\webapp\mytkp\Application\Home\Controller\ClassController.class.php 第 35 行.
SQL: SELECT * FROM `class`  [ RunTime:0.0000s ]
INFO: [ view_parse ] --START--
INFO: [ template_filter ] --START--
INFO: Run Behavior\ContentReplaceBehavior [ RunTime:0.015600s ]
INFO: [ template_filter ] --END-- [ RunTime:0.015600s ]
NOTIC: [8] Use of undefined constant arrayLength - assumed 'arrayLength' D:\php\webapp\mytkp\Application\Runtime\Cache\Home\cd99c5d87f26ee8fde42d779325e469a.php 第 56 行.
INFO: Run Behavior\ParseTemplateBehavior [ RunTime:0.124800s ]
INFO: [ view_parse ] --END-- [ RunTime:0.124800s ]
INFO: [ view_filter ] --START--
INFO: Run Behavior\WriteHtmlCacheBehavior [ RunTime:0.000000s ]
INFO: [ view_filter ] --END-- [ RunTime:0.000000s ]
INFO: [ app_end ] --START--
INFO: Run Behavior\ShowPageTraceBehavior [ RunTime:0.000000s ]
INFO: [ app_end ] --END-- [ RunTime:0.015600s ]

[ 2016-06-18T15:35:37+08:00 ] 127.0.0.1 /mytkp/index.php/Home/Class/reg
INFO: [ app_init ] --START--
INFO: Run Behavior\BuildLiteBehavior [ RunTime:0.000000s ]
INFO: [ app_init ] --END-- [ RunTime:0.000000s ]
INFO: [ app_begin ] --START--
INFO: Run Behavior\ReadHtmlCacheBehavior [ RunTime:0.000000s ]
INFO: [ app_begin ] --END-- [ RunTime:0.000000s ]
SQL: SHOW COLUMNS FROM `class` [ RunTime:0.0000s ]
NOTIC: [8] Use of undefined constant aa - assumed 'aa' D:\php\webapp\mytkp\Application\Home\Controller\ClassController.class.php 第 35 行.
NOTIC: [8] Use of undefined constant bb - assumed 'bb' D:\php\webapp\mytkp\Application\Home\Controller\ClassController.class.php 第 35 行.
NOTIC: [8] Use of undefined constant cc - assumed 'cc' D:\php\webapp\mytkp\Application\Home\Controller\ClassController.class.php 第 35 行.
NOTIC: [8] Use of undefined constant dd - assumed 'dd' D:\php\webapp\mytkp\Application\Home\Controller\ClassController.class.php 第 35 行.
SQL: SELECT * FROM `class`  [ RunTime:0.0000s ]
INFO: [ view_parse ] --START--
INFO: [ template_filter ] --START--
INFO: Run Behavior\ContentReplaceBehavior [ RunTime:0.000000s ]
INFO: [ template_filter ] --END-- [ RunTime:0.000000s ]
INFO: Run Behavior\ParseTemplateBehavior [ RunTime:0.124800s ]
INFO: [ view_parse ] --END-- [ RunTime:0.124800s ]
INFO: [ view_filter ] --START--
INFO: Run Behavior\WriteHtmlCacheBehavior [ RunTime:0.000000s ]
INFO: [ view_filter ] --END-- [ RunTime:0.000000s ]
INFO: [ app_end ] --START--
INFO: Run Behavior\ShowPageTraceBehavior [ RunTime:0.000000s ]
INFO: [ app_end ] --END-- [ RunTime:0.000000s ]

[ 2016-06-18T15:35:55+08:00 ] 127.0.0.1 /mytkp/index.php/Home/Class/reg
INFO: [ app_init ] --START--
INFO: Run Behavior\BuildLiteBehavior [ RunTime:0.000000s ]
INFO: [ app_init ] --END-- [ RunTime:0.000000s ]
INFO: [ app_begin ] --START--
INFO: Run Behavior\ReadHtmlCacheBehavior [ RunTime:0.000000s ]
INFO: [ app_begin ] --END-- [ RunTime:0.000000s ]
SQL: SHOW COLUMNS FROM `class` [ RunTime:0.0000s ]
NOTIC: [8] Use of undefined constant aa - assumed 'aa' D:\php\webapp\mytkp\Application\Home\Controller\ClassController.class.php 第 35 行.
NOTIC: [8] Use of undefined constant bb - assumed 'bb' D:\php\webapp\mytkp\Application\Home\Controller\ClassController.class.php 第 35 行.
NOTIC: [8] Use of undefined constant cc - assumed 'cc' D:\php\webapp\mytkp\Application\Home\Controller\ClassController.class.php 第 35 行.
NOTIC: [8] Use of undefined constant dd - assumed 'dd' D:\php\webapp\mytkp\Application\Home\Controller\ClassController.class.php 第 35 行.
SQL: SELECT * FROM `class`  [ RunTime:0.0000s ]
INFO: [ view_parse ] --START--
INFO: [ template_filter ] --START--
INFO: Run Behavior\ContentReplaceBehavior [ RunTime:0.000000s ]
INFO: [ template_filter ] --END-- [ RunTime:0.000000s ]
INFO: Run Behavior\ParseTemplateBehavior [ RunTime:0.124801s ]
INFO: [ view_parse ] --END-- [ RunTime:0.140401s ]
INFO: [ view_filter ] --START--
INFO: Run Behavior\WriteHtmlCacheBehavior [ RunTime:0.000000s ]
INFO: [ view_filter ] --END-- [ RunTime:0.000000s ]
INFO: [ app_end ] --START--
INFO: Run Behavior\ShowPageTraceBehavior [ RunTime:0.000000s ]
INFO: [ app_end ] --END-- [ RunTime:0.000000s ]

[ 2016-06-18T15:36:24+08:00 ] 127.0.0.1 /mytkp/index.php/Home/Class/reg
INFO: [ app_init ] --START--
INFO: Run Behavior\BuildLiteBehavior [ RunTime:0.000000s ]
INFO: [ app_init ] --END-- [ RunTime:0.015600s ]
INFO: [ app_begin ] --START--
INFO: Run Behavior\ReadHtmlCacheBehavior [ RunTime:0.000000s ]
INFO: [ app_begin ] --END-- [ RunTime:0.000000s ]
SQL: SHOW COLUMNS FROM `class` [ RunTime:0.0000s ]
NOTIC: [8] Use of undefined constant aa - assumed 'aa' D:\php\webapp\mytkp\Application\Home\Controller\ClassController.class.php 第 35 行.
NOTIC: [8] Use of undefined constant bb - assumed 'bb' D:\php\webapp\mytkp\Application\Home\Controller\ClassController.class.php 第 35 行.
NOTIC: [8] Use of undefined constant cc - assumed 'cc' D:\php\webapp\mytkp\Application\Home\Controller\ClassController.class.php 第 35 行.
NOTIC: [8] Use of undefined constant dd - assumed 'dd' D:\php\webapp\mytkp\Application\Home\Controller\ClassController.class.php 第 35 行.
SQL: SELECT * FROM `class`  [ RunTime:0.0000s ]
INFO: [ view_parse ] --START--
INFO: [ template_filter ] --START--
INFO: Run Behavior\ContentReplaceBehavior [ RunTime:0.000000s ]
INFO: [ template_filter ] --END-- [ RunTime:0.000000s ]
INFO: Run Behavior\ParseTemplateBehavior [ RunTime:0.109201s ]
INFO: [ view_parse ] --END-- [ RunTime:0.124801s ]
INFO: [ view_filter ] --START--
INFO: Run Behavior\WriteHtmlCacheBehavior [ RunTime:0.000000s ]
INFO: [ view_filter ] --END-- [ RunTime:0.015600s ]
INFO: [ app_end ] --START--
INFO: Run Behavior\ShowPageTraceBehavior [ RunTime:0.000000s ]
INFO: [ app_end ] --END-- [ RunTime:0.000000s ]

[ 2016-06-18T15:45:52+08:00 ] 127.0.0.1 /mytkp/index.php/Home/Class/reg
INFO: [ app_init ] --START--
INFO: Run Behavior\BuildLiteBehavior [ RunTime:0.000000s ]
INFO: [ app_init ] --END-- [ RunTime:0.015600s ]
INFO: [ app_begin ] --START--
INFO: Run Behavior\ReadHtmlCacheBehavior [ RunTime:0.000000s ]
INFO: [ app_begin ] --END-- [ RunTime:0.000000s ]
SQL: SHOW COLUMNS FROM `class` [ RunTime:0.0050s ]
NOTIC: [8] Use of undefined constant aa - assumed 'aa' D:\php\webapp\mytkp\Application\Home\Controller\ClassController.class.php 第 35 行.
NOTIC: [8] Use of undefined constant bb - assumed 'bb' D:\php\webapp\mytkp\Application\Home\Controller\ClassController.class.php 第 35 行.
NOTIC: [8] Use of undefined constant cc - assumed 'cc' D:\php\webapp\mytkp\Application\Home\Controller\ClassController.class.php 第 35 行.
NOTIC: [8] Use of undefined constant dd - assumed 'dd' D:\php\webapp\mytkp\Application\Home\Controller\ClassController.class.php 第 35 行.
SQL: SELECT * FROM `class`  [ RunTime:0.0010s ]
INFO: [ view_parse ] --START--
INFO: [ template_filter ] --START--
INFO: Run Behavior\ContentReplaceBehavior [ RunTime:0.001001s ]
INFO: [ template_filter ] --END-- [ RunTime:0.003001s ]
INFO: Run Behavior\ParseTemplateBehavior [ RunTime:0.126007s ]
INFO: [ view_parse ] --END-- [ RunTime:0.128007s ]
INFO: [ view_filter ] --START--
INFO: Run Behavior\WriteHtmlCacheBehavior [ RunTime:0.002000s ]
INFO: [ view_filter ] --END-- [ RunTime:0.004000s ]
INFO: [ app_end ] --START--
INFO: Run Behavior\ShowPageTraceBehavior [ RunTime:0.002000s ]
INFO: [ app_end ] --END-- [ RunTime:0.004000s ]

[ 2016-06-18T15:46:33+08:00 ] 127.0.0.1 /mytkp/index.php/Home/Class/reg
INFO: [ app_init ] --START--
INFO: Run Behavior\BuildLiteBehavior [ RunTime:0.000000s ]
INFO: [ app_init ] --END-- [ RunTime:0.000000s ]
INFO: [ app_begin ] --START--
INFO: Run Behavior\ReadHtmlCacheBehavior [ RunTime:0.000000s ]
INFO: [ app_begin ] --END-- [ RunTime:0.000000s ]
SQL: SHOW COLUMNS FROM `class` [ RunTime:0.0000s ]
NOTIC: [8] Use of undefined constant aa - assumed 'aa' D:\php\webapp\mytkp\Application\Home\Controller\ClassController.class.php 第 35 行.
NOTIC: [8] Use of undefined constant bb - assumed 'bb' D:\php\webapp\mytkp\Application\Home\Controller\ClassController.class.php 第 35 行.
NOTIC: [8] Use of undefined constant cc - assumed 'cc' D:\php\webapp\mytkp\Application\Home\Controller\ClassController.class.php 第 35 行.
NOTIC: [8] Use of undefined constant dd - assumed 'dd' D:\php\webapp\mytkp\Application\Home\Controller\ClassController.class.php 第 35 行.
SQL: SELECT * FROM `class`  [ RunTime:0.0156s ]
INFO: [ view_parse ] --START--
INFO: [ template_filter ] --START--
INFO: Run Behavior\ContentReplaceBehavior [ RunTime:0.000000s ]
INFO: [ template_filter ] --END-- [ RunTime:0.000000s ]
INFO: Run Behavior\ParseTemplateBehavior [ RunTime:0.124800s ]
INFO: [ view_parse ] --END-- [ RunTime:0.124800s ]
INFO: [ view_filter ] --START--
INFO: Run Behavior\WriteHtmlCacheBehavior [ RunTime:0.000000s ]
INFO: [ view_filter ] --END-- [ RunTime:0.015600s ]
INFO: [ app_end ] --START--
INFO: Run Behavior\ShowPageTraceBehavior [ RunTime:0.000000s ]
INFO: [ app_end ] --END-- [ RunTime:0.000000s ]

[ 2016-06-18T15:47:02+08:00 ] 127.0.0.1 /mytkp/index.php/Home/Class/reg
INFO: [ app_init ] --START--
INFO: Run Behavior\BuildLiteBehavior [ RunTime:0.000000s ]
INFO: [ app_init ] --END-- [ RunTime:0.000000s ]
INFO: [ app_begin ] --START--
INFO: Run Behavior\ReadHtmlCacheBehavior [ RunTime:0.000000s ]
INFO: [ app_begin ] --END-- [ RunTime:0.000000s ]
SQL: SHOW COLUMNS FROM `class` [ RunTime:0.0000s ]
NOTIC: [8] Use of undefined constant aa - assumed 'aa' D:\php\webapp\mytkp\Application\Home\Controller\ClassController.class.php 第 35 行.
NOTIC: [8] Use of undefined constant bb - assumed 'bb' D:\php\webapp\mytkp\Application\Home\Controller\ClassController.class.php 第 35 行.
NOTIC: [8] Use of undefined constant cc - assumed 'cc' D:\php\webapp\mytkp\Application\Home\Controller\ClassController.class.php 第 35 行.
NOTIC: [8] Use of undefined constant dd - assumed 'dd' D:\php\webapp\mytkp\Application\Home\Controller\ClassController.class.php 第 35 行.
SQL: SELECT * FROM `class`  [ RunTime:0.0000s ]
INFO: [ view_parse ] --START--
INFO: [ template_filter ] --START--
INFO: Run Behavior\ContentReplaceBehavior [ RunTime:0.015600s ]
INFO: [ template_filter ] --END-- [ RunTime:0.015600s ]
INFO: Run Behavior\ParseTemplateBehavior [ RunTime:0.124800s ]
INFO: [ view_parse ] --END-- [ RunTime:0.124800s ]
INFO: [ view_filter ] --START--
INFO: Run Behavior\WriteHtmlCacheBehavior [ RunTime:0.000000s ]
INFO: [ view_filter ] --END-- [ RunTime:0.000000s ]
INFO: [ app_end ] --START--
INFO: Run Behavior\ShowPageTraceBehavior [ RunTime:0.000000s ]
INFO: [ app_end ] --END-- [ RunTime:0.015600s ]

[ 2016-06-18T16:42:54+08:00 ] 127.0.0.1 /mytkp/index.php/Home/Class/reg
INFO: [ app_init ] --START--
INFO: Run Behavior\BuildLiteBehavior [ RunTime:0.000000s ]
INFO: [ app_init ] --END-- [ RunTime:0.000000s ]
INFO: [ app_begin ] --START--
INFO: Run Behavior\ReadHtmlCacheBehavior [ RunTime:0.000000s ]
INFO: [ app_begin ] --END-- [ RunTime:0.000000s ]
SQL: SHOW COLUMNS FROM `class` [ RunTime:0.0000s ]
NOTIC: [8] Use of undefined constant aa - assumed 'aa' D:\php\webapp\mytkp\Application\Home\Controller\ClassController.class.php 第 35 行.
NOTIC: [8] Use of undefined constant bb - assumed 'bb' D:\php\webapp\mytkp\Application\Home\Controller\ClassController.class.php 第 35 行.
NOTIC: [8] Use of undefined constant cc - assumed 'cc' D:\php\webapp\mytkp\Application\Home\Controller\ClassController.class.php 第 35 行.
NOTIC: [8] Use of undefined constant dd - assumed 'dd' D:\php\webapp\mytkp\Application\Home\Controller\ClassController.class.php 第 35 行.
SQL: SELECT * FROM `class`  [ RunTime:0.0000s ]
INFO: [ view_parse ] --START--
INFO: [ template_filter ] --START--
INFO: Run Behavior\ContentReplaceBehavior [ RunTime:0.000000s ]
INFO: [ template_filter ] --END-- [ RunTime:0.000000s ]
INFO: Run Behavior\ParseTemplateBehavior [ RunTime:0.140401s ]
INFO: [ view_parse ] --END-- [ RunTime:0.140401s ]
INFO: [ view_filter ] --START--
INFO: Run Behavior\WriteHtmlCacheBehavior [ RunTime:0.000000s ]
INFO: [ view_filter ] --END-- [ RunTime:0.000000s ]
INFO: [ app_end ] --START--
INFO: Run Behavior\ShowPageTraceBehavior [ RunTime:0.015600s ]
INFO: [ app_end ] --END-- [ RunTime:0.015600s ]

[ 2016-06-18T16:43:46+08:00 ] 127.0.0.1 /mytkp/index.php/Home/Class/reg
INFO: [ app_init ] --START--
INFO: Run Behavior\BuildLiteBehavior [ RunTime:0.000000s ]
INFO: [ app_init ] --END-- [ RunTime:0.000000s ]
INFO: [ app_begin ] --START--
INFO: Run Behavior\ReadHtmlCacheBehavior [ RunTime:0.000000s ]
INFO: [ app_begin ] --END-- [ RunTime:0.015600s ]
SQL: SHOW COLUMNS FROM `class` [ RunTime:0.0000s ]
NOTIC: [8] Use of undefined constant aa - assumed 'aa' D:\php\webapp\mytkp\Application\Home\Controller\ClassController.class.php 第 35 行.
NOTIC: [8] Use of undefined constant bb - assumed 'bb' D:\php\webapp\mytkp\Application\Home\Controller\ClassController.class.php 第 35 行.
NOTIC: [8] Use of undefined constant cc - assumed 'cc' D:\php\webapp\mytkp\Application\Home\Controller\ClassController.class.php 第 35 行.
NOTIC: [8] Use of undefined constant dd - assumed 'dd' D:\php\webapp\mytkp\Application\Home\Controller\ClassController.class.php 第 35 行.
SQL: SELECT * FROM `class`  [ RunTime:0.0156s ]
INFO: [ view_parse ] --START--
INFO: [ template_filter ] --START--
INFO: Run Behavior\ContentReplaceBehavior [ RunTime:0.000000s ]
INFO: [ template_filter ] --END-- [ RunTime:0.000000s ]
INFO: Run Behavior\ParseTemplateBehavior [ RunTime:0.140400s ]
INFO: [ view_parse ] --END-- [ RunTime:0.140400s ]
INFO: [ view_filter ] --START--
INFO: Run Behavior\WriteHtmlCacheBehavior [ RunTime:0.000000s ]
INFO: [ view_filter ] --END-- [ RunTime:0.000000s ]
INFO: [ app_end ] --START--
INFO: Run Behavior\ShowPageTraceBehavior [ RunTime:0.000000s ]
INFO: [ app_end ] --END-- [ RunTime:0.015600s ]

[ 2016-06-18T16:43:48+08:00 ] 127.0.0.1 /mytkp/index.php/Home/Class/reg
INFO: [ app_init ] --START--
INFO: Run Behavior\BuildLiteBehavior [ RunTime:0.000000s ]
INFO: [ app_init ] --END-- [ RunTime:0.000000s ]
INFO: [ app_begin ] --START--
INFO: Run Behavior\ReadHtmlCacheBehavior [ RunTime:0.000000s ]
INFO: [ app_begin ] --END-- [ RunTime:0.015600s ]
SQL: SHOW COLUMNS FROM `class` [ RunTime:0.0000s ]
NOTIC: [8] Use of undefined constant aa - assumed 'aa' D:\php\webapp\mytkp\Application\Home\Controller\ClassController.class.php 第 35 行.
NOTIC: [8] Use of undefined constant bb - assumed 'bb' D:\php\webapp\mytkp\Application\Home\Controller\ClassController.class.php 第 35 行.
NOTIC: [8] Use of undefined constant cc - assumed 'cc' D:\php\webapp\mytkp\Application\Home\Controller\ClassController.class.php 第 35 行.
NOTIC: [8] Use of undefined constant dd - assumed 'dd' D:\php\webapp\mytkp\Application\Home\Controller\ClassController.class.php 第 35 行.
SQL: SELECT * FROM `class`  [ RunTime:0.0000s ]
INFO: [ view_parse ] --START--
INFO: [ template_filter ] --START--
INFO: Run Behavior\ContentReplaceBehavior [ RunTime:0.000000s ]
INFO: [ template_filter ] --END-- [ RunTime:0.000000s ]
INFO: Run Behavior\ParseTemplateBehavior [ RunTime:0.140400s ]
INFO: [ view_parse ] --END-- [ RunTime:0.140400s ]
INFO: [ view_filter ] --START--
INFO: Run Behavior\WriteHtmlCacheBehavior [ RunTime:0.000000s ]
INFO: [ view_filter ] --END-- [ RunTime:0.000000s ]
INFO: [ app_end ] --START--
INFO: Run Behavior\ShowPageTraceBehavior [ RunTime:0.000000s ]
INFO: [ app_end ] --END-- [ RunTime:0.000000s ]

[ 2016-06-18T16:44:09+08:00 ] 127.0.0.1 /mytkp/index.php/Home/Class/reg
INFO: [ app_init ] --START--
INFO: Run Behavior\BuildLiteBehavior [ RunTime:0.000000s ]
INFO: [ app_init ] --END-- [ RunTime:0.000000s ]
INFO: [ app_begin ] --START--
INFO: Run Behavior\ReadHtmlCacheBehavior [ RunTime:0.000000s ]
INFO: [ app_begin ] --END-- [ RunTime:0.015600s ]
SQL: SHOW COLUMNS FROM `class` [ RunTime:0.0000s ]
NOTIC: [8] Use of undefined constant aa - assumed 'aa' D:\php\webapp\mytkp\Application\Home\Controller\ClassController.class.php 第 35 行.
NOTIC: [8] Use of undefined constant bb - assumed 'bb' D:\php\webapp\mytkp\Application\Home\Controller\ClassController.class.php 第 35 行.
NOTIC: [8] Use of undefined constant cc - assumed 'cc' D:\php\webapp\mytkp\Application\Home\Controller\ClassController.class.php 第 35 行.
NOTIC: [8] Use of undefined constant dd - assumed 'dd' D:\php\webapp\mytkp\Application\Home\Controller\ClassController.class.php 第 35 行.
SQL: SELECT * FROM `class`  [ RunTime:0.0000s ]
INFO: [ view_parse ] --START--
INFO: [ template_filter ] --START--
INFO: Run Behavior\ContentReplaceBehavior [ RunTime:0.000000s ]
INFO: [ template_filter ] --END-- [ RunTime:0.000000s ]
INFO: Run Behavior\ParseTemplateBehavior [ RunTime:0.140400s ]
INFO: [ view_parse ] --END-- [ RunTime:0.140400s ]
INFO: [ view_filter ] --START--
INFO: Run Behavior\WriteHtmlCacheBehavior [ RunTime:0.000000s ]
INFO: [ view_filter ] --END-- [ RunTime:0.000000s ]
INFO: [ app_end ] --START--
INFO: Run Behavior\ShowPageTraceBehavior [ RunTime:0.000000s ]
INFO: [ app_end ] --END-- [ RunTime:0.000000s ]

[ 2016-06-18T16:47:38+08:00 ] 127.0.0.1 /mytkp/index.php/Home/Class/reg
INFO: [ app_init ] --START--
INFO: Run Behavior\BuildLiteBehavior [ RunTime:0.000000s ]
INFO: [ app_init ] --END-- [ RunTime:0.000000s ]
INFO: [ app_begin ] --START--
INFO: Run Behavior\ReadHtmlCacheBehavior [ RunTime:0.000000s ]
INFO: [ app_begin ] --END-- [ RunTime:0.000000s ]
SQL: SHOW COLUMNS FROM `class` [ RunTime:0.0000s ]
NOTIC: [8] Use of undefined constant aa - assumed 'aa' D:\php\webapp\mytkp\Application\Home\Controller\ClassController.class.php 第 35 行.
NOTIC: [8] Use of undefined constant bb - assumed 'bb' D:\php\webapp\mytkp\Application\Home\Controller\ClassController.class.php 第 35 行.
NOTIC: [8] Use of undefined constant cc - assumed 'cc' D:\php\webapp\mytkp\Application\Home\Controller\ClassController.class.php 第 35 行.
NOTIC: [8] Use of undefined constant dd - assumed 'dd' D:\php\webapp\mytkp\Application\Home\Controller\ClassController.class.php 第 35 行.
SQL: SELECT * FROM `class`  [ RunTime:0.0000s ]
INFO: [ view_parse ] --START--
INFO: [ template_filter ] --START--
INFO: Run Behavior\ContentReplaceBehavior [ RunTime:0.000000s ]
INFO: [ template_filter ] --END-- [ RunTime:0.000000s ]
INFO: Run Behavior\ParseTemplateBehavior [ RunTime:0.156000s ]
INFO: [ view_parse ] --END-- [ RunTime:0.156000s ]
INFO: [ view_filter ] --START--
INFO: Run Behavior\WriteHtmlCacheBehavior [ RunTime:0.000000s ]
INFO: [ view_filter ] --END-- [ RunTime:0.000000s ]
INFO: [ app_end ] --START--
INFO: Run Behavior\ShowPageTraceBehavior [ RunTime:0.000000s ]
INFO: [ app_end ] --END-- [ RunTime:0.000000s ]

[ 2016-06-18T16:48:25+08:00 ] 127.0.0.1 /mytkp/index.php/Home/Class/reg
INFO: [ app_init ] --START--
INFO: Run Behavior\BuildLiteBehavior [ RunTime:0.000000s ]
INFO: [ app_init ] --END-- [ RunTime:0.000000s ]
INFO: [ app_begin ] --START--
INFO: Run Behavior\ReadHtmlCacheBehavior [ RunTime:0.000000s ]
INFO: [ app_begin ] --END-- [ RunTime:0.000000s ]
SQL: SHOW COLUMNS FROM `class` [ RunTime:0.0000s ]
NOTIC: [8] Use of undefined constant aa - assumed 'aa' D:\php\webapp\mytkp\Application\Home\Controller\ClassController.class.php 第 35 行.
NOTIC: [8] Use of undefined constant bb - assumed 'bb' D:\php\webapp\mytkp\Application\Home\Controller\ClassController.class.php 第 35 行.
NOTIC: [8] Use of undefined constant cc - assumed 'cc' D:\php\webapp\mytkp\Application\Home\Controller\ClassController.class.php 第 35 行.
NOTIC: [8] Use of undefined constant dd - assumed 'dd' D:\php\webapp\mytkp\Application\Home\Controller\ClassController.class.php 第 35 行.
SQL: SELECT * FROM `class`  [ RunTime:0.0000s ]
INFO: [ view_parse ] --START--
INFO: [ template_filter ] --START--
INFO: Run Behavior\ContentReplaceBehavior [ RunTime:0.000000s ]
INFO: [ template_filter ] --END-- [ RunTime:0.000000s ]
INFO: Run Behavior\ParseTemplateBehavior [ RunTime:0.140401s ]
INFO: [ view_parse ] --END-- [ RunTime:0.140401s ]
INFO: [ view_filter ] --START--
INFO: Run Behavior\WriteHtmlCacheBehavior [ RunTime:0.000000s ]
INFO: [ view_filter ] --END-- [ RunTime:0.000000s ]
INFO: [ app_end ] --START--
INFO: Run Behavior\ShowPageTraceBehavior [ RunTime:0.000000s ]
INFO: [ app_end ] --END-- [ RunTime:0.000000s ]

[ 2016-06-18T16:48:27+08:00 ] 127.0.0.1 /mytkp/index.php/Home/Class/reg
INFO: [ app_init ] --START--
INFO: Run Behavior\BuildLiteBehavior [ RunTime:0.000000s ]
INFO: [ app_init ] --END-- [ RunTime:0.000000s ]
INFO: [ app_begin ] --START--
INFO: Run Behavior\ReadHtmlCacheBehavior [ RunTime:0.000000s ]
INFO: [ app_begin ] --END-- [ RunTime:0.000000s ]
SQL: SHOW COLUMNS FROM `class` [ RunTime:0.0000s ]
NOTIC: [8] Use of undefined constant aa - assumed 'aa' D:\php\webapp\mytkp\Application\Home\Controller\ClassController.class.php 第 35 行.
NOTIC: [8] Use of undefined constant bb - assumed 'bb' D:\php\webapp\mytkp\Application\Home\Controller\ClassController.class.php 第 35 行.
NOTIC: [8] Use of undefined constant cc - assumed 'cc' D:\php\webapp\mytkp\Application\Home\Controller\ClassController.class.php 第 35 行.
NOTIC: [8] Use of undefined constant dd - assumed 'dd' D:\php\webapp\mytkp\Application\Home\Controller\ClassController.class.php 第 35 行.
SQL: SELECT * FROM `class`  [ RunTime:0.0000s ]
INFO: [ view_parse ] --START--
INFO: [ template_filter ] --START--
INFO: Run Behavior\ContentReplaceBehavior [ RunTime:0.015600s ]
INFO: [ template_filter ] --END-- [ RunTime:0.015600s ]
INFO: Run Behavior\ParseTemplateBehavior [ RunTime:0.124800s ]
INFO: [ view_parse ] --END-- [ RunTime:0.124800s ]
INFO: [ view_filter ] --START--
INFO: Run Behavior\WriteHtmlCacheBehavior [ RunTime:0.000000s ]
INFO: [ view_filter ] --END-- [ RunTime:0.000000s ]
INFO: [ app_end ] --START--
INFO: Run Behavior\ShowPageTraceBehavior [ RunTime:0.000000s ]
INFO: [ app_end ] --END-- [ RunTime:0.000000s ]

[ 2016-06-18T16:49:20+08:00 ] 127.0.0.1 /mytkp/index.php/Home/Class/reg
INFO: [ app_init ] --START--
INFO: Run Behavior\BuildLiteBehavior [ RunTime:0.000000s ]
INFO: [ app_init ] --END-- [ RunTime:0.000000s ]
INFO: [ app_begin ] --START--
INFO: Run Behavior\ReadHtmlCacheBehavior [ RunTime:0.000000s ]
INFO: [ app_begin ] --END-- [ RunTime:0.000000s ]
SQL: SHOW COLUMNS FROM `class` [ RunTime:0.0000s ]
NOTIC: [8] Use of undefined constant aa - assumed 'aa' D:\php\webapp\mytkp\Application\Home\Controller\ClassController.class.php 第 35 行.
NOTIC: [8] Use of undefined constant bb - assumed 'bb' D:\php\webapp\mytkp\Application\Home\Controller\ClassController.class.php 第 35 行.
NOTIC: [8] Use of undefined constant cc - assumed 'cc' D:\php\webapp\mytkp\Application\Home\Controller\ClassController.class.php 第 35 行.
NOTIC: [8] Use of undefined constant dd - assumed 'dd' D:\php\webapp\mytkp\Application\Home\Controller\ClassController.class.php 第 35 行.
SQL: SELECT * FROM `class`  [ RunTime:0.0000s ]
INFO: [ view_parse ] --START--
INFO: [ template_filter ] --START--
INFO: Run Behavior\ContentReplaceBehavior [ RunTime:0.000000s ]
INFO: [ template_filter ] --END-- [ RunTime:0.000000s ]
INFO: Run Behavior\ParseTemplateBehavior [ RunTime:0.140400s ]
INFO: [ view_parse ] --END-- [ RunTime:0.140400s ]
INFO: [ view_filter ] --START--
INFO: Run Behavior\WriteHtmlCacheBehavior [ RunTime:0.000000s ]
INFO: [ view_filter ] --END-- [ RunTime:0.000000s ]
INFO: [ app_end ] --START--
INFO: Run Behavior\ShowPageTraceBehavior [ RunTime:0.000000s ]
INFO: [ app_end ] --END-- [ RunTime:0.000000s ]

[ 2016-06-18T17:02:41+08:00 ] 127.0.0.1 /mytkp/index.php/Home/Class/reg
INFO: [ app_init ] --START--
INFO: Run Behavior\BuildLiteBehavior [ RunTime:0.000000s ]
INFO: [ app_init ] --END-- [ RunTime:0.000000s ]
INFO: [ app_begin ] --START--
INFO: Run Behavior\ReadHtmlCacheBehavior [ RunTime:0.000000s ]
INFO: [ app_begin ] --END-- [ RunTime:0.015600s ]
SQL: SHOW COLUMNS FROM `class` [ RunTime:0.0000s ]
NOTIC: [8] Use of undefined constant aa - assumed 'aa' D:\php\webapp\mytkp\Application\Home\Controller\ClassController.class.php 第 35 行.
NOTIC: [8] Use of undefined constant bb - assumed 'bb' D:\php\webapp\mytkp\Application\Home\Controller\ClassController.class.php 第 35 行.
NOTIC: [8] Use of undefined constant cc - assumed 'cc' D:\php\webapp\mytkp\Application\Home\Controller\ClassController.class.php 第 35 行.
NOTIC: [8] Use of undefined constant dd - assumed 'dd' D:\php\webapp\mytkp\Application\Home\Controller\ClassController.class.php 第 35 行.
SQL: SELECT * FROM `class`  [ RunTime:0.0000s ]
INFO: [ view_parse ] --START--
INFO: [ template_filter ] --START--
INFO: Run Behavior\ContentReplaceBehavior [ RunTime:0.000000s ]
INFO: [ template_filter ] --END-- [ RunTime:0.000000s ]
INFO: Run Behavior\ParseTemplateBehavior [ RunTime:0.124800s ]
INFO: [ view_parse ] --END-- [ RunTime:0.140401s ]
INFO: [ view_filter ] --START--
INFO: Run Behavior\WriteHtmlCacheBehavior [ RunTime:0.000000s ]
INFO: [ view_filter ] --END-- [ RunTime:0.000000s ]
INFO: [ app_end ] --START--
INFO: Run Behavior\ShowPageTraceBehavior [ RunTime:0.000000s ]
INFO: [ app_end ] --END-- [ RunTime:0.000000s ]

[ 2016-06-18T17:03:54+08:00 ] 127.0.0.1 /mytkp/index.php/Home/Class/reg
INFO: [ app_init ] --START--
INFO: Run Behavior\BuildLiteBehavior [ RunTime:0.000000s ]
INFO: [ app_init ] --END-- [ RunTime:0.000000s ]
INFO: [ app_begin ] --START--
INFO: Run Behavior\ReadHtmlCacheBehavior [ RunTime:0.000000s ]
INFO: [ app_begin ] --END-- [ RunTime:0.000000s ]
SQL: SHOW COLUMNS FROM `class` [ RunTime:0.0000s ]
NOTIC: [8] Use of undefined constant aa - assumed 'aa' D:\php\webapp\mytkp\Application\Home\Controller\ClassController.class.php 第 35 行.
NOTIC: [8] Use of undefined constant bb - assumed 'bb' D:\php\webapp\mytkp\Application\Home\Controller\ClassController.class.php 第 35 行.
NOTIC: [8] Use of undefined constant cc - assumed 'cc' D:\php\webapp\mytkp\Application\Home\Controller\ClassController.class.php 第 35 行.
NOTIC: [8] Use of undefined constant dd - assumed 'dd' D:\php\webapp\mytkp\Application\Home\Controller\ClassController.class.php 第 35 行.
SQL: SELECT * FROM `class`  [ RunTime:0.0000s ]
INFO: [ view_parse ] --START--
INFO: [ template_filter ] --START--
INFO: Run Behavior\ContentReplaceBehavior [ RunTime:0.000000s ]
INFO: [ template_filter ] --END-- [ RunTime:0.000000s ]
INFO: Run Behavior\ParseTemplateBehavior [ RunTime:0.140401s ]
INFO: [ view_parse ] --END-- [ RunTime:0.140401s ]
INFO: [ view_filter ] --START--
INFO: Run Behavior\WriteHtmlCacheBehavior [ RunTime:0.000000s ]
INFO: [ view_filter ] --END-- [ RunTime:0.000000s ]
INFO: [ app_end ] --START--
INFO: Run Behavior\ShowPageTraceBehavior [ RunTime:0.000000s ]
INFO: [ app_end ] --END-- [ RunTime:0.000000s ]

[ 2016-06-18T17:04:11+08:00 ] 127.0.0.1 /mytkp/index.php/Home/Class/reg
INFO: [ app_init ] --START--
INFO: Run Behavior\BuildLiteBehavior [ RunTime:0.000000s ]
INFO: [ app_init ] --END-- [ RunTime:0.000000s ]
INFO: [ app_begin ] --START--
INFO: Run Behavior\ReadHtmlCacheBehavior [ RunTime:0.015600s ]
INFO: [ app_begin ] --END-- [ RunTime:0.015600s ]
SQL: SHOW COLUMNS FROM `class` [ RunTime:0.0000s ]
NOTIC: [8] Use of undefined constant aa - assumed 'aa' D:\php\webapp\mytkp\Application\Home\Controller\ClassController.class.php 第 35 行.
NOTIC: [8] Use of undefined constant bb - assumed 'bb' D:\php\webapp\mytkp\Application\Home\Controller\ClassController.class.php 第 35 行.
NOTIC: [8] Use of undefined constant cc - assumed 'cc' D:\php\webapp\mytkp\Application\Home\Controller\ClassController.class.php 第 35 行.
NOTIC: [8] Use of undefined constant dd - assumed 'dd' D:\php\webapp\mytkp\Application\Home\Controller\ClassController.class.php 第 35 行.
SQL: SELECT * FROM `class`  [ RunTime:0.0156s ]
INFO: [ view_parse ] --START--
INFO: [ template_filter ] --START--
INFO: Run Behavior\ContentReplaceBehavior [ RunTime:0.000000s ]
INFO: [ template_filter ] --END-- [ RunTime:0.000000s ]
INFO: Run Behavior\ParseTemplateBehavior [ RunTime:0.140401s ]
INFO: [ view_parse ] --END-- [ RunTime:0.140401s ]
INFO: [ view_filter ] --START--
INFO: Run Behavior\WriteHtmlCacheBehavior [ RunTime:0.000000s ]
INFO: [ view_filter ] --END-- [ RunTime:0.015600s ]
INFO: [ app_end ] --START--
INFO: Run Behavior\ShowPageTraceBehavior [ RunTime:0.000000s ]
INFO: [ app_end ] --END-- [ RunTime:0.000000s ]

[ 2016-06-18T17:04:32+08:00 ] 127.0.0.1 /mytkp/index.php/Home/Class/reg
INFO: [ app_init ] --START--
INFO: Run Behavior\BuildLiteBehavior [ RunTime:0.000000s ]
INFO: [ app_init ] --END-- [ RunTime:0.000000s ]
INFO: [ app_begin ] --START--
INFO: Run Behavior\ReadHtmlCacheBehavior [ RunTime:0.000000s ]
INFO: [ app_begin ] --END-- [ RunTime:0.000000s ]
SQL: SHOW COLUMNS FROM `class` [ RunTime:0.0000s ]
NOTIC: [8] Use of undefined constant aa - assumed 'aa' D:\php\webapp\mytkp\Application\Home\Controller\ClassController.class.php 第 35 行.
NOTIC: [8] Use of undefined constant bb - assumed 'bb' D:\php\webapp\mytkp\Application\Home\Controller\ClassController.class.php 第 35 行.
NOTIC: [8] Use of undefined constant cc - assumed 'cc' D:\php\webapp\mytkp\Application\Home\Controller\ClassController.class.php 第 35 行.
NOTIC: [8] Use of undefined constant dd - assumed 'dd' D:\php\webapp\mytkp\Application\Home\Controller\ClassController.class.php 第 35 行.
SQL: SELECT * FROM `class`  [ RunTime:0.0000s ]
INFO: [ view_parse ] --START--
INFO: [ template_filter ] --START--
INFO: Run Behavior\ContentReplaceBehavior [ RunTime:0.000000s ]
INFO: [ template_filter ] --END-- [ RunTime:0.000000s ]
INFO: Run Behavior\ParseTemplateBehavior [ RunTime:0.124800s ]
INFO: [ view_parse ] --END-- [ RunTime:0.156000s ]
INFO: [ view_filter ] --START--
INFO: Run Behavior\WriteHtmlCacheBehavior [ RunTime:0.000000s ]
INFO: [ view_filter ] --END-- [ RunTime:0.000000s ]
INFO: [ app_end ] --START--
INFO: Run Behavior\ShowPageTraceBehavior [ RunTime:0.000000s ]
INFO: [ app_end ] --END-- [ RunTime:0.000000s ]

[ 2016-06-18T17:04:46+08:00 ] 127.0.0.1 /mytkp/index.php/Home/Class/reg
INFO: [ app_init ] --START--
INFO: Run Behavior\BuildLiteBehavior [ RunTime:0.000000s ]
INFO: [ app_init ] --END-- [ RunTime:0.000000s ]
INFO: [ app_begin ] --START--
INFO: Run Behavior\ReadHtmlCacheBehavior [ RunTime:0.000000s ]
INFO: [ app_begin ] --END-- [ RunTime:0.000000s ]
SQL: SHOW COLUMNS FROM `class` [ RunTime:0.0000s ]
NOTIC: [8] Use of undefined constant aa - assumed 'aa' D:\php\webapp\mytkp\Application\Home\Controller\ClassController.class.php 第 35 行.
NOTIC: [8] Use of undefined constant bb - assumed 'bb' D:\php\webapp\mytkp\Application\Home\Controller\ClassController.class.php 第 35 行.
NOTIC: [8] Use of undefined constant cc - assumed 'cc' D:\php\webapp\mytkp\Application\Home\Controller\ClassController.class.php 第 35 行.
NOTIC: [8] Use of undefined constant dd - assumed 'dd' D:\php\webapp\mytkp\Application\Home\Controller\ClassController.class.php 第 35 行.
SQL: SELECT * FROM `class`  [ RunTime:0.0000s ]
INFO: [ view_parse ] --START--
INFO: [ template_filter ] --START--
INFO: Run Behavior\ContentReplaceBehavior [ RunTime:0.000000s ]
INFO: [ template_filter ] --END-- [ RunTime:0.000000s ]
INFO: Run Behavior\ParseTemplateBehavior [ RunTime:0.140400s ]
INFO: [ view_parse ] --END-- [ RunTime:0.140400s ]
INFO: [ view_filter ] --START--
INFO: Run Behavior\WriteHtmlCacheBehavior [ RunTime:0.000000s ]
INFO: [ view_filter ] --END-- [ RunTime:0.000000s ]
INFO: [ app_end ] --START--
INFO: Run Behavior\ShowPageTraceBehavior [ RunTime:0.000000s ]
INFO: [ app_end ] --END-- [ RunTime:0.000000s ]

